<?xml version="1.0" encoding="utf-8"?>
<test-run id="0" testcasecount="108" result="Failed" total="108" passed="5" failed="98" inconclusive="0" skipped="5" asserts="29" portable-engine-version="3.3.0.0" start-time="2016-08-02 15:59:03Z" end-time="2016-08-02 15:59:03Z" duration="0.734387">
  <test-suite type="Assembly" id="1123" name="log4net.Tests, Version=1.0.0.0, Culture=neutral, PublicKeyToken=null" fullname="log4net.Tests, Version=1.0.0.0, Culture=neutral, PublicKeyToken=null" runstate="Runnable" testcasecount="108" result="Failed" site="Child" start-time="2016-08-02 15:59:03Z" end-time="2016-08-02 15:59:03Z" duration="0.514810" total="108" passed="5" failed="98" inconclusive="0" skipped="5" asserts="29">
    <settings>
      <setting name="WorkDirectory" value="C:\src\log4net\tests\log4net.Tests" />
    </settings>
    <failure>
      <message><![CDATA[One or more child tests had errors]]></message>
    </failure>
    <test-suite type="TestSuite" id="1124" name="log4net" fullname="log4net" runstate="Runnable" testcasecount="108" result="Failed" site="Child" start-time="2016-08-02 15:59:03Z" end-time="2016-08-02 15:59:03Z" duration="0.506801" total="108" passed="5" failed="98" inconclusive="0" skipped="5" asserts="29">
      <failure>
        <message><![CDATA[One or more child tests had errors]]></message>
      </failure>
      <test-suite type="TestSuite" id="1125" name="Tests" fullname="log4net.Tests" runstate="Runnable" testcasecount="108" result="Failed" site="Child" start-time="2016-08-02 15:59:03Z" end-time="2016-08-02 15:59:03Z" duration="0.506576" total="108" passed="5" failed="98" inconclusive="0" skipped="5" asserts="29">
        <failure>
          <message><![CDATA[One or more child tests had errors]]></message>
        </failure>
        <test-suite type="TestSuite" id="1132" name="Appender" fullname="log4net.Tests.Appender" runstate="Runnable" testcasecount="50" result="Failed" site="Child" start-time="2016-08-02 15:59:03Z" end-time="2016-08-02 15:59:03Z" duration="0.270393" total="50" passed="2" failed="43" inconclusive="0" skipped="5" asserts="6">
          <failure>
            <message><![CDATA[One or more child tests had errors]]></message>
          </failure>
          <test-suite type="TestFixture" id="1069" name="AppenderCollectionTest" fullname="log4net.Tests.Appender.AppenderCollectionTest" classname="log4net.Tests.Appender.AppenderCollectionTest" runstate="Runnable" testcasecount="2" result="Passed" start-time="2016-08-02 15:59:03Z" end-time="2016-08-02 15:59:03Z" duration="0.048521" total="2" passed="2" failed="0" inconclusive="0" skipped="0" asserts="4">
            <test-case id="1071" name="ReadOnlyToArrayTest" fullname="log4net.Tests.Appender.AppenderCollectionTest.ReadOnlyToArrayTest" methodname="ReadOnlyToArrayTest" classname="log4net.Tests.Appender.AppenderCollectionTest" runstate="Runnable" seed="604122033" result="Passed" start-time="2016-08-02 15:59:03Z" end-time="2016-08-02 15:59:03Z" duration="0.015438" asserts="2" />
            <test-case id="1070" name="ToArrayTest" fullname="log4net.Tests.Appender.AppenderCollectionTest.ToArrayTest" methodname="ToArrayTest" classname="log4net.Tests.Appender.AppenderCollectionTest" runstate="Runnable" seed="2000636721" result="Passed" start-time="2016-08-02 15:59:03Z" end-time="2016-08-02 15:59:03Z" duration="0.000266" asserts="2" />
          </test-suite>
          <test-suite type="TestFixture" id="1072" name="BufferingAppenderTest" fullname="log4net.Tests.Appender.BufferingAppenderTest" classname="log4net.Tests.Appender.BufferingAppenderTest" runstate="Runnable" testcasecount="2" result="Failed" site="Child" start-time="2016-08-02 15:59:03Z" end-time="2016-08-02 15:59:03Z" duration="0.049609" total="2" passed="0" failed="2" inconclusive="0" skipped="0" asserts="2">
            <failure>
              <message><![CDATA[One or more child tests had errors]]></message>
            </failure>
            <test-case id="1074" name="TestBufferSize5" fullname="log4net.Tests.Appender.BufferingAppenderTest.TestBufferSize5" methodname="TestBufferSize5" classname="log4net.Tests.Appender.BufferingAppenderTest" runstate="Runnable" seed="1712858740" result="Failed" label="Error" start-time="2016-08-02 15:59:03Z" end-time="2016-08-02 15:59:03Z" duration="0.045047" asserts="1">
              <failure>
                <message><![CDATA[System.Collections.Generic.KeyNotFoundException : The given key was not present in the dictionary.]]></message>
                <stack-trace><![CDATA[   at System.Collections.Generic.Dictionary`2.get_Item(TKey key)
   at log4net.Repository.Hierarchy.Hierarchy.GetLogger(String name, ILoggerFactory factory) in C:\src\log4net\src\log4net\Repository\Hierarchy\Hierarchy.cs:line 694
   at log4net.Repository.Hierarchy.Hierarchy.GetLogger(String name) in C:\src\log4net\src\log4net\Repository\Hierarchy\Hierarchy.cs:line 356
   at log4net.Tests.Appender.BufferingAppenderTest.TestBufferSize5() in C:\src\log4net\tests\log4net.Tests\Appender\BufferingAppenderTest.cs:line 92]]></stack-trace>
              </failure>
            </test-case>
            <test-case id="1073" name="TestSetupAppender" fullname="log4net.Tests.Appender.BufferingAppenderTest.TestSetupAppender" methodname="TestSetupAppender" classname="log4net.Tests.Appender.BufferingAppenderTest" runstate="Runnable" seed="989141946" result="Failed" label="Error" start-time="2016-08-02 15:59:03Z" end-time="2016-08-02 15:59:03Z" duration="0.001944" asserts="1">
              <failure>
                <message><![CDATA[System.Collections.Generic.KeyNotFoundException : The given key was not present in the dictionary.]]></message>
                <stack-trace><![CDATA[   at System.Collections.Generic.Dictionary`2.get_Item(TKey key)
   at log4net.Repository.Hierarchy.Hierarchy.GetLogger(String name, ILoggerFactory factory) in C:\src\log4net\src\log4net\Repository\Hierarchy\Hierarchy.cs:line 694
   at log4net.Repository.Hierarchy.Hierarchy.GetLogger(String name) in C:\src\log4net\src\log4net\Repository\Hierarchy\Hierarchy.cs:line 356
   at log4net.Tests.Appender.BufferingAppenderTest.TestSetupAppender() in C:\src\log4net\tests\log4net.Tests\Appender\BufferingAppenderTest.cs:line 74]]></stack-trace>
              </failure>
            </test-case>
          </test-suite>
          <test-suite type="TestFixture" id="1121" name="RollingFileAppenderSubClassTest" fullname="log4net.Tests.Appender.RollingFileAppenderSubClassTest" classname="log4net.Tests.Appender.RollingFileAppenderSubClassTest" runstate="Runnable" testcasecount="1" result="Failed" site="Child" start-time="2016-08-02 15:59:03Z" end-time="2016-08-02 15:59:03Z" duration="0.008778" total="1" passed="0" failed="1" inconclusive="0" skipped="0" asserts="0">
            <failure>
              <message><![CDATA[One or more child tests had errors]]></message>
            </failure>
            <test-case id="1122" name="TestComputeCheckPeriod" fullname="log4net.Tests.Appender.RollingFileAppenderSubClassTest.TestComputeCheckPeriod" methodname="TestComputeCheckPeriod" classname="log4net.Tests.Appender.RollingFileAppenderSubClassTest" runstate="Runnable" seed="32972279" result="Failed" label="Error" start-time="2016-08-02 15:59:03Z" end-time="2016-08-02 15:59:03Z" duration="0.002039" asserts="0">
              <failure>
                <message><![CDATA[System.NullReferenceException : Object reference not set to an instance of an object.]]></message>
                <stack-trace><![CDATA[   at log4net.Tests.Utils.InvokeMethod(Object target, String name, Object[] args) in C:\src\log4net\tests\log4net.Tests\Utils.cs:line 53
   at log4net.Tests.Appender.RollingFileAppenderSubClassTest.InvokeComputeCheckPeriod(RollingFileAppender rollingFileAppender, String datePattern) in C:\src\log4net\tests\log4net.Tests\Appender\RollingFileAppenderTest.cs:line 1998
   at log4net.Tests.Appender.RollingFileAppenderSubClassTest.TestComputeCheckPeriod() in C:\src\log4net\tests\log4net.Tests\Appender\RollingFileAppenderTest.cs:line 1986]]></stack-trace>
              </failure>
            </test-case>
          </test-suite>
          <test-suite type="TestFixture" id="1075" name="RollingFileAppenderTest" fullname="log4net.Tests.Appender.RollingFileAppenderTest" classname="log4net.Tests.Appender.RollingFileAppenderTest" runstate="Runnable" testcasecount="45" result="Failed" site="Child" start-time="2016-08-02 15:59:03Z" end-time="2016-08-02 15:59:03Z" duration="0.160532" total="45" passed="0" failed="40" inconclusive="0" skipped="5" asserts="0">
            <failure>
              <message><![CDATA[One or more child tests had errors]]></message>
            </failure>
            <test-case id="1112" name="TestDefaultLockingModel" fullname="log4net.Tests.Appender.RollingFileAppenderTest.TestDefaultLockingModel" methodname="TestDefaultLockingModel" classname="log4net.Tests.Appender.RollingFileAppenderTest" runstate="Runnable" seed="324846755" result="Failed" label="Error" start-time="2016-08-02 15:59:03Z" end-time="2016-08-02 15:59:03Z" duration="0.009916" asserts="0">
              <failure>
                <message><![CDATA[System.Collections.Generic.KeyNotFoundException : The given key was not present in the dictionary.
TearDown : System.Collections.Generic.KeyNotFoundException : The given key was not present in the dictionary.]]></message>
                <stack-trace><![CDATA[   at System.Collections.Generic.Dictionary`2.get_Item(TKey key)
   at log4net.Core.CompactRepositorySelector.CreateRepository(Assembly assembly, Type repositoryType) in C:\src\log4net\src\log4net\Core\CompactRepositorySelector.cs:line 185
   at log4net.Core.CompactRepositorySelector.GetRepository(Assembly assembly) in C:\src\log4net\src\log4net\Core\CompactRepositorySelector.cs:line 115
   at log4net.Core.LoggerManager.GetRepository(Assembly repositoryAssembly) in C:\src\log4net\src\log4net\Core\LoggerManager.cs:line 242
   at log4net.LogManager.GetRepository(Assembly repositoryAssembly) in C:\src\log4net\src\log4net\LogManager.cs:line 543
   at log4net.LogManager.GetRepository() in C:\src\log4net\src\log4net\LogManager.cs:line 511
   at log4net.Tests.Appender.RollingFileAppenderTest.ResetAndDeleteTestFiles() in C:\src\log4net\tests\log4net.Tests\Appender\RollingFileAppenderTest.cs:line 101
   at log4net.Tests.Appender.RollingFileAppenderTest.SetUp() in C:\src\log4net\tests\log4net.Tests\Appender\RollingFileAppenderTest.cs:line 115
--TearDown
   at System.Collections.Generic.Dictionary`2.get_Item(TKey key)
   at log4net.Core.CompactRepositorySelector.CreateRepository(Assembly assembly, Type repositoryType) in C:\src\log4net\src\log4net\Core\CompactRepositorySelector.cs:line 185
   at log4net.Core.CompactRepositorySelector.GetRepository(Assembly assembly) in C:\src\log4net\src\log4net\Core\CompactRepositorySelector.cs:line 115
   at log4net.Core.LoggerManager.GetRepository(Assembly repositoryAssembly) in C:\src\log4net\src\log4net\Core\LoggerManager.cs:line 242
   at log4net.LogManager.GetRepository(Assembly repositoryAssembly) in C:\src\log4net\src\log4net\LogManager.cs:line 543
   at log4net.LogManager.GetRepository() in C:\src\log4net\src\log4net\LogManager.cs:line 511
   at log4net.Tests.Appender.RollingFileAppenderTest.ResetAndDeleteTestFiles() in C:\src\log4net\tests\log4net.Tests\Appender\RollingFileAppenderTest.cs:line 101
   at log4net.Tests.Appender.RollingFileAppenderTest.TearDown() in C:\src\log4net\tests\log4net.Tests\Appender\RollingFileAppenderTest.cs:line 130]]></stack-trace>
              </failure>
            </test-case>
            <test-case id="1102" name="TestExclusiveLockFails" fullname="log4net.Tests.Appender.RollingFileAppenderTest.TestExclusiveLockFails" methodname="TestExclusiveLockFails" classname="log4net.Tests.Appender.RollingFileAppenderTest" runstate="Runnable" seed="1118479133" result="Failed" label="Error" start-time="2016-08-02 15:59:03Z" end-time="2016-08-02 15:59:03Z" duration="0.002429" asserts="0">
              <failure>
                <message><![CDATA[System.Collections.Generic.KeyNotFoundException : The given key was not present in the dictionary.
TearDown : System.Collections.Generic.KeyNotFoundException : The given key was not present in the dictionary.]]></message>
                <stack-trace><![CDATA[   at System.Collections.Generic.Dictionary`2.get_Item(TKey key)
   at log4net.Core.CompactRepositorySelector.CreateRepository(Assembly assembly, Type repositoryType) in C:\src\log4net\src\log4net\Core\CompactRepositorySelector.cs:line 185
   at log4net.Core.CompactRepositorySelector.GetRepository(Assembly assembly) in C:\src\log4net\src\log4net\Core\CompactRepositorySelector.cs:line 115
   at log4net.Core.LoggerManager.GetRepository(Assembly repositoryAssembly) in C:\src\log4net\src\log4net\Core\LoggerManager.cs:line 242
   at log4net.LogManager.GetRepository(Assembly repositoryAssembly) in C:\src\log4net\src\log4net\LogManager.cs:line 543
   at log4net.LogManager.GetRepository() in C:\src\log4net\src\log4net\LogManager.cs:line 511
   at log4net.Tests.Appender.RollingFileAppenderTest.ResetAndDeleteTestFiles() in C:\src\log4net\tests\log4net.Tests\Appender\RollingFileAppenderTest.cs:line 101
   at log4net.Tests.Appender.RollingFileAppenderTest.SetUp() in C:\src\log4net\tests\log4net.Tests\Appender\RollingFileAppenderTest.cs:line 115
--TearDown
   at System.Collections.Generic.Dictionary`2.get_Item(TKey key)
   at log4net.Core.CompactRepositorySelector.CreateRepository(Assembly assembly, Type repositoryType) in C:\src\log4net\src\log4net\Core\CompactRepositorySelector.cs:line 185
   at log4net.Core.CompactRepositorySelector.GetRepository(Assembly assembly) in C:\src\log4net\src\log4net\Core\CompactRepositorySelector.cs:line 115
   at log4net.Core.LoggerManager.GetRepository(Assembly repositoryAssembly) in C:\src\log4net\src\log4net\Core\LoggerManager.cs:line 242
   at log4net.LogManager.GetRepository(Assembly repositoryAssembly) in C:\src\log4net\src\log4net\LogManager.cs:line 543
   at log4net.LogManager.GetRepository() in C:\src\log4net\src\log4net\LogManager.cs:line 511
   at log4net.Tests.Appender.RollingFileAppenderTest.ResetAndDeleteTestFiles() in C:\src\log4net\tests\log4net.Tests\Appender\RollingFileAppenderTest.cs:line 101
   at log4net.Tests.Appender.RollingFileAppenderTest.TearDown() in C:\src\log4net\tests\log4net.Tests\Appender\RollingFileAppenderTest.cs:line 130]]></stack-trace>
              </failure>
            </test-case>
            <test-case id="1104" name="TestExclusiveLockLocks" fullname="log4net.Tests.Appender.RollingFileAppenderTest.TestExclusiveLockLocks" methodname="TestExclusiveLockLocks" classname="log4net.Tests.Appender.RollingFileAppenderTest" runstate="Runnable" seed="497903753" result="Failed" label="Error" start-time="2016-08-02 15:59:03Z" end-time="2016-08-02 15:59:03Z" duration="0.002581" asserts="0">
              <failure>
                <message><![CDATA[System.Collections.Generic.KeyNotFoundException : The given key was not present in the dictionary.
TearDown : System.Collections.Generic.KeyNotFoundException : The given key was not present in the dictionary.]]></message>
                <stack-trace><![CDATA[   at System.Collections.Generic.Dictionary`2.get_Item(TKey key)
   at log4net.Core.CompactRepositorySelector.CreateRepository(Assembly assembly, Type repositoryType) in C:\src\log4net\src\log4net\Core\CompactRepositorySelector.cs:line 185
   at log4net.Core.CompactRepositorySelector.GetRepository(Assembly assembly) in C:\src\log4net\src\log4net\Core\CompactRepositorySelector.cs:line 115
   at log4net.Core.LoggerManager.GetRepository(Assembly repositoryAssembly) in C:\src\log4net\src\log4net\Core\LoggerManager.cs:line 242
   at log4net.LogManager.GetRepository(Assembly repositoryAssembly) in C:\src\log4net\src\log4net\LogManager.cs:line 543
   at log4net.LogManager.GetRepository() in C:\src\log4net\src\log4net\LogManager.cs:line 511
   at log4net.Tests.Appender.RollingFileAppenderTest.ResetAndDeleteTestFiles() in C:\src\log4net\tests\log4net.Tests\Appender\RollingFileAppenderTest.cs:line 101
   at log4net.Tests.Appender.RollingFileAppenderTest.SetUp() in C:\src\log4net\tests\log4net.Tests\Appender\RollingFileAppenderTest.cs:line 115
--TearDown
   at System.Collections.Generic.Dictionary`2.get_Item(TKey key)
   at log4net.Core.CompactRepositorySelector.CreateRepository(Assembly assembly, Type repositoryType) in C:\src\log4net\src\log4net\Core\CompactRepositorySelector.cs:line 185
   at log4net.Core.CompactRepositorySelector.GetRepository(Assembly assembly) in C:\src\log4net\src\log4net\Core\CompactRepositorySelector.cs:line 115
   at log4net.Core.LoggerManager.GetRepository(Assembly repositoryAssembly) in C:\src\log4net\src\log4net\Core\LoggerManager.cs:line 242
   at log4net.LogManager.GetRepository(Assembly repositoryAssembly) in C:\src\log4net\src\log4net\LogManager.cs:line 543
   at log4net.LogManager.GetRepository() in C:\src\log4net\src\log4net\LogManager.cs:line 511
   at log4net.Tests.Appender.RollingFileAppenderTest.ResetAndDeleteTestFiles() in C:\src\log4net\tests\log4net.Tests\Appender\RollingFileAppenderTest.cs:line 101
   at log4net.Tests.Appender.RollingFileAppenderTest.TearDown() in C:\src\log4net\tests\log4net.Tests\Appender\RollingFileAppenderTest.cs:line 130]]></stack-trace>
              </failure>
            </test-case>
            <test-case id="1103" name="TestExclusiveLockRecovers" fullname="log4net.Tests.Appender.RollingFileAppenderTest.TestExclusiveLockRecovers" methodname="TestExclusiveLockRecovers" classname="log4net.Tests.Appender.RollingFileAppenderTest" runstate="Runnable" seed="576543815" result="Failed" label="Error" start-time="2016-08-02 15:59:03Z" end-time="2016-08-02 15:59:03Z" duration="0.002196" asserts="0">
              <failure>
                <message><![CDATA[System.Collections.Generic.KeyNotFoundException : The given key was not present in the dictionary.
TearDown : System.Collections.Generic.KeyNotFoundException : The given key was not present in the dictionary.]]></message>
                <stack-trace><![CDATA[   at System.Collections.Generic.Dictionary`2.get_Item(TKey key)
   at log4net.Core.CompactRepositorySelector.CreateRepository(Assembly assembly, Type repositoryType) in C:\src\log4net\src\log4net\Core\CompactRepositorySelector.cs:line 185
   at log4net.Core.CompactRepositorySelector.GetRepository(Assembly assembly) in C:\src\log4net\src\log4net\Core\CompactRepositorySelector.cs:line 115
   at log4net.Core.LoggerManager.GetRepository(Assembly repositoryAssembly) in C:\src\log4net\src\log4net\Core\LoggerManager.cs:line 242
   at log4net.LogManager.GetRepository(Assembly repositoryAssembly) in C:\src\log4net\src\log4net\LogManager.cs:line 543
   at log4net.LogManager.GetRepository() in C:\src\log4net\src\log4net\LogManager.cs:line 511
   at log4net.Tests.Appender.RollingFileAppenderTest.ResetAndDeleteTestFiles() in C:\src\log4net\tests\log4net.Tests\Appender\RollingFileAppenderTest.cs:line 101
   at log4net.Tests.Appender.RollingFileAppenderTest.SetUp() in C:\src\log4net\tests\log4net.Tests\Appender\RollingFileAppenderTest.cs:line 115
--TearDown
   at System.Collections.Generic.Dictionary`2.get_Item(TKey key)
   at log4net.Core.CompactRepositorySelector.CreateRepository(Assembly assembly, Type repositoryType) in C:\src\log4net\src\log4net\Core\CompactRepositorySelector.cs:line 185
   at log4net.Core.CompactRepositorySelector.GetRepository(Assembly assembly) in C:\src\log4net\src\log4net\Core\CompactRepositorySelector.cs:line 115
   at log4net.Core.LoggerManager.GetRepository(Assembly repositoryAssembly) in C:\src\log4net\src\log4net\Core\LoggerManager.cs:line 242
   at log4net.LogManager.GetRepository(Assembly repositoryAssembly) in C:\src\log4net\src\log4net\LogManager.cs:line 543
   at log4net.LogManager.GetRepository() in C:\src\log4net\src\log4net\LogManager.cs:line 511
   at log4net.Tests.Appender.RollingFileAppenderTest.ResetAndDeleteTestFiles() in C:\src\log4net\tests\log4net.Tests\Appender\RollingFileAppenderTest.cs:line 101
   at log4net.Tests.Appender.RollingFileAppenderTest.TearDown() in C:\src\log4net\tests\log4net.Tests\Appender\RollingFileAppenderTest.cs:line 130]]></stack-trace>
              </failure>
            </test-case>
            <test-case id="1076" name="TestGetExistingFiles" fullname="log4net.Tests.Appender.RollingFileAppenderTest.TestGetExistingFiles" methodname="TestGetExistingFiles" classname="log4net.Tests.Appender.RollingFileAppenderTest" runstate="Runnable" seed="260364810" result="Failed" label="Error" start-time="2016-08-02 15:59:03Z" end-time="2016-08-02 15:59:03Z" duration="0.002169" asserts="0">
              <failure>
                <message><![CDATA[System.Collections.Generic.KeyNotFoundException : The given key was not present in the dictionary.
TearDown : System.Collections.Generic.KeyNotFoundException : The given key was not present in the dictionary.]]></message>
                <stack-trace><![CDATA[   at System.Collections.Generic.Dictionary`2.get_Item(TKey key)
   at log4net.Core.CompactRepositorySelector.CreateRepository(Assembly assembly, Type repositoryType) in C:\src\log4net\src\log4net\Core\CompactRepositorySelector.cs:line 185
   at log4net.Core.CompactRepositorySelector.GetRepository(Assembly assembly) in C:\src\log4net\src\log4net\Core\CompactRepositorySelector.cs:line 115
   at log4net.Core.LoggerManager.GetRepository(Assembly repositoryAssembly) in C:\src\log4net\src\log4net\Core\LoggerManager.cs:line 242
   at log4net.LogManager.GetRepository(Assembly repositoryAssembly) in C:\src\log4net\src\log4net\LogManager.cs:line 543
   at log4net.LogManager.GetRepository() in C:\src\log4net\src\log4net\LogManager.cs:line 511
   at log4net.Tests.Appender.RollingFileAppenderTest.ResetAndDeleteTestFiles() in C:\src\log4net\tests\log4net.Tests\Appender\RollingFileAppenderTest.cs:line 101
   at log4net.Tests.Appender.RollingFileAppenderTest.SetUp() in C:\src\log4net\tests\log4net.Tests\Appender\RollingFileAppenderTest.cs:line 115
--TearDown
   at System.Collections.Generic.Dictionary`2.get_Item(TKey key)
   at log4net.Core.CompactRepositorySelector.CreateRepository(Assembly assembly, Type repositoryType) in C:\src\log4net\src\log4net\Core\CompactRepositorySelector.cs:line 185
   at log4net.Core.CompactRepositorySelector.GetRepository(Assembly assembly) in C:\src\log4net\src\log4net\Core\CompactRepositorySelector.cs:line 115
   at log4net.Core.LoggerManager.GetRepository(Assembly repositoryAssembly) in C:\src\log4net\src\log4net\Core\LoggerManager.cs:line 242
   at log4net.LogManager.GetRepository(Assembly repositoryAssembly) in C:\src\log4net\src\log4net\LogManager.cs:line 543
   at log4net.LogManager.GetRepository() in C:\src\log4net\src\log4net\LogManager.cs:line 511
   at log4net.Tests.Appender.RollingFileAppenderTest.ResetAndDeleteTestFiles() in C:\src\log4net\tests\log4net.Tests\Appender\RollingFileAppenderTest.cs:line 101
   at log4net.Tests.Appender.RollingFileAppenderTest.TearDown() in C:\src\log4net\tests\log4net.Tests\Appender\RollingFileAppenderTest.cs:line 130]]></stack-trace>
              </failure>
            </test-case>
            <test-case id="1116" name="TestInitialization3" fullname="log4net.Tests.Appender.RollingFileAppenderTest.TestInitialization3" methodname="TestInitialization3" classname="log4net.Tests.Appender.RollingFileAppenderTest" runstate="Ignored" seed="1690887616" result="Skipped" label="Ignored" start-time="2016-08-02 15:59:03Z" end-time="2016-08-02 15:59:03Z" duration="0.000926" asserts="0">
              <properties>
                <property name="_SKIPREASON" value="Not Implemented: Want to test counted files limited up, to see that others are ?? ignored? deleted?" />
              </properties>
              <reason>
                <message><![CDATA[Not Implemented: Want to test counted files limited up, to see that others are ?? ignored? deleted?]]></message>
              </reason>
            </test-case>
            <test-case id="1117" name="TestInitialization4" fullname="log4net.Tests.Appender.RollingFileAppenderTest.TestInitialization4" methodname="TestInitialization4" classname="log4net.Tests.Appender.RollingFileAppenderTest" runstate="Ignored" seed="1514453314" result="Skipped" label="Ignored" start-time="2016-08-02 15:59:03Z" end-time="2016-08-02 15:59:03Z" duration="0.000006" asserts="0">
              <properties>
                <property name="_SKIPREASON" value="Not Implemented: Want to test counted files limited down, to see that others are ?? ignored? deleted?" />
              </properties>
              <reason>
                <message><![CDATA[Not Implemented: Want to test counted files limited down, to see that others are ?? ignored? deleted?]]></message>
              </reason>
            </test-case>
            <test-case id="1118" name="TestInitialization5" fullname="log4net.Tests.Appender.RollingFileAppenderTest.TestInitialization5" methodname="TestInitialization5" classname="log4net.Tests.Appender.RollingFileAppenderTest" runstate="Ignored" seed="87074810" result="Skipped" label="Ignored" start-time="2016-08-02 15:59:03Z" end-time="2016-08-02 15:59:03Z" duration="0.000001" asserts="0">
              <properties>
                <property name="_SKIPREASON" value="Not Implemented: Want to test dated files with a limit, to see that others are ?? ignored? deleted?" />
              </properties>
              <reason>
                <message><![CDATA[Not Implemented: Want to test dated files with a limit, to see that others are ?? ignored? deleted?]]></message>
              </reason>
            </test-case>
            <test-case id="1119" name="TestInitialization6" fullname="log4net.Tests.Appender.RollingFileAppenderTest.TestInitialization6" methodname="TestInitialization6" classname="log4net.Tests.Appender.RollingFileAppenderTest" runstate="Ignored" seed="439541228" result="Skipped" label="Ignored" start-time="2016-08-02 15:59:03Z" end-time="2016-08-02 15:59:03Z" duration="0.000001" asserts="0">
              <properties>
                <property name="_SKIPREASON" value="Not Implemented: Want to test dated files with no limit, to see that others are ?? ignored? deleted?" />
              </properties>
              <reason>
                <message><![CDATA[Not Implemented: Want to test dated files with no limit, to see that others are ?? ignored? deleted?]]></message>
              </reason>
            </test-case>
            <test-case id="1120" name="TestInitialization7" fullname="log4net.Tests.Appender.RollingFileAppenderTest.TestInitialization7" methodname="TestInitialization7" classname="log4net.Tests.Appender.RollingFileAppenderTest" runstate="Ignored" seed="1315475620" result="Skipped" label="Ignored" start-time="2016-08-02 15:59:03Z" end-time="2016-08-02 15:59:03Z" duration="0.000002" asserts="0">
              <properties>
                <property name="_SKIPREASON" value="Not Implemented: Want to test dated files with mixed dates existing, to see that other dates do not matter" />
              </properties>
              <reason>
                <message><![CDATA[Not Implemented: Want to test dated files with mixed dates existing, to see that other dates do not matter]]></message>
              </reason>
            </test-case>
            <test-case id="1088" name="TestInitializeCountDownFixed" fullname="log4net.Tests.Appender.RollingFileAppenderTest.TestInitializeCountDownFixed" methodname="TestInitializeCountDownFixed" classname="log4net.Tests.Appender.RollingFileAppenderTest" runstate="Runnable" seed="1865608056" result="Failed" label="Error" start-time="2016-08-02 15:59:03Z" end-time="2016-08-02 15:59:03Z" duration="0.003897" asserts="0">
              <failure>
                <message><![CDATA[System.Collections.Generic.KeyNotFoundException : The given key was not present in the dictionary.
TearDown : System.Collections.Generic.KeyNotFoundException : The given key was not present in the dictionary.]]></message>
                <stack-trace><![CDATA[   at System.Collections.Generic.Dictionary`2.get_Item(TKey key)
   at log4net.Core.CompactRepositorySelector.CreateRepository(Assembly assembly, Type repositoryType) in C:\src\log4net\src\log4net\Core\CompactRepositorySelector.cs:line 185
   at log4net.Core.CompactRepositorySelector.GetRepository(Assembly assembly) in C:\src\log4net\src\log4net\Core\CompactRepositorySelector.cs:line 115
   at log4net.Core.LoggerManager.GetRepository(Assembly repositoryAssembly) in C:\src\log4net\src\log4net\Core\LoggerManager.cs:line 242
   at log4net.LogManager.GetRepository(Assembly repositoryAssembly) in C:\src\log4net\src\log4net\LogManager.cs:line 543
   at log4net.LogManager.GetRepository() in C:\src\log4net\src\log4net\LogManager.cs:line 511
   at log4net.Tests.Appender.RollingFileAppenderTest.ResetAndDeleteTestFiles() in C:\src\log4net\tests\log4net.Tests\Appender\RollingFileAppenderTest.cs:line 101
   at log4net.Tests.Appender.RollingFileAppenderTest.SetUp() in C:\src\log4net\tests\log4net.Tests\Appender\RollingFileAppenderTest.cs:line 115
--TearDown
   at System.Collections.Generic.Dictionary`2.get_Item(TKey key)
   at log4net.Core.CompactRepositorySelector.CreateRepository(Assembly assembly, Type repositoryType) in C:\src\log4net\src\log4net\Core\CompactRepositorySelector.cs:line 185
   at log4net.Core.CompactRepositorySelector.GetRepository(Assembly assembly) in C:\src\log4net\src\log4net\Core\CompactRepositorySelector.cs:line 115
   at log4net.Core.LoggerManager.GetRepository(Assembly repositoryAssembly) in C:\src\log4net\src\log4net\Core\LoggerManager.cs:line 242
   at log4net.LogManager.GetRepository(Assembly repositoryAssembly) in C:\src\log4net\src\log4net\LogManager.cs:line 543
   at log4net.LogManager.GetRepository() in C:\src\log4net\src\log4net\LogManager.cs:line 511
   at log4net.Tests.Appender.RollingFileAppenderTest.ResetAndDeleteTestFiles() in C:\src\log4net\tests\log4net.Tests\Appender\RollingFileAppenderTest.cs:line 101
   at log4net.Tests.Appender.RollingFileAppenderTest.TearDown() in C:\src\log4net\tests\log4net.Tests\Appender\RollingFileAppenderTest.cs:line 130]]></stack-trace>
              </failure>
            </test-case>
            <test-case id="1089" name="TestInitializeCountDownFixed2" fullname="log4net.Tests.Appender.RollingFileAppenderTest.TestInitializeCountDownFixed2" methodname="TestInitializeCountDownFixed2" classname="log4net.Tests.Appender.RollingFileAppenderTest" runstate="Runnable" seed="1767391193" result="Failed" label="Error" start-time="2016-08-02 15:59:03Z" end-time="2016-08-02 15:59:03Z" duration="0.002156" asserts="0">
              <failure>
                <message><![CDATA[System.Collections.Generic.KeyNotFoundException : The given key was not present in the dictionary.
TearDown : System.Collections.Generic.KeyNotFoundException : The given key was not present in the dictionary.]]></message>
                <stack-trace><![CDATA[   at System.Collections.Generic.Dictionary`2.get_Item(TKey key)
   at log4net.Core.CompactRepositorySelector.CreateRepository(Assembly assembly, Type repositoryType) in C:\src\log4net\src\log4net\Core\CompactRepositorySelector.cs:line 185
   at log4net.Core.CompactRepositorySelector.GetRepository(Assembly assembly) in C:\src\log4net\src\log4net\Core\CompactRepositorySelector.cs:line 115
   at log4net.Core.LoggerManager.GetRepository(Assembly repositoryAssembly) in C:\src\log4net\src\log4net\Core\LoggerManager.cs:line 242
   at log4net.LogManager.GetRepository(Assembly repositoryAssembly) in C:\src\log4net\src\log4net\LogManager.cs:line 543
   at log4net.LogManager.GetRepository() in C:\src\log4net\src\log4net\LogManager.cs:line 511
   at log4net.Tests.Appender.RollingFileAppenderTest.ResetAndDeleteTestFiles() in C:\src\log4net\tests\log4net.Tests\Appender\RollingFileAppenderTest.cs:line 101
   at log4net.Tests.Appender.RollingFileAppenderTest.SetUp() in C:\src\log4net\tests\log4net.Tests\Appender\RollingFileAppenderTest.cs:line 115
--TearDown
   at System.Collections.Generic.Dictionary`2.get_Item(TKey key)
   at log4net.Core.CompactRepositorySelector.CreateRepository(Assembly assembly, Type repositoryType) in C:\src\log4net\src\log4net\Core\CompactRepositorySelector.cs:line 185
   at log4net.Core.CompactRepositorySelector.GetRepository(Assembly assembly) in C:\src\log4net\src\log4net\Core\CompactRepositorySelector.cs:line 115
   at log4net.Core.LoggerManager.GetRepository(Assembly repositoryAssembly) in C:\src\log4net\src\log4net\Core\LoggerManager.cs:line 242
   at log4net.LogManager.GetRepository(Assembly repositoryAssembly) in C:\src\log4net\src\log4net\LogManager.cs:line 543
   at log4net.LogManager.GetRepository() in C:\src\log4net\src\log4net\LogManager.cs:line 511
   at log4net.Tests.Appender.RollingFileAppenderTest.ResetAndDeleteTestFiles() in C:\src\log4net\tests\log4net.Tests\Appender\RollingFileAppenderTest.cs:line 101
   at log4net.Tests.Appender.RollingFileAppenderTest.TearDown() in C:\src\log4net\tests\log4net.Tests\Appender\RollingFileAppenderTest.cs:line 130]]></stack-trace>
              </failure>
            </test-case>
            <test-case id="1090" name="TestInitializeCountDownFixed3" fullname="log4net.Tests.Appender.RollingFileAppenderTest.TestInitializeCountDownFixed3" methodname="TestInitializeCountDownFixed3" classname="log4net.Tests.Appender.RollingFileAppenderTest" runstate="Runnable" seed="675726525" result="Failed" label="Error" start-time="2016-08-02 15:59:03Z" end-time="2016-08-02 15:59:03Z" duration="0.002101" asserts="0">
              <failure>
                <message><![CDATA[System.Collections.Generic.KeyNotFoundException : The given key was not present in the dictionary.
TearDown : System.Collections.Generic.KeyNotFoundException : The given key was not present in the dictionary.]]></message>
                <stack-trace><![CDATA[   at System.Collections.Generic.Dictionary`2.get_Item(TKey key)
   at log4net.Core.CompactRepositorySelector.CreateRepository(Assembly assembly, Type repositoryType) in C:\src\log4net\src\log4net\Core\CompactRepositorySelector.cs:line 185
   at log4net.Core.CompactRepositorySelector.GetRepository(Assembly assembly) in C:\src\log4net\src\log4net\Core\CompactRepositorySelector.cs:line 115
   at log4net.Core.LoggerManager.GetRepository(Assembly repositoryAssembly) in C:\src\log4net\src\log4net\Core\LoggerManager.cs:line 242
   at log4net.LogManager.GetRepository(Assembly repositoryAssembly) in C:\src\log4net\src\log4net\LogManager.cs:line 543
   at log4net.LogManager.GetRepository() in C:\src\log4net\src\log4net\LogManager.cs:line 511
   at log4net.Tests.Appender.RollingFileAppenderTest.ResetAndDeleteTestFiles() in C:\src\log4net\tests\log4net.Tests\Appender\RollingFileAppenderTest.cs:line 101
   at log4net.Tests.Appender.RollingFileAppenderTest.SetUp() in C:\src\log4net\tests\log4net.Tests\Appender\RollingFileAppenderTest.cs:line 115
--TearDown
   at System.Collections.Generic.Dictionary`2.get_Item(TKey key)
   at log4net.Core.CompactRepositorySelector.CreateRepository(Assembly assembly, Type repositoryType) in C:\src\log4net\src\log4net\Core\CompactRepositorySelector.cs:line 185
   at log4net.Core.CompactRepositorySelector.GetRepository(Assembly assembly) in C:\src\log4net\src\log4net\Core\CompactRepositorySelector.cs:line 115
   at log4net.Core.LoggerManager.GetRepository(Assembly repositoryAssembly) in C:\src\log4net\src\log4net\Core\LoggerManager.cs:line 242
   at log4net.LogManager.GetRepository(Assembly repositoryAssembly) in C:\src\log4net\src\log4net\LogManager.cs:line 543
   at log4net.LogManager.GetRepository() in C:\src\log4net\src\log4net\LogManager.cs:line 511
   at log4net.Tests.Appender.RollingFileAppenderTest.ResetAndDeleteTestFiles() in C:\src\log4net\tests\log4net.Tests\Appender\RollingFileAppenderTest.cs:line 101
   at log4net.Tests.Appender.RollingFileAppenderTest.TearDown() in C:\src\log4net\tests\log4net.Tests\Appender\RollingFileAppenderTest.cs:line 130]]></stack-trace>
              </failure>
            </test-case>
            <test-case id="1091" name="TestInitializeCountDownFixed4" fullname="log4net.Tests.Appender.RollingFileAppenderTest.TestInitializeCountDownFixed4" methodname="TestInitializeCountDownFixed4" classname="log4net.Tests.Appender.RollingFileAppenderTest" runstate="Runnable" seed="1490971330" result="Failed" label="Error" start-time="2016-08-02 15:59:03Z" end-time="2016-08-02 15:59:03Z" duration="0.002087" asserts="0">
              <failure>
                <message><![CDATA[System.Collections.Generic.KeyNotFoundException : The given key was not present in the dictionary.
TearDown : System.Collections.Generic.KeyNotFoundException : The given key was not present in the dictionary.]]></message>
                <stack-trace><![CDATA[   at System.Collections.Generic.Dictionary`2.get_Item(TKey key)
   at log4net.Core.CompactRepositorySelector.CreateRepository(Assembly assembly, Type repositoryType) in C:\src\log4net\src\log4net\Core\CompactRepositorySelector.cs:line 185
   at log4net.Core.CompactRepositorySelector.GetRepository(Assembly assembly) in C:\src\log4net\src\log4net\Core\CompactRepositorySelector.cs:line 115
   at log4net.Core.LoggerManager.GetRepository(Assembly repositoryAssembly) in C:\src\log4net\src\log4net\Core\LoggerManager.cs:line 242
   at log4net.LogManager.GetRepository(Assembly repositoryAssembly) in C:\src\log4net\src\log4net\LogManager.cs:line 543
   at log4net.LogManager.GetRepository() in C:\src\log4net\src\log4net\LogManager.cs:line 511
   at log4net.Tests.Appender.RollingFileAppenderTest.ResetAndDeleteTestFiles() in C:\src\log4net\tests\log4net.Tests\Appender\RollingFileAppenderTest.cs:line 101
   at log4net.Tests.Appender.RollingFileAppenderTest.SetUp() in C:\src\log4net\tests\log4net.Tests\Appender\RollingFileAppenderTest.cs:line 115
--TearDown
   at System.Collections.Generic.Dictionary`2.get_Item(TKey key)
   at log4net.Core.CompactRepositorySelector.CreateRepository(Assembly assembly, Type repositoryType) in C:\src\log4net\src\log4net\Core\CompactRepositorySelector.cs:line 185
   at log4net.Core.CompactRepositorySelector.GetRepository(Assembly assembly) in C:\src\log4net\src\log4net\Core\CompactRepositorySelector.cs:line 115
   at log4net.Core.LoggerManager.GetRepository(Assembly repositoryAssembly) in C:\src\log4net\src\log4net\Core\LoggerManager.cs:line 242
   at log4net.LogManager.GetRepository(Assembly repositoryAssembly) in C:\src\log4net\src\log4net\LogManager.cs:line 543
   at log4net.LogManager.GetRepository() in C:\src\log4net\src\log4net\LogManager.cs:line 511
   at log4net.Tests.Appender.RollingFileAppenderTest.ResetAndDeleteTestFiles() in C:\src\log4net\tests\log4net.Tests\Appender\RollingFileAppenderTest.cs:line 101
   at log4net.Tests.Appender.RollingFileAppenderTest.TearDown() in C:\src\log4net\tests\log4net.Tests\Appender\RollingFileAppenderTest.cs:line 130]]></stack-trace>
              </failure>
            </test-case>
            <test-case id="1092" name="TestInitializeCountDownFixed5" fullname="log4net.Tests.Appender.RollingFileAppenderTest.TestInitializeCountDownFixed5" methodname="TestInitializeCountDownFixed5" classname="log4net.Tests.Appender.RollingFileAppenderTest" runstate="Runnable" seed="195931934" result="Failed" label="Error" start-time="2016-08-02 15:59:03Z" end-time="2016-08-02 15:59:03Z" duration="0.002286" asserts="0">
              <failure>
                <message><![CDATA[System.Collections.Generic.KeyNotFoundException : The given key was not present in the dictionary.
TearDown : System.Collections.Generic.KeyNotFoundException : The given key was not present in the dictionary.]]></message>
                <stack-trace><![CDATA[   at System.Collections.Generic.Dictionary`2.get_Item(TKey key)
   at log4net.Core.CompactRepositorySelector.CreateRepository(Assembly assembly, Type repositoryType) in C:\src\log4net\src\log4net\Core\CompactRepositorySelector.cs:line 185
   at log4net.Core.CompactRepositorySelector.GetRepository(Assembly assembly) in C:\src\log4net\src\log4net\Core\CompactRepositorySelector.cs:line 115
   at log4net.Core.LoggerManager.GetRepository(Assembly repositoryAssembly) in C:\src\log4net\src\log4net\Core\LoggerManager.cs:line 242
   at log4net.LogManager.GetRepository(Assembly repositoryAssembly) in C:\src\log4net\src\log4net\LogManager.cs:line 543
   at log4net.LogManager.GetRepository() in C:\src\log4net\src\log4net\LogManager.cs:line 511
   at log4net.Tests.Appender.RollingFileAppenderTest.ResetAndDeleteTestFiles() in C:\src\log4net\tests\log4net.Tests\Appender\RollingFileAppenderTest.cs:line 101
   at log4net.Tests.Appender.RollingFileAppenderTest.SetUp() in C:\src\log4net\tests\log4net.Tests\Appender\RollingFileAppenderTest.cs:line 115
--TearDown
   at System.Collections.Generic.Dictionary`2.get_Item(TKey key)
   at log4net.Core.CompactRepositorySelector.CreateRepository(Assembly assembly, Type repositoryType) in C:\src\log4net\src\log4net\Core\CompactRepositorySelector.cs:line 185
   at log4net.Core.CompactRepositorySelector.GetRepository(Assembly assembly) in C:\src\log4net\src\log4net\Core\CompactRepositorySelector.cs:line 115
   at log4net.Core.LoggerManager.GetRepository(Assembly repositoryAssembly) in C:\src\log4net\src\log4net\Core\LoggerManager.cs:line 242
   at log4net.LogManager.GetRepository(Assembly repositoryAssembly) in C:\src\log4net\src\log4net\LogManager.cs:line 543
   at log4net.LogManager.GetRepository() in C:\src\log4net\src\log4net\LogManager.cs:line 511
   at log4net.Tests.Appender.RollingFileAppenderTest.ResetAndDeleteTestFiles() in C:\src\log4net\tests\log4net.Tests\Appender\RollingFileAppenderTest.cs:line 101
   at log4net.Tests.Appender.RollingFileAppenderTest.TearDown() in C:\src\log4net\tests\log4net.Tests\Appender\RollingFileAppenderTest.cs:line 130]]></stack-trace>
              </failure>
            </test-case>
            <test-case id="1093" name="TestInitializeCountDownFixed6" fullname="log4net.Tests.Appender.RollingFileAppenderTest.TestInitializeCountDownFixed6" methodname="TestInitializeCountDownFixed6" classname="log4net.Tests.Appender.RollingFileAppenderTest" runstate="Runnable" seed="1469348620" result="Failed" label="Error" start-time="2016-08-02 15:59:03Z" end-time="2016-08-02 15:59:03Z" duration="0.002112" asserts="0">
              <failure>
                <message><![CDATA[System.Collections.Generic.KeyNotFoundException : The given key was not present in the dictionary.
TearDown : System.Collections.Generic.KeyNotFoundException : The given key was not present in the dictionary.]]></message>
                <stack-trace><![CDATA[   at System.Collections.Generic.Dictionary`2.get_Item(TKey key)
   at log4net.Core.CompactRepositorySelector.CreateRepository(Assembly assembly, Type repositoryType) in C:\src\log4net\src\log4net\Core\CompactRepositorySelector.cs:line 185
   at log4net.Core.CompactRepositorySelector.GetRepository(Assembly assembly) in C:\src\log4net\src\log4net\Core\CompactRepositorySelector.cs:line 115
   at log4net.Core.LoggerManager.GetRepository(Assembly repositoryAssembly) in C:\src\log4net\src\log4net\Core\LoggerManager.cs:line 242
   at log4net.LogManager.GetRepository(Assembly repositoryAssembly) in C:\src\log4net\src\log4net\LogManager.cs:line 543
   at log4net.LogManager.GetRepository() in C:\src\log4net\src\log4net\LogManager.cs:line 511
   at log4net.Tests.Appender.RollingFileAppenderTest.ResetAndDeleteTestFiles() in C:\src\log4net\tests\log4net.Tests\Appender\RollingFileAppenderTest.cs:line 101
   at log4net.Tests.Appender.RollingFileAppenderTest.SetUp() in C:\src\log4net\tests\log4net.Tests\Appender\RollingFileAppenderTest.cs:line 115
--TearDown
   at System.Collections.Generic.Dictionary`2.get_Item(TKey key)
   at log4net.Core.CompactRepositorySelector.CreateRepository(Assembly assembly, Type repositoryType) in C:\src\log4net\src\log4net\Core\CompactRepositorySelector.cs:line 185
   at log4net.Core.CompactRepositorySelector.GetRepository(Assembly assembly) in C:\src\log4net\src\log4net\Core\CompactRepositorySelector.cs:line 115
   at log4net.Core.LoggerManager.GetRepository(Assembly repositoryAssembly) in C:\src\log4net\src\log4net\Core\LoggerManager.cs:line 242
   at log4net.LogManager.GetRepository(Assembly repositoryAssembly) in C:\src\log4net\src\log4net\LogManager.cs:line 543
   at log4net.LogManager.GetRepository() in C:\src\log4net\src\log4net\LogManager.cs:line 511
   at log4net.Tests.Appender.RollingFileAppenderTest.ResetAndDeleteTestFiles() in C:\src\log4net\tests\log4net.Tests\Appender\RollingFileAppenderTest.cs:line 101
   at log4net.Tests.Appender.RollingFileAppenderTest.TearDown() in C:\src\log4net\tests\log4net.Tests\Appender\RollingFileAppenderTest.cs:line 130]]></stack-trace>
              </failure>
            </test-case>
            <test-case id="1094" name="TestInitializeCountDownFixed7" fullname="log4net.Tests.Appender.RollingFileAppenderTest.TestInitializeCountDownFixed7" methodname="TestInitializeCountDownFixed7" classname="log4net.Tests.Appender.RollingFileAppenderTest" runstate="Runnable" seed="411809268" result="Failed" label="Error" start-time="2016-08-02 15:59:03Z" end-time="2016-08-02 15:59:03Z" duration="0.002089" asserts="0">
              <failure>
                <message><![CDATA[System.Collections.Generic.KeyNotFoundException : The given key was not present in the dictionary.
TearDown : System.Collections.Generic.KeyNotFoundException : The given key was not present in the dictionary.]]></message>
                <stack-trace><![CDATA[   at System.Collections.Generic.Dictionary`2.get_Item(TKey key)
   at log4net.Core.CompactRepositorySelector.CreateRepository(Assembly assembly, Type repositoryType) in C:\src\log4net\src\log4net\Core\CompactRepositorySelector.cs:line 185
   at log4net.Core.CompactRepositorySelector.GetRepository(Assembly assembly) in C:\src\log4net\src\log4net\Core\CompactRepositorySelector.cs:line 115
   at log4net.Core.LoggerManager.GetRepository(Assembly repositoryAssembly) in C:\src\log4net\src\log4net\Core\LoggerManager.cs:line 242
   at log4net.LogManager.GetRepository(Assembly repositoryAssembly) in C:\src\log4net\src\log4net\LogManager.cs:line 543
   at log4net.LogManager.GetRepository() in C:\src\log4net\src\log4net\LogManager.cs:line 511
   at log4net.Tests.Appender.RollingFileAppenderTest.ResetAndDeleteTestFiles() in C:\src\log4net\tests\log4net.Tests\Appender\RollingFileAppenderTest.cs:line 101
   at log4net.Tests.Appender.RollingFileAppenderTest.SetUp() in C:\src\log4net\tests\log4net.Tests\Appender\RollingFileAppenderTest.cs:line 115
--TearDown
   at System.Collections.Generic.Dictionary`2.get_Item(TKey key)
   at log4net.Core.CompactRepositorySelector.CreateRepository(Assembly assembly, Type repositoryType) in C:\src\log4net\src\log4net\Core\CompactRepositorySelector.cs:line 185
   at log4net.Core.CompactRepositorySelector.GetRepository(Assembly assembly) in C:\src\log4net\src\log4net\Core\CompactRepositorySelector.cs:line 115
   at log4net.Core.LoggerManager.GetRepository(Assembly repositoryAssembly) in C:\src\log4net\src\log4net\Core\LoggerManager.cs:line 242
   at log4net.LogManager.GetRepository(Assembly repositoryAssembly) in C:\src\log4net\src\log4net\LogManager.cs:line 543
   at log4net.LogManager.GetRepository() in C:\src\log4net\src\log4net\LogManager.cs:line 511
   at log4net.Tests.Appender.RollingFileAppenderTest.ResetAndDeleteTestFiles() in C:\src\log4net\tests\log4net.Tests\Appender\RollingFileAppenderTest.cs:line 101
   at log4net.Tests.Appender.RollingFileAppenderTest.TearDown() in C:\src\log4net\tests\log4net.Tests\Appender\RollingFileAppenderTest.cs:line 130]]></stack-trace>
              </failure>
            </test-case>
            <test-case id="1095" name="TestInitializeCountDownInfinite" fullname="log4net.Tests.Appender.RollingFileAppenderTest.TestInitializeCountDownInfinite" methodname="TestInitializeCountDownInfinite" classname="log4net.Tests.Appender.RollingFileAppenderTest" runstate="Runnable" seed="1355948548" result="Failed" label="Error" start-time="2016-08-02 15:59:03Z" end-time="2016-08-02 15:59:03Z" duration="0.002091" asserts="0">
              <failure>
                <message><![CDATA[System.Collections.Generic.KeyNotFoundException : The given key was not present in the dictionary.
TearDown : System.Collections.Generic.KeyNotFoundException : The given key was not present in the dictionary.]]></message>
                <stack-trace><![CDATA[   at System.Collections.Generic.Dictionary`2.get_Item(TKey key)
   at log4net.Core.CompactRepositorySelector.CreateRepository(Assembly assembly, Type repositoryType) in C:\src\log4net\src\log4net\Core\CompactRepositorySelector.cs:line 185
   at log4net.Core.CompactRepositorySelector.GetRepository(Assembly assembly) in C:\src\log4net\src\log4net\Core\CompactRepositorySelector.cs:line 115
   at log4net.Core.LoggerManager.GetRepository(Assembly repositoryAssembly) in C:\src\log4net\src\log4net\Core\LoggerManager.cs:line 242
   at log4net.LogManager.GetRepository(Assembly repositoryAssembly) in C:\src\log4net\src\log4net\LogManager.cs:line 543
   at log4net.LogManager.GetRepository() in C:\src\log4net\src\log4net\LogManager.cs:line 511
   at log4net.Tests.Appender.RollingFileAppenderTest.ResetAndDeleteTestFiles() in C:\src\log4net\tests\log4net.Tests\Appender\RollingFileAppenderTest.cs:line 101
   at log4net.Tests.Appender.RollingFileAppenderTest.SetUp() in C:\src\log4net\tests\log4net.Tests\Appender\RollingFileAppenderTest.cs:line 115
--TearDown
   at System.Collections.Generic.Dictionary`2.get_Item(TKey key)
   at log4net.Core.CompactRepositorySelector.CreateRepository(Assembly assembly, Type repositoryType) in C:\src\log4net\src\log4net\Core\CompactRepositorySelector.cs:line 185
   at log4net.Core.CompactRepositorySelector.GetRepository(Assembly assembly) in C:\src\log4net\src\log4net\Core\CompactRepositorySelector.cs:line 115
   at log4net.Core.LoggerManager.GetRepository(Assembly repositoryAssembly) in C:\src\log4net\src\log4net\Core\LoggerManager.cs:line 242
   at log4net.LogManager.GetRepository(Assembly repositoryAssembly) in C:\src\log4net\src\log4net\LogManager.cs:line 543
   at log4net.LogManager.GetRepository() in C:\src\log4net\src\log4net\LogManager.cs:line 511
   at log4net.Tests.Appender.RollingFileAppenderTest.ResetAndDeleteTestFiles() in C:\src\log4net\tests\log4net.Tests\Appender\RollingFileAppenderTest.cs:line 101
   at log4net.Tests.Appender.RollingFileAppenderTest.TearDown() in C:\src\log4net\tests\log4net.Tests\Appender\RollingFileAppenderTest.cs:line 130]]></stack-trace>
              </failure>
            </test-case>
            <test-case id="1096" name="TestInitializeCountDownInfinite2" fullname="log4net.Tests.Appender.RollingFileAppenderTest.TestInitializeCountDownInfinite2" methodname="TestInitializeCountDownInfinite2" classname="log4net.Tests.Appender.RollingFileAppenderTest" runstate="Runnable" seed="1080924198" result="Failed" label="Error" start-time="2016-08-02 15:59:03Z" end-time="2016-08-02 15:59:03Z" duration="0.002119" asserts="0">
              <failure>
                <message><![CDATA[System.Collections.Generic.KeyNotFoundException : The given key was not present in the dictionary.
TearDown : System.Collections.Generic.KeyNotFoundException : The given key was not present in the dictionary.]]></message>
                <stack-trace><![CDATA[   at System.Collections.Generic.Dictionary`2.get_Item(TKey key)
   at log4net.Core.CompactRepositorySelector.CreateRepository(Assembly assembly, Type repositoryType) in C:\src\log4net\src\log4net\Core\CompactRepositorySelector.cs:line 185
   at log4net.Core.CompactRepositorySelector.GetRepository(Assembly assembly) in C:\src\log4net\src\log4net\Core\CompactRepositorySelector.cs:line 115
   at log4net.Core.LoggerManager.GetRepository(Assembly repositoryAssembly) in C:\src\log4net\src\log4net\Core\LoggerManager.cs:line 242
   at log4net.LogManager.GetRepository(Assembly repositoryAssembly) in C:\src\log4net\src\log4net\LogManager.cs:line 543
   at log4net.LogManager.GetRepository() in C:\src\log4net\src\log4net\LogManager.cs:line 511
   at log4net.Tests.Appender.RollingFileAppenderTest.ResetAndDeleteTestFiles() in C:\src\log4net\tests\log4net.Tests\Appender\RollingFileAppenderTest.cs:line 101
   at log4net.Tests.Appender.RollingFileAppenderTest.SetUp() in C:\src\log4net\tests\log4net.Tests\Appender\RollingFileAppenderTest.cs:line 115
--TearDown
   at System.Collections.Generic.Dictionary`2.get_Item(TKey key)
   at log4net.Core.CompactRepositorySelector.CreateRepository(Assembly assembly, Type repositoryType) in C:\src\log4net\src\log4net\Core\CompactRepositorySelector.cs:line 185
   at log4net.Core.CompactRepositorySelector.GetRepository(Assembly assembly) in C:\src\log4net\src\log4net\Core\CompactRepositorySelector.cs:line 115
   at log4net.Core.LoggerManager.GetRepository(Assembly repositoryAssembly) in C:\src\log4net\src\log4net\Core\LoggerManager.cs:line 242
   at log4net.LogManager.GetRepository(Assembly repositoryAssembly) in C:\src\log4net\src\log4net\LogManager.cs:line 543
   at log4net.LogManager.GetRepository() in C:\src\log4net\src\log4net\LogManager.cs:line 511
   at log4net.Tests.Appender.RollingFileAppenderTest.ResetAndDeleteTestFiles() in C:\src\log4net\tests\log4net.Tests\Appender\RollingFileAppenderTest.cs:line 101
   at log4net.Tests.Appender.RollingFileAppenderTest.TearDown() in C:\src\log4net\tests\log4net.Tests\Appender\RollingFileAppenderTest.cs:line 130]]></stack-trace>
              </failure>
            </test-case>
            <test-case id="1097" name="TestInitializeCountDownInfinite3" fullname="log4net.Tests.Appender.RollingFileAppenderTest.TestInitializeCountDownInfinite3" methodname="TestInitializeCountDownInfinite3" classname="log4net.Tests.Appender.RollingFileAppenderTest" runstate="Runnable" seed="169876147" result="Failed" label="Error" start-time="2016-08-02 15:59:03Z" end-time="2016-08-02 15:59:03Z" duration="0.002269" asserts="0">
              <failure>
                <message><![CDATA[System.Collections.Generic.KeyNotFoundException : The given key was not present in the dictionary.
TearDown : System.Collections.Generic.KeyNotFoundException : The given key was not present in the dictionary.]]></message>
                <stack-trace><![CDATA[   at System.Collections.Generic.Dictionary`2.get_Item(TKey key)
   at log4net.Core.CompactRepositorySelector.CreateRepository(Assembly assembly, Type repositoryType) in C:\src\log4net\src\log4net\Core\CompactRepositorySelector.cs:line 185
   at log4net.Core.CompactRepositorySelector.GetRepository(Assembly assembly) in C:\src\log4net\src\log4net\Core\CompactRepositorySelector.cs:line 115
   at log4net.Core.LoggerManager.GetRepository(Assembly repositoryAssembly) in C:\src\log4net\src\log4net\Core\LoggerManager.cs:line 242
   at log4net.LogManager.GetRepository(Assembly repositoryAssembly) in C:\src\log4net\src\log4net\LogManager.cs:line 543
   at log4net.LogManager.GetRepository() in C:\src\log4net\src\log4net\LogManager.cs:line 511
   at log4net.Tests.Appender.RollingFileAppenderTest.ResetAndDeleteTestFiles() in C:\src\log4net\tests\log4net.Tests\Appender\RollingFileAppenderTest.cs:line 101
   at log4net.Tests.Appender.RollingFileAppenderTest.SetUp() in C:\src\log4net\tests\log4net.Tests\Appender\RollingFileAppenderTest.cs:line 115
--TearDown
   at System.Collections.Generic.Dictionary`2.get_Item(TKey key)
   at log4net.Core.CompactRepositorySelector.CreateRepository(Assembly assembly, Type repositoryType) in C:\src\log4net\src\log4net\Core\CompactRepositorySelector.cs:line 185
   at log4net.Core.CompactRepositorySelector.GetRepository(Assembly assembly) in C:\src\log4net\src\log4net\Core\CompactRepositorySelector.cs:line 115
   at log4net.Core.LoggerManager.GetRepository(Assembly repositoryAssembly) in C:\src\log4net\src\log4net\Core\LoggerManager.cs:line 242
   at log4net.LogManager.GetRepository(Assembly repositoryAssembly) in C:\src\log4net\src\log4net\LogManager.cs:line 543
   at log4net.LogManager.GetRepository() in C:\src\log4net\src\log4net\LogManager.cs:line 511
   at log4net.Tests.Appender.RollingFileAppenderTest.ResetAndDeleteTestFiles() in C:\src\log4net\tests\log4net.Tests\Appender\RollingFileAppenderTest.cs:line 101
   at log4net.Tests.Appender.RollingFileAppenderTest.TearDown() in C:\src\log4net\tests\log4net.Tests\Appender\RollingFileAppenderTest.cs:line 130]]></stack-trace>
              </failure>
            </test-case>
            <test-case id="1087" name="TestInitializeCountDownZeroBackups" fullname="log4net.Tests.Appender.RollingFileAppenderTest.TestInitializeCountDownZeroBackups" methodname="TestInitializeCountDownZeroBackups" classname="log4net.Tests.Appender.RollingFileAppenderTest" runstate="Runnable" seed="1978963699" result="Failed" label="Error" start-time="2016-08-02 15:59:03Z" end-time="2016-08-02 15:59:03Z" duration="0.002091" asserts="0">
              <failure>
                <message><![CDATA[System.Collections.Generic.KeyNotFoundException : The given key was not present in the dictionary.
TearDown : System.Collections.Generic.KeyNotFoundException : The given key was not present in the dictionary.]]></message>
                <stack-trace><![CDATA[   at System.Collections.Generic.Dictionary`2.get_Item(TKey key)
   at log4net.Core.CompactRepositorySelector.CreateRepository(Assembly assembly, Type repositoryType) in C:\src\log4net\src\log4net\Core\CompactRepositorySelector.cs:line 185
   at log4net.Core.CompactRepositorySelector.GetRepository(Assembly assembly) in C:\src\log4net\src\log4net\Core\CompactRepositorySelector.cs:line 115
   at log4net.Core.LoggerManager.GetRepository(Assembly repositoryAssembly) in C:\src\log4net\src\log4net\Core\LoggerManager.cs:line 242
   at log4net.LogManager.GetRepository(Assembly repositoryAssembly) in C:\src\log4net\src\log4net\LogManager.cs:line 543
   at log4net.LogManager.GetRepository() in C:\src\log4net\src\log4net\LogManager.cs:line 511
   at log4net.Tests.Appender.RollingFileAppenderTest.ResetAndDeleteTestFiles() in C:\src\log4net\tests\log4net.Tests\Appender\RollingFileAppenderTest.cs:line 101
   at log4net.Tests.Appender.RollingFileAppenderTest.SetUp() in C:\src\log4net\tests\log4net.Tests\Appender\RollingFileAppenderTest.cs:line 115
--TearDown
   at System.Collections.Generic.Dictionary`2.get_Item(TKey key)
   at log4net.Core.CompactRepositorySelector.CreateRepository(Assembly assembly, Type repositoryType) in C:\src\log4net\src\log4net\Core\CompactRepositorySelector.cs:line 185
   at log4net.Core.CompactRepositorySelector.GetRepository(Assembly assembly) in C:\src\log4net\src\log4net\Core\CompactRepositorySelector.cs:line 115
   at log4net.Core.LoggerManager.GetRepository(Assembly repositoryAssembly) in C:\src\log4net\src\log4net\Core\LoggerManager.cs:line 242
   at log4net.LogManager.GetRepository(Assembly repositoryAssembly) in C:\src\log4net\src\log4net\LogManager.cs:line 543
   at log4net.LogManager.GetRepository() in C:\src\log4net\src\log4net\LogManager.cs:line 511
   at log4net.Tests.Appender.RollingFileAppenderTest.ResetAndDeleteTestFiles() in C:\src\log4net\tests\log4net.Tests\Appender\RollingFileAppenderTest.cs:line 101
   at log4net.Tests.Appender.RollingFileAppenderTest.TearDown() in C:\src\log4net\tests\log4net.Tests\Appender\RollingFileAppenderTest.cs:line 130]]></stack-trace>
              </failure>
            </test-case>
            <test-case id="1084" name="TestInitializeCountUpFixed" fullname="log4net.Tests.Appender.RollingFileAppenderTest.TestInitializeCountUpFixed" methodname="TestInitializeCountUpFixed" classname="log4net.Tests.Appender.RollingFileAppenderTest" runstate="Runnable" seed="1309637699" result="Failed" label="Error" start-time="2016-08-02 15:59:03Z" end-time="2016-08-02 15:59:03Z" duration="0.002090" asserts="0">
              <failure>
                <message><![CDATA[System.Collections.Generic.KeyNotFoundException : The given key was not present in the dictionary.
TearDown : System.Collections.Generic.KeyNotFoundException : The given key was not present in the dictionary.]]></message>
                <stack-trace><![CDATA[   at System.Collections.Generic.Dictionary`2.get_Item(TKey key)
   at log4net.Core.CompactRepositorySelector.CreateRepository(Assembly assembly, Type repositoryType) in C:\src\log4net\src\log4net\Core\CompactRepositorySelector.cs:line 185
   at log4net.Core.CompactRepositorySelector.GetRepository(Assembly assembly) in C:\src\log4net\src\log4net\Core\CompactRepositorySelector.cs:line 115
   at log4net.Core.LoggerManager.GetRepository(Assembly repositoryAssembly) in C:\src\log4net\src\log4net\Core\LoggerManager.cs:line 242
   at log4net.LogManager.GetRepository(Assembly repositoryAssembly) in C:\src\log4net\src\log4net\LogManager.cs:line 543
   at log4net.LogManager.GetRepository() in C:\src\log4net\src\log4net\LogManager.cs:line 511
   at log4net.Tests.Appender.RollingFileAppenderTest.ResetAndDeleteTestFiles() in C:\src\log4net\tests\log4net.Tests\Appender\RollingFileAppenderTest.cs:line 101
   at log4net.Tests.Appender.RollingFileAppenderTest.SetUp() in C:\src\log4net\tests\log4net.Tests\Appender\RollingFileAppenderTest.cs:line 115
--TearDown
   at System.Collections.Generic.Dictionary`2.get_Item(TKey key)
   at log4net.Core.CompactRepositorySelector.CreateRepository(Assembly assembly, Type repositoryType) in C:\src\log4net\src\log4net\Core\CompactRepositorySelector.cs:line 185
   at log4net.Core.CompactRepositorySelector.GetRepository(Assembly assembly) in C:\src\log4net\src\log4net\Core\CompactRepositorySelector.cs:line 115
   at log4net.Core.LoggerManager.GetRepository(Assembly repositoryAssembly) in C:\src\log4net\src\log4net\Core\LoggerManager.cs:line 242
   at log4net.LogManager.GetRepository(Assembly repositoryAssembly) in C:\src\log4net\src\log4net\LogManager.cs:line 543
   at log4net.LogManager.GetRepository() in C:\src\log4net\src\log4net\LogManager.cs:line 511
   at log4net.Tests.Appender.RollingFileAppenderTest.ResetAndDeleteTestFiles() in C:\src\log4net\tests\log4net.Tests\Appender\RollingFileAppenderTest.cs:line 101
   at log4net.Tests.Appender.RollingFileAppenderTest.TearDown() in C:\src\log4net\tests\log4net.Tests\Appender\RollingFileAppenderTest.cs:line 130]]></stack-trace>
              </failure>
            </test-case>
            <test-case id="1085" name="TestInitializeCountUpFixed2" fullname="log4net.Tests.Appender.RollingFileAppenderTest.TestInitializeCountUpFixed2" methodname="TestInitializeCountUpFixed2" classname="log4net.Tests.Appender.RollingFileAppenderTest" runstate="Runnable" seed="1700032689" result="Failed" label="Error" start-time="2016-08-02 15:59:03Z" end-time="2016-08-02 15:59:03Z" duration="0.002281" asserts="0">
              <failure>
                <message><![CDATA[System.Collections.Generic.KeyNotFoundException : The given key was not present in the dictionary.
TearDown : System.Collections.Generic.KeyNotFoundException : The given key was not present in the dictionary.]]></message>
                <stack-trace><![CDATA[   at System.Collections.Generic.Dictionary`2.get_Item(TKey key)
   at log4net.Core.CompactRepositorySelector.CreateRepository(Assembly assembly, Type repositoryType) in C:\src\log4net\src\log4net\Core\CompactRepositorySelector.cs:line 185
   at log4net.Core.CompactRepositorySelector.GetRepository(Assembly assembly) in C:\src\log4net\src\log4net\Core\CompactRepositorySelector.cs:line 115
   at log4net.Core.LoggerManager.GetRepository(Assembly repositoryAssembly) in C:\src\log4net\src\log4net\Core\LoggerManager.cs:line 242
   at log4net.LogManager.GetRepository(Assembly repositoryAssembly) in C:\src\log4net\src\log4net\LogManager.cs:line 543
   at log4net.LogManager.GetRepository() in C:\src\log4net\src\log4net\LogManager.cs:line 511
   at log4net.Tests.Appender.RollingFileAppenderTest.ResetAndDeleteTestFiles() in C:\src\log4net\tests\log4net.Tests\Appender\RollingFileAppenderTest.cs:line 101
   at log4net.Tests.Appender.RollingFileAppenderTest.SetUp() in C:\src\log4net\tests\log4net.Tests\Appender\RollingFileAppenderTest.cs:line 115
--TearDown
   at System.Collections.Generic.Dictionary`2.get_Item(TKey key)
   at log4net.Core.CompactRepositorySelector.CreateRepository(Assembly assembly, Type repositoryType) in C:\src\log4net\src\log4net\Core\CompactRepositorySelector.cs:line 185
   at log4net.Core.CompactRepositorySelector.GetRepository(Assembly assembly) in C:\src\log4net\src\log4net\Core\CompactRepositorySelector.cs:line 115
   at log4net.Core.LoggerManager.GetRepository(Assembly repositoryAssembly) in C:\src\log4net\src\log4net\Core\LoggerManager.cs:line 242
   at log4net.LogManager.GetRepository(Assembly repositoryAssembly) in C:\src\log4net\src\log4net\LogManager.cs:line 543
   at log4net.LogManager.GetRepository() in C:\src\log4net\src\log4net\LogManager.cs:line 511
   at log4net.Tests.Appender.RollingFileAppenderTest.ResetAndDeleteTestFiles() in C:\src\log4net\tests\log4net.Tests\Appender\RollingFileAppenderTest.cs:line 101
   at log4net.Tests.Appender.RollingFileAppenderTest.TearDown() in C:\src\log4net\tests\log4net.Tests\Appender\RollingFileAppenderTest.cs:line 130]]></stack-trace>
              </failure>
            </test-case>
            <test-case id="1098" name="TestInitializeCountUpInfinite" fullname="log4net.Tests.Appender.RollingFileAppenderTest.TestInitializeCountUpInfinite" methodname="TestInitializeCountUpInfinite" classname="log4net.Tests.Appender.RollingFileAppenderTest" runstate="Runnable" seed="569002773" result="Failed" label="Error" start-time="2016-08-02 15:59:03Z" end-time="2016-08-02 15:59:03Z" duration="0.002236" asserts="0">
              <failure>
                <message><![CDATA[System.Collections.Generic.KeyNotFoundException : The given key was not present in the dictionary.
TearDown : System.Collections.Generic.KeyNotFoundException : The given key was not present in the dictionary.]]></message>
                <stack-trace><![CDATA[   at System.Collections.Generic.Dictionary`2.get_Item(TKey key)
   at log4net.Core.CompactRepositorySelector.CreateRepository(Assembly assembly, Type repositoryType) in C:\src\log4net\src\log4net\Core\CompactRepositorySelector.cs:line 185
   at log4net.Core.CompactRepositorySelector.GetRepository(Assembly assembly) in C:\src\log4net\src\log4net\Core\CompactRepositorySelector.cs:line 115
   at log4net.Core.LoggerManager.GetRepository(Assembly repositoryAssembly) in C:\src\log4net\src\log4net\Core\LoggerManager.cs:line 242
   at log4net.LogManager.GetRepository(Assembly repositoryAssembly) in C:\src\log4net\src\log4net\LogManager.cs:line 543
   at log4net.LogManager.GetRepository() in C:\src\log4net\src\log4net\LogManager.cs:line 511
   at log4net.Tests.Appender.RollingFileAppenderTest.ResetAndDeleteTestFiles() in C:\src\log4net\tests\log4net.Tests\Appender\RollingFileAppenderTest.cs:line 101
   at log4net.Tests.Appender.RollingFileAppenderTest.SetUp() in C:\src\log4net\tests\log4net.Tests\Appender\RollingFileAppenderTest.cs:line 115
--TearDown
   at System.Collections.Generic.Dictionary`2.get_Item(TKey key)
   at log4net.Core.CompactRepositorySelector.CreateRepository(Assembly assembly, Type repositoryType) in C:\src\log4net\src\log4net\Core\CompactRepositorySelector.cs:line 185
   at log4net.Core.CompactRepositorySelector.GetRepository(Assembly assembly) in C:\src\log4net\src\log4net\Core\CompactRepositorySelector.cs:line 115
   at log4net.Core.LoggerManager.GetRepository(Assembly repositoryAssembly) in C:\src\log4net\src\log4net\Core\LoggerManager.cs:line 242
   at log4net.LogManager.GetRepository(Assembly repositoryAssembly) in C:\src\log4net\src\log4net\LogManager.cs:line 543
   at log4net.LogManager.GetRepository() in C:\src\log4net\src\log4net\LogManager.cs:line 511
   at log4net.Tests.Appender.RollingFileAppenderTest.ResetAndDeleteTestFiles() in C:\src\log4net\tests\log4net.Tests\Appender\RollingFileAppenderTest.cs:line 101
   at log4net.Tests.Appender.RollingFileAppenderTest.TearDown() in C:\src\log4net\tests\log4net.Tests\Appender\RollingFileAppenderTest.cs:line 130]]></stack-trace>
              </failure>
            </test-case>
            <test-case id="1099" name="TestInitializeCountUpInfinite2" fullname="log4net.Tests.Appender.RollingFileAppenderTest.TestInitializeCountUpInfinite2" methodname="TestInitializeCountUpInfinite2" classname="log4net.Tests.Appender.RollingFileAppenderTest" runstate="Runnable" seed="1519115820" result="Failed" label="Error" start-time="2016-08-02 15:59:03Z" end-time="2016-08-02 15:59:03Z" duration="0.002113" asserts="0">
              <failure>
                <message><![CDATA[System.Collections.Generic.KeyNotFoundException : The given key was not present in the dictionary.
TearDown : System.Collections.Generic.KeyNotFoundException : The given key was not present in the dictionary.]]></message>
                <stack-trace><![CDATA[   at System.Collections.Generic.Dictionary`2.get_Item(TKey key)
   at log4net.Core.CompactRepositorySelector.CreateRepository(Assembly assembly, Type repositoryType) in C:\src\log4net\src\log4net\Core\CompactRepositorySelector.cs:line 185
   at log4net.Core.CompactRepositorySelector.GetRepository(Assembly assembly) in C:\src\log4net\src\log4net\Core\CompactRepositorySelector.cs:line 115
   at log4net.Core.LoggerManager.GetRepository(Assembly repositoryAssembly) in C:\src\log4net\src\log4net\Core\LoggerManager.cs:line 242
   at log4net.LogManager.GetRepository(Assembly repositoryAssembly) in C:\src\log4net\src\log4net\LogManager.cs:line 543
   at log4net.LogManager.GetRepository() in C:\src\log4net\src\log4net\LogManager.cs:line 511
   at log4net.Tests.Appender.RollingFileAppenderTest.ResetAndDeleteTestFiles() in C:\src\log4net\tests\log4net.Tests\Appender\RollingFileAppenderTest.cs:line 101
   at log4net.Tests.Appender.RollingFileAppenderTest.SetUp() in C:\src\log4net\tests\log4net.Tests\Appender\RollingFileAppenderTest.cs:line 115
--TearDown
   at System.Collections.Generic.Dictionary`2.get_Item(TKey key)
   at log4net.Core.CompactRepositorySelector.CreateRepository(Assembly assembly, Type repositoryType) in C:\src\log4net\src\log4net\Core\CompactRepositorySelector.cs:line 185
   at log4net.Core.CompactRepositorySelector.GetRepository(Assembly assembly) in C:\src\log4net\src\log4net\Core\CompactRepositorySelector.cs:line 115
   at log4net.Core.LoggerManager.GetRepository(Assembly repositoryAssembly) in C:\src\log4net\src\log4net\Core\LoggerManager.cs:line 242
   at log4net.LogManager.GetRepository(Assembly repositoryAssembly) in C:\src\log4net\src\log4net\LogManager.cs:line 543
   at log4net.LogManager.GetRepository() in C:\src\log4net\src\log4net\LogManager.cs:line 511
   at log4net.Tests.Appender.RollingFileAppenderTest.ResetAndDeleteTestFiles() in C:\src\log4net\tests\log4net.Tests\Appender\RollingFileAppenderTest.cs:line 101
   at log4net.Tests.Appender.RollingFileAppenderTest.TearDown() in C:\src\log4net\tests\log4net.Tests\Appender\RollingFileAppenderTest.cs:line 130]]></stack-trace>
              </failure>
            </test-case>
            <test-case id="1100" name="TestInitializeCountUpInfinite3" fullname="log4net.Tests.Appender.RollingFileAppenderTest.TestInitializeCountUpInfinite3" methodname="TestInitializeCountUpInfinite3" classname="log4net.Tests.Appender.RollingFileAppenderTest" runstate="Runnable" seed="1691348272" result="Failed" label="Error" start-time="2016-08-02 15:59:03Z" end-time="2016-08-02 15:59:03Z" duration="0.002091" asserts="0">
              <failure>
                <message><![CDATA[System.Collections.Generic.KeyNotFoundException : The given key was not present in the dictionary.
TearDown : System.Collections.Generic.KeyNotFoundException : The given key was not present in the dictionary.]]></message>
                <stack-trace><![CDATA[   at System.Collections.Generic.Dictionary`2.get_Item(TKey key)
   at log4net.Core.CompactRepositorySelector.CreateRepository(Assembly assembly, Type repositoryType) in C:\src\log4net\src\log4net\Core\CompactRepositorySelector.cs:line 185
   at log4net.Core.CompactRepositorySelector.GetRepository(Assembly assembly) in C:\src\log4net\src\log4net\Core\CompactRepositorySelector.cs:line 115
   at log4net.Core.LoggerManager.GetRepository(Assembly repositoryAssembly) in C:\src\log4net\src\log4net\Core\LoggerManager.cs:line 242
   at log4net.LogManager.GetRepository(Assembly repositoryAssembly) in C:\src\log4net\src\log4net\LogManager.cs:line 543
   at log4net.LogManager.GetRepository() in C:\src\log4net\src\log4net\LogManager.cs:line 511
   at log4net.Tests.Appender.RollingFileAppenderTest.ResetAndDeleteTestFiles() in C:\src\log4net\tests\log4net.Tests\Appender\RollingFileAppenderTest.cs:line 101
   at log4net.Tests.Appender.RollingFileAppenderTest.SetUp() in C:\src\log4net\tests\log4net.Tests\Appender\RollingFileAppenderTest.cs:line 115
--TearDown
   at System.Collections.Generic.Dictionary`2.get_Item(TKey key)
   at log4net.Core.CompactRepositorySelector.CreateRepository(Assembly assembly, Type repositoryType) in C:\src\log4net\src\log4net\Core\CompactRepositorySelector.cs:line 185
   at log4net.Core.CompactRepositorySelector.GetRepository(Assembly assembly) in C:\src\log4net\src\log4net\Core\CompactRepositorySelector.cs:line 115
   at log4net.Core.LoggerManager.GetRepository(Assembly repositoryAssembly) in C:\src\log4net\src\log4net\Core\LoggerManager.cs:line 242
   at log4net.LogManager.GetRepository(Assembly repositoryAssembly) in C:\src\log4net\src\log4net\LogManager.cs:line 543
   at log4net.LogManager.GetRepository() in C:\src\log4net\src\log4net\LogManager.cs:line 511
   at log4net.Tests.Appender.RollingFileAppenderTest.ResetAndDeleteTestFiles() in C:\src\log4net\tests\log4net.Tests\Appender\RollingFileAppenderTest.cs:line 101
   at log4net.Tests.Appender.RollingFileAppenderTest.TearDown() in C:\src\log4net\tests\log4net.Tests\Appender\RollingFileAppenderTest.cs:line 130]]></stack-trace>
              </failure>
            </test-case>
            <test-case id="1086" name="TestInitializeCountUpZeroBackups" fullname="log4net.Tests.Appender.RollingFileAppenderTest.TestInitializeCountUpZeroBackups" methodname="TestInitializeCountUpZeroBackups" classname="log4net.Tests.Appender.RollingFileAppenderTest" runstate="Runnable" seed="984141148" result="Failed" label="Error" start-time="2016-08-02 15:59:03Z" end-time="2016-08-02 15:59:03Z" duration="0.002109" asserts="0">
              <failure>
                <message><![CDATA[System.Collections.Generic.KeyNotFoundException : The given key was not present in the dictionary.
TearDown : System.Collections.Generic.KeyNotFoundException : The given key was not present in the dictionary.]]></message>
                <stack-trace><![CDATA[   at System.Collections.Generic.Dictionary`2.get_Item(TKey key)
   at log4net.Core.CompactRepositorySelector.CreateRepository(Assembly assembly, Type repositoryType) in C:\src\log4net\src\log4net\Core\CompactRepositorySelector.cs:line 185
   at log4net.Core.CompactRepositorySelector.GetRepository(Assembly assembly) in C:\src\log4net\src\log4net\Core\CompactRepositorySelector.cs:line 115
   at log4net.Core.LoggerManager.GetRepository(Assembly repositoryAssembly) in C:\src\log4net\src\log4net\Core\LoggerManager.cs:line 242
   at log4net.LogManager.GetRepository(Assembly repositoryAssembly) in C:\src\log4net\src\log4net\LogManager.cs:line 543
   at log4net.LogManager.GetRepository() in C:\src\log4net\src\log4net\LogManager.cs:line 511
   at log4net.Tests.Appender.RollingFileAppenderTest.ResetAndDeleteTestFiles() in C:\src\log4net\tests\log4net.Tests\Appender\RollingFileAppenderTest.cs:line 101
   at log4net.Tests.Appender.RollingFileAppenderTest.SetUp() in C:\src\log4net\tests\log4net.Tests\Appender\RollingFileAppenderTest.cs:line 115
--TearDown
   at System.Collections.Generic.Dictionary`2.get_Item(TKey key)
   at log4net.Core.CompactRepositorySelector.CreateRepository(Assembly assembly, Type repositoryType) in C:\src\log4net\src\log4net\Core\CompactRepositorySelector.cs:line 185
   at log4net.Core.CompactRepositorySelector.GetRepository(Assembly assembly) in C:\src\log4net\src\log4net\Core\CompactRepositorySelector.cs:line 115
   at log4net.Core.LoggerManager.GetRepository(Assembly repositoryAssembly) in C:\src\log4net\src\log4net\Core\LoggerManager.cs:line 242
   at log4net.LogManager.GetRepository(Assembly repositoryAssembly) in C:\src\log4net\src\log4net\LogManager.cs:line 543
   at log4net.LogManager.GetRepository() in C:\src\log4net\src\log4net\LogManager.cs:line 511
   at log4net.Tests.Appender.RollingFileAppenderTest.ResetAndDeleteTestFiles() in C:\src\log4net\tests\log4net.Tests\Appender\RollingFileAppenderTest.cs:line 101
   at log4net.Tests.Appender.RollingFileAppenderTest.TearDown() in C:\src\log4net\tests\log4net.Tests\Appender\RollingFileAppenderTest.cs:line 130]]></stack-trace>
              </failure>
            </test-case>
            <test-case id="1083" name="TestInitializeRollBackups1" fullname="log4net.Tests.Appender.RollingFileAppenderTest.TestInitializeRollBackups1" methodname="TestInitializeRollBackups1" classname="log4net.Tests.Appender.RollingFileAppenderTest" runstate="Runnable" seed="1567780938" result="Failed" label="Error" start-time="2016-08-02 15:59:03Z" end-time="2016-08-02 15:59:03Z" duration="0.002086" asserts="0">
              <failure>
                <message><![CDATA[System.Collections.Generic.KeyNotFoundException : The given key was not present in the dictionary.
TearDown : System.Collections.Generic.KeyNotFoundException : The given key was not present in the dictionary.]]></message>
                <stack-trace><![CDATA[   at System.Collections.Generic.Dictionary`2.get_Item(TKey key)
   at log4net.Core.CompactRepositorySelector.CreateRepository(Assembly assembly, Type repositoryType) in C:\src\log4net\src\log4net\Core\CompactRepositorySelector.cs:line 185
   at log4net.Core.CompactRepositorySelector.GetRepository(Assembly assembly) in C:\src\log4net\src\log4net\Core\CompactRepositorySelector.cs:line 115
   at log4net.Core.LoggerManager.GetRepository(Assembly repositoryAssembly) in C:\src\log4net\src\log4net\Core\LoggerManager.cs:line 242
   at log4net.LogManager.GetRepository(Assembly repositoryAssembly) in C:\src\log4net\src\log4net\LogManager.cs:line 543
   at log4net.LogManager.GetRepository() in C:\src\log4net\src\log4net\LogManager.cs:line 511
   at log4net.Tests.Appender.RollingFileAppenderTest.ResetAndDeleteTestFiles() in C:\src\log4net\tests\log4net.Tests\Appender\RollingFileAppenderTest.cs:line 101
   at log4net.Tests.Appender.RollingFileAppenderTest.SetUp() in C:\src\log4net\tests\log4net.Tests\Appender\RollingFileAppenderTest.cs:line 115
--TearDown
   at System.Collections.Generic.Dictionary`2.get_Item(TKey key)
   at log4net.Core.CompactRepositorySelector.CreateRepository(Assembly assembly, Type repositoryType) in C:\src\log4net\src\log4net\Core\CompactRepositorySelector.cs:line 185
   at log4net.Core.CompactRepositorySelector.GetRepository(Assembly assembly) in C:\src\log4net\src\log4net\Core\CompactRepositorySelector.cs:line 115
   at log4net.Core.LoggerManager.GetRepository(Assembly repositoryAssembly) in C:\src\log4net\src\log4net\Core\LoggerManager.cs:line 242
   at log4net.LogManager.GetRepository(Assembly repositoryAssembly) in C:\src\log4net\src\log4net\LogManager.cs:line 543
   at log4net.LogManager.GetRepository() in C:\src\log4net\src\log4net\LogManager.cs:line 511
   at log4net.Tests.Appender.RollingFileAppenderTest.ResetAndDeleteTestFiles() in C:\src\log4net\tests\log4net.Tests\Appender\RollingFileAppenderTest.cs:line 101
   at log4net.Tests.Appender.RollingFileAppenderTest.TearDown() in C:\src\log4net\tests\log4net.Tests\Appender\RollingFileAppenderTest.cs:line 130]]></stack-trace>
[...]
                <stack-trace><![CDATA[   at System.Collections.Generic.Dictionary`2.get_Item(TKey key)
   at log4net.Core.CompactRepositorySelector.CreateRepository(String repositoryName, Type repositoryType) in C:\src\log4net\src\log4net\Core\CompactRepositorySelector.cs:line 237
   at log4net.Core.LoggerManager.CreateRepository(String repository) in C:\src\log4net\src\log4net\Core\LoggerManager.cs:line 635
   at log4net.LogManager.CreateRepository(String repository) in C:\src\log4net\src\log4net\LogManager.cs:line 633
   at log4net.Tests.Layout.PatternLayoutTest.NamedPatternConverterWithPrecision1ShouldStripLeadingStuffIfPresent() in C:\src\log4net\tests\log4net.Tests\Layout\PatternLayoutTest.cs:line 224
--TearDown
   at log4net.GlobalContext.get_Properties() in C:\src\log4net\src\log4net\GlobalContext.cs:line 88
   at log4net.Tests.Utils.RemovePropertyFromAllContexts() in C:\src\log4net\tests\log4net.Tests\Utils.cs:line 119
   at log4net.Tests.Layout.PatternLayoutTest.TearDown() in C:\src\log4net\tests\log4net.Tests\Layout\PatternLayoutTest.cs:line 60
--InvalidCastException
   at log4net.Util.ReadOnlyPropertiesDictionary..ctor(ReadOnlyPropertiesDictionary propertiesDictionary) in C:\src\log4net\src\log4net\Util\ReadOnlyPropertiesDictionary.cs:line 86
   at log4net.Util.GlobalContextProperties.set_Item(String key, Object value) in C:\src\log4net\src\log4net\Util\GlobalContextProperties.cs:line 110
   at log4net.GlobalContext..cctor() in C:\src\log4net\src\log4net\GlobalContext.cs:line 70]]></stack-trace>
              </failure>
            </test-case>
            <test-case id="1022" name="NamedPatternConverterWithPrecision2ShouldStripLessLeadingStuffIfPresent" fullname="log4net.Tests.Layout.PatternLayoutTest.NamedPatternConverterWithPrecision2ShouldStripLessLeadingStuffIfPresent" methodname="NamedPatternConverterWithPrecision2ShouldStripLessLeadingStuffIfPresent" classname="log4net.Tests.Layout.PatternLayoutTest" runstate="Runnable" seed="2141915520" result="Failed" label="Error" start-time="2016-08-02 15:59:03Z" end-time="2016-08-02 15:59:03Z" duration="0.002108" asserts="0">
              <failure>
                <message><![CDATA[System.Collections.Generic.KeyNotFoundException : The given key was not present in the dictionary.
TearDown : System.TypeInitializationException : The type initializer for 'log4net.GlobalContext' threw an exception.
  ----> System.InvalidCastException : Unable to cast object of type 'System.Collections.Generic.KeyValuePair`2[System.Object,System.Object]' to type 'System.Collections.DictionaryEntry'.]]></message>
                <stack-trace><![CDATA[   at System.Collections.Generic.Dictionary`2.get_Item(TKey key)
   at log4net.Core.CompactRepositorySelector.CreateRepository(String repositoryName, Type repositoryType) in C:\src\log4net\src\log4net\Core\CompactRepositorySelector.cs:line 237
   at log4net.Core.LoggerManager.CreateRepository(String repository) in C:\src\log4net\src\log4net\Core\LoggerManager.cs:line 635
   at log4net.LogManager.CreateRepository(String repository) in C:\src\log4net\src\log4net\LogManager.cs:line 633
   at log4net.Tests.Layout.PatternLayoutTest.NamedPatternConverterWithPrecision2ShouldStripLessLeadingStuffIfPresent() in C:\src\log4net\tests\log4net.Tests\Layout\PatternLayoutTest.cs:line 270
--TearDown
   at log4net.GlobalContext.get_Properties() in C:\src\log4net\src\log4net\GlobalContext.cs:line 88
   at log4net.Tests.Utils.RemovePropertyFromAllContexts() in C:\src\log4net\tests\log4net.Tests\Utils.cs:line 119
   at log4net.Tests.Layout.PatternLayoutTest.TearDown() in C:\src\log4net\tests\log4net.Tests\Layout\PatternLayoutTest.cs:line 60
--InvalidCastException
   at log4net.Util.ReadOnlyPropertiesDictionary..ctor(ReadOnlyPropertiesDictionary propertiesDictionary) in C:\src\log4net\src\log4net\Util\ReadOnlyPropertiesDictionary.cs:line 86
   at log4net.Util.GlobalContextProperties.set_Item(String key, Object value) in C:\src\log4net\src\log4net\Util\GlobalContextProperties.cs:line 110
   at log4net.GlobalContext..cctor() in C:\src\log4net\src\log4net\GlobalContext.cs:line 70]]></stack-trace>
              </failure>
            </test-case>
            <test-case id="1019" name="TestAddingCustomPattern" fullname="log4net.Tests.Layout.PatternLayoutTest.TestAddingCustomPattern" methodname="TestAddingCustomPattern" classname="log4net.Tests.Layout.PatternLayoutTest" runstate="Runnable" seed="1718105529" result="Failed" label="Error" start-time="2016-08-02 15:59:03Z" end-time="2016-08-02 15:59:03Z" duration="0.002066" asserts="0">
              <failure>
                <message><![CDATA[System.Collections.Generic.KeyNotFoundException : The given key was not present in the dictionary.
TearDown : System.TypeInitializationException : The type initializer for 'log4net.GlobalContext' threw an exception.
  ----> System.InvalidCastException : Unable to cast object of type 'System.Collections.Generic.KeyValuePair`2[System.Object,System.Object]' to type 'System.Collections.DictionaryEntry'.]]></message>
                <stack-trace><![CDATA[   at System.Collections.Generic.Dictionary`2.get_Item(TKey key)
   at log4net.Core.CompactRepositorySelector.CreateRepository(String repositoryName, Type repositoryType) in C:\src\log4net\src\log4net\Core\CompactRepositorySelector.cs:line 237
   at log4net.Core.LoggerManager.CreateRepository(String repository) in C:\src\log4net\src\log4net\Core\LoggerManager.cs:line 635
   at log4net.LogManager.CreateRepository(String repository) in C:\src\log4net\src\log4net\LogManager.cs:line 633
   at log4net.Tests.Layout.PatternLayoutTest.TestAddingCustomPattern() in C:\src\log4net\tests\log4net.Tests\Layout\PatternLayoutTest.cs:line 158
--TearDown
   at log4net.GlobalContext.get_Properties() in C:\src\log4net\src\log4net\GlobalContext.cs:line 88
   at log4net.Tests.Utils.RemovePropertyFromAllContexts() in C:\src\log4net\tests\log4net.Tests\Utils.cs:line 119
   at log4net.Tests.Layout.PatternLayoutTest.TearDown() in C:\src\log4net\tests\log4net.Tests\Layout\PatternLayoutTest.cs:line 60
--InvalidCastException
   at log4net.Util.ReadOnlyPropertiesDictionary..ctor(ReadOnlyPropertiesDictionary propertiesDictionary) in C:\src\log4net\src\log4net\Util\ReadOnlyPropertiesDictionary.cs:line 86
   at log4net.Util.GlobalContextProperties.set_Item(String key, Object value) in C:\src\log4net\src\log4net\Util\GlobalContextProperties.cs:line 110
   at log4net.GlobalContext..cctor() in C:\src\log4net\src\log4net\GlobalContext.cs:line 70]]></stack-trace>
              </failure>
            </test-case>
            <test-case id="1023" name="TestExceptionPattern" fullname="log4net.Tests.Layout.PatternLayoutTest.TestExceptionPattern" methodname="TestExceptionPattern" classname="log4net.Tests.Layout.PatternLayoutTest" runstate="Runnable" seed="730129154" result="Failed" label="Error" start-time="2016-08-02 15:59:03Z" end-time="2016-08-02 15:59:03Z" duration="0.002343" asserts="0">
              <failure>
                <message><![CDATA[System.Collections.Generic.KeyNotFoundException : The given key was not present in the dictionary.
TearDown : System.TypeInitializationException : The type initializer for 'log4net.GlobalContext' threw an exception.
  ----> System.InvalidCastException : Unable to cast object of type 'System.Collections.Generic.KeyValuePair`2[System.Object,System.Object]' to type 'System.Collections.DictionaryEntry'.]]></message>
                <stack-trace><![CDATA[   at System.Collections.Generic.Dictionary`2.get_Item(TKey key)
   at log4net.Core.CompactRepositorySelector.CreateRepository(String repositoryName, Type repositoryType) in C:\src\log4net\src\log4net\Core\CompactRepositorySelector.cs:line 237
   at log4net.Core.LoggerManager.CreateRepository(String repository) in C:\src\log4net\src\log4net\Core\LoggerManager.cs:line 635
   at log4net.LogManager.CreateRepository(String repository) in C:\src\log4net\src\log4net\LogManager.cs:line 633
   at log4net.Tests.Layout.PatternLayoutTest.TestExceptionPattern() in C:\src\log4net\tests\log4net.Tests\Layout\PatternLayoutTest.cs:line 332
--TearDown
   at log4net.GlobalContext.get_Properties() in C:\src\log4net\src\log4net\GlobalContext.cs:line 88
   at log4net.Tests.Utils.RemovePropertyFromAllContexts() in C:\src\log4net\tests\log4net.Tests\Utils.cs:line 119
   at log4net.Tests.Layout.PatternLayoutTest.TearDown() in C:\src\log4net\tests\log4net.Tests\Layout\PatternLayoutTest.cs:line 60
--InvalidCastException
   at log4net.Util.ReadOnlyPropertiesDictionary..ctor(ReadOnlyPropertiesDictionary propertiesDictionary) in C:\src\log4net\src\log4net\Util\ReadOnlyPropertiesDictionary.cs:line 86
   at log4net.Util.GlobalContextProperties.set_Item(String key, Object value) in C:\src\log4net\src\log4net\Util\GlobalContextProperties.cs:line 110
   at log4net.GlobalContext..cctor() in C:\src\log4net\src\log4net\GlobalContext.cs:line 70]]></stack-trace>
              </failure>
            </test-case>
            <test-case id="1018" name="TestGlobalPropertiesPattern" fullname="log4net.Tests.Layout.PatternLayoutTest.TestGlobalPropertiesPattern" methodname="TestGlobalPropertiesPattern" classname="log4net.Tests.Layout.PatternLayoutTest" runstate="Runnable" seed="2141257277" result="Failed" label="Error" start-time="2016-08-02 15:59:03Z" end-time="2016-08-02 15:59:03Z" duration="0.002265" asserts="0">
              <failure>
                <message><![CDATA[System.Collections.Generic.KeyNotFoundException : The given key was not present in the dictionary.
TearDown : System.TypeInitializationException : The type initializer for 'log4net.GlobalContext' threw an exception.
  ----> System.InvalidCastException : Unable to cast object of type 'System.Collections.Generic.KeyValuePair`2[System.Object,System.Object]' to type 'System.Collections.DictionaryEntry'.]]></message>
                <stack-trace><![CDATA[   at System.Collections.Generic.Dictionary`2.get_Item(TKey key)
   at log4net.Core.CompactRepositorySelector.CreateRepository(String repositoryName, Type repositoryType) in C:\src\log4net\src\log4net\Core\CompactRepositorySelector.cs:line 237
   at log4net.Core.LoggerManager.CreateRepository(String repository) in C:\src\log4net\src\log4net\Core\LoggerManager.cs:line 635
   at log4net.LogManager.CreateRepository(String repository) in C:\src\log4net\src\log4net\LogManager.cs:line 633
   at log4net.Tests.Layout.PatternLayoutTest.TestGlobalPropertiesPattern() in C:\src\log4net\tests\log4net.Tests\Layout\PatternLayoutTest.cs:line 124
--TearDown
   at log4net.GlobalContext.get_Properties() in C:\src\log4net\src\log4net\GlobalContext.cs:line 88
   at log4net.Tests.Utils.RemovePropertyFromAllContexts() in C:\src\log4net\tests\log4net.Tests\Utils.cs:line 119
   at log4net.Tests.Layout.PatternLayoutTest.TearDown() in C:\src\log4net\tests\log4net.Tests\Layout\PatternLayoutTest.cs:line 60
--InvalidCastException
   at log4net.Util.ReadOnlyPropertiesDictionary..ctor(ReadOnlyPropertiesDictionary propertiesDictionary) in C:\src\log4net\src\log4net\Util\ReadOnlyPropertiesDictionary.cs:line 86
   at log4net.Util.GlobalContextProperties.set_Item(String key, Object value) in C:\src\log4net\src\log4net\Util\GlobalContextProperties.cs:line 110
   at log4net.GlobalContext..cctor() in C:\src\log4net\src\log4net\GlobalContext.cs:line 70]]></stack-trace>
              </failure>
            </test-case>
            <test-case id="1017" name="TestStackTracePattern" fullname="log4net.Tests.Layout.PatternLayoutTest.TestStackTracePattern" methodname="TestStackTracePattern" classname="log4net.Tests.Layout.PatternLayoutTest" runstate="Runnable" seed="435611996" result="Failed" label="Error" start-time="2016-08-02 15:59:03Z" end-time="2016-08-02 15:59:03Z" duration="0.002328" asserts="0">
              <failure>
                <message><![CDATA[System.Collections.Generic.KeyNotFoundException : The given key was not present in the dictionary.
TearDown : System.TypeInitializationException : The type initializer for 'log4net.GlobalContext' threw an exception.
  ----> System.InvalidCastException : Unable to cast object of type 'System.Collections.Generic.KeyValuePair`2[System.Object,System.Object]' to type 'System.Collections.DictionaryEntry'.]]></message>
                <stack-trace><![CDATA[   at System.Collections.Generic.Dictionary`2.get_Item(TKey key)
   at log4net.Core.CompactRepositorySelector.CreateRepository(String repositoryName, Type repositoryType) in C:\src\log4net\src\log4net\Core\CompactRepositorySelector.cs:line 237
   at log4net.Core.LoggerManager.CreateRepository(String repository) in C:\src\log4net\src\log4net\Core\LoggerManager.cs:line 635
   at log4net.LogManager.CreateRepository(String repository) in C:\src\log4net\src\log4net\LogManager.cs:line 633
   at log4net.Tests.Layout.PatternLayoutTest.TestStackTracePattern() in C:\src\log4net\tests\log4net.Tests\Layout\PatternLayoutTest.cs:line 108
--TearDown
   at log4net.GlobalContext.get_Properties() in C:\src\log4net\src\log4net\GlobalContext.cs:line 88
   at log4net.Tests.Utils.RemovePropertyFromAllContexts() in C:\src\log4net\tests\log4net.Tests\Utils.cs:line 119
   at log4net.Tests.Layout.PatternLayoutTest.TearDown() in C:\src\log4net\tests\log4net.Tests\Layout\PatternLayoutTest.cs:line 60
--InvalidCastException
   at log4net.Util.ReadOnlyPropertiesDictionary..ctor(ReadOnlyPropertiesDictionary propertiesDictionary) in C:\src\log4net\src\log4net\Util\ReadOnlyPropertiesDictionary.cs:line 86
   at log4net.Util.GlobalContextProperties.set_Item(String key, Object value) in C:\src\log4net\src\log4net\Util\GlobalContextProperties.cs:line 110
   at log4net.GlobalContext..cctor() in C:\src\log4net\src\log4net\GlobalContext.cs:line 70]]></stack-trace>
              </failure>
            </test-case>
            <test-case id="1016" name="TestThreadPropertiesPattern" fullname="log4net.Tests.Layout.PatternLayoutTest.TestThreadPropertiesPattern" methodname="TestThreadPropertiesPattern" classname="log4net.Tests.Layout.PatternLayoutTest" runstate="Runnable" seed="584768088" result="Failed" label="Error" start-time="2016-08-02 15:59:03Z" end-time="2016-08-02 15:59:03Z" duration="0.002058" asserts="0">
              <failure>
                <message><![CDATA[System.Collections.Generic.KeyNotFoundException : The given key was not present in the dictionary.
TearDown : System.TypeInitializationException : The type initializer for 'log4net.GlobalContext' threw an exception.
  ----> System.InvalidCastException : Unable to cast object of type 'System.Collections.Generic.KeyValuePair`2[System.Object,System.Object]' to type 'System.Collections.DictionaryEntry'.]]></message>
                <stack-trace><![CDATA[   at System.Collections.Generic.Dictionary`2.get_Item(TKey key)
   at log4net.Core.CompactRepositorySelector.CreateRepository(String repositoryName, Type repositoryType) in C:\src\log4net\src\log4net\Core\CompactRepositorySelector.cs:line 237
   at log4net.Core.LoggerManager.CreateRepository(String repository) in C:\src\log4net\src\log4net\Core\LoggerManager.cs:line 635
   at log4net.LogManager.CreateRepository(String repository) in C:\src\log4net\src\log4net\LogManager.cs:line 633
   at log4net.Tests.Layout.PatternLayoutTest.TestThreadPropertiesPattern() in C:\src\log4net\tests\log4net.Tests\Layout\PatternLayoutTest.cs:line 80
--TearDown
   at log4net.GlobalContext.get_Properties() in C:\src\log4net\src\log4net\GlobalContext.cs:line 88
   at log4net.Tests.Utils.RemovePropertyFromAllContexts() in C:\src\log4net\tests\log4net.Tests\Utils.cs:line 119
   at log4net.Tests.Layout.PatternLayoutTest.TearDown() in C:\src\log4net\tests\log4net.Tests\Layout\PatternLayoutTest.cs:line 60
--InvalidCastException
   at log4net.Util.ReadOnlyPropertiesDictionary..ctor(ReadOnlyPropertiesDictionary propertiesDictionary) in C:\src\log4net\src\log4net\Util\ReadOnlyPropertiesDictionary.cs:line 86
   at log4net.Util.GlobalContextProperties.set_Item(String key, Object value) in C:\src\log4net\src\log4net\Util\GlobalContextProperties.cs:line 110
   at log4net.GlobalContext..cctor() in C:\src\log4net\src\log4net\GlobalContext.cs:line 70]]></stack-trace>
              </failure>
            </test-case>
          </test-suite>
        </test-suite>
        <test-suite type="TestSuite" id="1126" name="Util" fullname="log4net.Tests.Util" runstate="Runnable" testcasecount="4" result="Failed" site="Child" start-time="2016-08-02 15:59:03Z" end-time="2016-08-02 15:59:03Z" duration="0.022206" total="4" passed="3" failed="1" inconclusive="0" skipped="0" asserts="23">
          <failure>
            <message><![CDATA[One or more child tests had errors]]></message>
          </failure>
          <test-suite type="TestFixture" id="1000" name="CyclicBufferTest" fullname="log4net.Tests.Util.CyclicBufferTest" classname="log4net.Tests.Util.CyclicBufferTest" runstate="Runnable" testcasecount="3" result="Passed" start-time="2016-08-02 15:59:03Z" end-time="2016-08-02 15:59:03Z" duration="0.018830" total="3" passed="3" failed="0" inconclusive="0" skipped="0" asserts="23">
            <test-case id="1001" name="TestConstructorSize0" fullname="log4net.Tests.Util.CyclicBufferTest.TestConstructorSize0" methodname="TestConstructorSize0" classname="log4net.Tests.Util.CyclicBufferTest" runstate="Runnable" seed="814985398" result="Passed" start-time="2016-08-02 15:59:03Z" end-time="2016-08-02 15:59:03Z" duration="0.012707" asserts="1" />
            <test-case id="1002" name="TestSize1" fullname="log4net.Tests.Util.CyclicBufferTest.TestSize1" methodname="TestSize1" classname="log4net.Tests.Util.CyclicBufferTest" runstate="Runnable" seed="415097330" result="Passed" start-time="2016-08-02 15:59:03Z" end-time="2016-08-02 15:59:03Z" duration="0.003681" asserts="12" />
            <test-case id="1003" name="TestSize2" fullname="log4net.Tests.Util.CyclicBufferTest.TestSize2" methodname="TestSize2" classname="log4net.Tests.Util.CyclicBufferTest" runstate="Runnable" seed="559227830" result="Passed" start-time="2016-08-02 15:59:03Z" end-time="2016-08-02 15:59:03Z" duration="0.001285" asserts="10" />
          </test-suite>
          <test-suite type="TestFixture" id="1004" name="RandomStringPatternConverterTest" fullname="log4net.Tests.Util.RandomStringPatternConverterTest" classname="log4net.Tests.Util.RandomStringPatternConverterTest" runstate="Runnable" testcasecount="1" result="Failed" site="Child" start-time="2016-08-02 15:59:03Z" end-time="2016-08-02 15:59:03Z" duration="0.003000" total="1" passed="0" failed="1" inconclusive="0" skipped="0" asserts="0">
            <failure>
              <message><![CDATA[One or more child tests had errors]]></message>
            </failure>
            <test-case id="1005" name="TestConvert" fullname="log4net.Tests.Util.RandomStringPatternConverterTest.TestConvert" methodname="TestConvert" classname="log4net.Tests.Util.RandomStringPatternConverterTest" runstate="Runnable" seed="635644512" result="Failed" label="Error" start-time="2016-08-02 15:59:03Z" end-time="2016-08-02 15:59:03Z" duration="0.002261" asserts="0">
              <failure>
                <message><![CDATA[System.NullReferenceException : Object reference not set to an instance of an object.]]></message>
                <stack-trace><![CDATA[   at log4net.Tests.Utils.InvokeMethod(Object target, String name, Object[] args) in C:\src\log4net\tests\log4net.Tests\Utils.cs:line 53
   at log4net.Tests.Util.RandomStringPatternConverterTest.RandomStringPatternConverter.Convert(TextWriter writer, Object state) in C:\src\log4net\tests\log4net.Tests\Util\RandomStringPatternConverterTest.cs:line 81
   at log4net.Tests.Util.RandomStringPatternConverterTest.TestConvert() in C:\src\log4net\tests\log4net.Tests\Util\RandomStringPatternConverterTest.cs:line 42]]></stack-trace>
              </failure>
            </test-case>
          </test-suite>
        </test-suite>
      </test-suite>
    </test-suite>
  </test-suite>
</test-run>