<?xml version="1.0" encoding="UTF-8"?>
<TestRun id="e8101889-c133-4aae-b5c5-c5dac41f04ed" name="jakub_000@LENOVO-PC 2016-08-02 08:11:26" runUser="LENOVO-PC\jakub_000" xmlns="http://microsoft.com/schemas/VisualStudio/TeamTest/2010">
  <Times creation="2016-08-02T08:11:26.3262169+02:00" queuing="2016-08-02T08:11:26.3262169+02:00" start="2016-08-02T08:11:26.3382255+02:00" finish="2016-08-02T08:11:43.6037708+02:00" />
  <TestSettings name="default" id="670ae10c-4fed-42ef-a1de-d4f730b669eb">
    <Execution>
      <TestTypeSpecific />
    </Execution>
    <Deployment runDeploymentRoot="jakub_000_LENOVO-PC 2016-08-02 08_11_26" />
    <Properties />
  </TestSettings>
  <Results>
    <UnitTestResult executionId="20c119ce-5901-4067-b709-665b688e0adc" testId="a28fbfd3-28c9-485d-9f19-53d2deaf1789" testName="BufferingTest" computerName="LENOVO-PC" duration="00:00:00.1300000" startTime="2016-08-02T08:11:26.3947653+02:00" endTime="2016-08-02T08:11:26.3947653+02:00" testType="13cdc9d9-ddb5-4fa4-a97d-d965ccfc6d4b" outcome="Passed" testListId="8c84fa94-04c1-424b-9868-57a2d4851a1d" relativeResultsDirectory="20c119ce-5901-4067-b709-665b688e0adc" />
    <UnitTestResult executionId="eb3799f9-4803-461f-8cc1-440b896812e1" testId="68cba014-e0b5-4cb2-bf6f-33cd23bae4f2" testName="BufferingWebsiteExample" computerName="LENOVO-PC" duration="00:00:00.0580000" startTime="2016-08-02T08:11:26.4217854+02:00" endTime="2016-08-02T08:11:26.4217854+02:00" testType="13cdc9d9-ddb5-4fa4-a97d-d965ccfc6d4b" outcome="Passed" testListId="8c84fa94-04c1-424b-9868-57a2d4851a1d" relativeResultsDirectory="eb3799f9-4803-461f-8cc1-440b896812e1" />
    <UnitTestResult executionId="00eb4bea-99f5-419f-a3be-117143afeee5" testId="3d0e9a32-6e32-43e2-97cd-4c041afe769a" testName="NoBufferingTest" computerName="LENOVO-PC" duration="00:00:00.0010000" startTime="2016-08-02T08:11:26.4297902+02:00" endTime="2016-08-02T08:11:26.4297902+02:00" testType="13cdc9d9-ddb5-4fa4-a97d-d965ccfc6d4b" outcome="Passed" testListId="8c84fa94-04c1-424b-9868-57a2d4851a1d" relativeResultsDirectory="00eb4bea-99f5-419f-a3be-117143afeee5" />
    <UnitTestResult executionId="b367c71b-263a-42fd-b706-6cca498160c9" testId="fa9aa6a3-2f30-4a2b-a496-d395d32aafd1" testName="NullPropertyProgmaticConfig" computerName="LENOVO-PC" duration="00:00:00.0070000" startTime="2016-08-02T08:11:26.4352945+02:00" endTime="2016-08-02T08:11:26.4352945+02:00" testType="13cdc9d9-ddb5-4fa4-a97d-d965ccfc6d4b" outcome="Passed" testListId="8c84fa94-04c1-424b-9868-57a2d4851a1d" relativeResultsDirectory="b367c71b-263a-42fd-b706-6cca498160c9" />
    <UnitTestResult executionId="aefebfd0-c9ed-4893-9db2-fa3848b8fb22" testId="e97b40a8-d463-48fd-ad03-f5cce9cd9e16" testName="NullPropertyXmlConfig" computerName="LENOVO-PC" duration="00:00:00.0020000" startTime="2016-08-02T08:11:26.4412988+02:00" endTime="2016-08-02T08:11:26.4412988+02:00" testType="13cdc9d9-ddb5-4fa4-a97d-d965ccfc6d4b" outcome="Passed" testListId="8c84fa94-04c1-424b-9868-57a2d4851a1d" relativeResultsDirectory="aefebfd0-c9ed-4893-9db2-fa3848b8fb22" />
    <UnitTestResult executionId="bc4611ca-f174-440e-b581-77919d81e3a1" testId="b96eb538-6fc5-423e-b8fa-ec53838017e5" testName="WebsiteExample" computerName="LENOVO-PC" duration="00:00:00.0040000" startTime="2016-08-02T08:11:26.4493049+02:00" endTime="2016-08-02T08:11:26.4493049+02:00" testType="13cdc9d9-ddb5-4fa4-a97d-d965ccfc6d4b" outcome="Passed" testListId="8c84fa94-04c1-424b-9868-57a2d4851a1d" relativeResultsDirectory="bc4611ca-f174-440e-b581-77919d81e3a1" />
    <UnitTestResult executionId="06eff9d6-2dce-45bf-bc5b-5da03f080dd7" testId="e1ad2bc9-d06d-4296-8065-a2d2ec9346b9" testName="ReadOnlyToArrayTest" computerName="LENOVO-PC" duration="00:00:00.0010000" startTime="2016-08-02T08:11:26.4603119+02:00" endTime="2016-08-02T08:11:26.4603119+02:00" testType="13cdc9d9-ddb5-4fa4-a97d-d965ccfc6d4b" outcome="Passed" testListId="8c84fa94-04c1-424b-9868-57a2d4851a1d" relativeResultsDirectory="06eff9d6-2dce-45bf-bc5b-5da03f080dd7" />
    <UnitTestResult executionId="a2f5a1d0-8b33-4e1a-97c5-85286eaad5f7" testId="41ed8522-7fee-4cd8-b8a1-6a6dfd550df5" testName="ToArrayTest" computerName="LENOVO-PC" duration="00:00:00.0000001" startTime="2016-08-02T08:11:26.4693183+02:00" endTime="2016-08-02T08:11:26.4693183+02:00" testType="13cdc9d9-ddb5-4fa4-a97d-d965ccfc6d4b" outcome="Passed" testListId="8c84fa94-04c1-424b-9868-57a2d4851a1d" relativeResultsDirectory="a2f5a1d0-8b33-4e1a-97c5-85286eaad5f7" />
    <UnitTestResult executionId="739b68f4-f330-43ef-ae70-c5f270da0e93" testId="71ed15a8-ac3e-4260-b55c-b3c06f93c01f" testName="TestBufferSize5" computerName="LENOVO-PC" duration="00:00:00.0040000" startTime="2016-08-02T08:11:26.4733212+02:00" endTime="2016-08-02T08:11:26.4733212+02:00" testType="13cdc9d9-ddb5-4fa4-a97d-d965ccfc6d4b" outcome="Passed" testListId="8c84fa94-04c1-424b-9868-57a2d4851a1d" relativeResultsDirectory="739b68f4-f330-43ef-ae70-c5f270da0e93" />
    <UnitTestResult executionId="a99fd422-da1e-4119-9ffe-ffc4b6ed0341" testId="07a48153-2432-41cb-b09c-40b3ce492c9a" testName="TestSetupAppender" computerName="LENOVO-PC" duration="00:00:00.0000001" startTime="2016-08-02T08:11:26.4768241+02:00" endTime="2016-08-02T08:11:26.4768241+02:00" testType="13cdc9d9-ddb5-4fa4-a97d-d965ccfc6d4b" outcome="Passed" testListId="8c84fa94-04c1-424b-9868-57a2d4851a1d" relativeResultsDirectory="a99fd422-da1e-4119-9ffe-ffc4b6ed0341" />
    <UnitTestResult executionId="c019fd4e-9b33-4d74-bc48-aa07fe1d04db" testId="7bf0a083-c58b-4270-a42f-8518e47a618b" testName="ActivateOptionsDisablesAppenderIfSourceDoesntExist" computerName="LENOVO-PC" duration="00:00:00.0140000" startTime="2016-08-02T08:11:26.4803266+02:00" endTime="2016-08-02T08:11:26.4803266+02:00" testType="13cdc9d9-ddb5-4fa4-a97d-d965ccfc6d4b" outcome="Failed" testListId="8c84fa94-04c1-424b-9868-57a2d4851a1d" relativeResultsDirectory="c019fd4e-9b33-4d74-bc48-aa07fe1d04db">
      <Output>
        <ErrorInfo>
          <Message>  Expected: &lt;OFF&gt;
  But was:  null
</Message>
          <StackTrace>w log4net.Tests.Appender.EventLogAppenderTest.ActivateOptionsDisablesAppenderIfSourceDoesntExist() w C:\src\log4net\tests\src\Appender\EventLogAppenderTest.cs:wiersz 87
</StackTrace>
        </ErrorInfo>
      </Output>
    </UnitTestResult>
    <UnitTestResult executionId="23163833-36db-4a36-ae67-6c27b6ce35a1" testId="cacdc453-cf08-4a70-8111-20cba7fbbbbb" testName="TestGetEntryTypeForExistingApplicationName" computerName="LENOVO-PC" duration="00:00:00.0020000" startTime="2016-08-02T08:11:27.7712468+02:00" endTime="2016-08-02T08:11:27.7712468+02:00" testType="13cdc9d9-ddb5-4fa4-a97d-d965ccfc6d4b" outcome="Passed" testListId="8c84fa94-04c1-424b-9868-57a2d4851a1d" relativeResultsDirectory="23163833-36db-4a36-ae67-6c27b6ce35a1" />
    <UnitTestResult executionId="a6c1ad89-2f73-4457-9cc9-3769f59eb558" testId="7970aa39-6050-4924-a74e-f421411b885f" testName="TestThreadSafety" computerName="LENOVO-PC" duration="00:00:03.0230000" startTime="2016-08-02T08:11:29.2719758+02:00" endTime="2016-08-02T08:11:29.2719758+02:00" testType="13cdc9d9-ddb5-4fa4-a97d-d965ccfc6d4b" outcome="Passed" testListId="8c84fa94-04c1-424b-9868-57a2d4851a1d" relativeResultsDirectory="a6c1ad89-2f73-4457-9cc9-3769f59eb558" />
    <UnitTestResult executionId="ca400b78-5541-4d3e-a6d7-0d72178ad4b7" testId="520f64d8-8fe5-476a-b195-61222de47399" testName="TestFullFix" computerName="LENOVO-PC" duration="00:00:02.0730000" startTime="2016-08-02T08:11:32.2723256+02:00" endTime="2016-08-02T08:11:32.2723256+02:00" testType="13cdc9d9-ddb5-4fa4-a97d-d965ccfc6d4b" outcome="Passed" testListId="8c84fa94-04c1-424b-9868-57a2d4851a1d" relativeResultsDirectory="ca400b78-5541-4d3e-a6d7-0d72178ad4b7" />
    <UnitTestResult executionId="c8bc0338-5b82-477e-b562-179be5bcbf2b" testId="54923bcc-2bf5-4896-ae49-e3c37f070487" testName="TestNestedNdc" computerName="LENOVO-PC" duration="00:00:03.5120000" startTime="2016-08-02T08:11:35.2731642+02:00" endTime="2016-08-02T08:11:35.2731642+02:00" testType="13cdc9d9-ddb5-4fa4-a97d-d965ccfc6d4b" outcome="Passed" testListId="8c84fa94-04c1-424b-9868-57a2d4851a1d" relativeResultsDirectory="c8bc0338-5b82-477e-b562-179be5bcbf2b" />
    <UnitTestResult executionId="c65497a8-25e0-490c-8eac-8d04aa8ba6e4" testId="340b1a01-693c-4382-b5bc-82e70a800add" testName="TestPartialFix" computerName="LENOVO-PC" duration="00:00:02.0020000" startTime="2016-08-02T08:11:36.7737935+02:00" endTime="2016-08-02T08:11:36.7737935+02:00" testType="13cdc9d9-ddb5-4fa4-a97d-d965ccfc6d4b" outcome="Passed" testListId="8c84fa94-04c1-424b-9868-57a2d4851a1d" relativeResultsDirectory="c65497a8-25e0-490c-8eac-8d04aa8ba6e4" />
    <UnitTestResult executionId="f3a3f819-4c37-47e9-90b2-972bc7a0101c" testId="36d0e800-1baf-4550-895f-0d5a2fefc8d3" testName="TestRemotedMessage" computerName="LENOVO-PC" duration="00:00:02.0020000" startTime="2016-08-02T08:11:39.7846063+02:00" endTime="2016-08-02T08:11:39.7846063+02:00" testType="13cdc9d9-ddb5-4fa4-a97d-d965ccfc6d4b" outcome="Passed" testListId="8c84fa94-04c1-424b-9868-57a2d4851a1d" relativeResultsDirectory="f3a3f819-4c37-47e9-90b2-972bc7a0101c" />
    <UnitTestResult executionId="b72a5dbd-c394-44a1-831c-2b4851e5e0ef" testId="7df5ea56-ded7-4f63-8755-7144719feebd" testName="TestRemotedMessageNdcPushPop" computerName="LENOVO-PC" duration="00:00:02.0020000" startTime="2016-08-02T08:11:40.5177280+02:00" endTime="2016-08-02T08:11:40.5177280+02:00" testType="13cdc9d9-ddb5-4fa4-a97d-d965ccfc6d4b" outcome="Passed" testListId="8c84fa94-04c1-424b-9868-57a2d4851a1d" relativeResultsDirectory="b72a5dbd-c394-44a1-831c-2b4851e5e0ef" />
    <UnitTestResult executionId="ba7aa36d-116e-4272-82b5-c5738b4e3b45" testId="105b5b63-e116-42a6-857a-421a9d5be575" testName="TestComputeCheckPeriod" computerName="LENOVO-PC" duration="00:00:00.0020000" startTime="2016-08-02T08:11:40.5187283+02:00" endTime="2016-08-02T08:11:40.5187283+02:00" testType="13cdc9d9-ddb5-4fa4-a97d-d965ccfc6d4b" outcome="Passed" testListId="8c84fa94-04c1-424b-9868-57a2d4851a1d" relativeResultsDirectory="ba7aa36d-116e-4272-82b5-c5738b4e3b45" />
    <UnitTestResult executionId="edf7320c-bf01-430b-934f-56431a10f167" testId="bf24e5ed-e9fe-4cf3-8ed7-f902aadb2a21" testName="TestDefaultLockingModel" computerName="LENOVO-PC" duration="00:00:00.0200000" startTime="2016-08-02T08:11:40.5187283+02:00" endTime="2016-08-02T08:11:40.5187283+02:00" testType="13cdc9d9-ddb5-4fa4-a97d-d965ccfc6d4b" outcome="Passed" testListId="8c84fa94-04c1-424b-9868-57a2d4851a1d" relativeResultsDirectory="edf7320c-bf01-430b-934f-56431a10f167" />
    <UnitTestResult executionId="f0512310-6b26-43c4-8762-2ead3740ef2a" testId="9a5d63f7-bb00-46a3-b605-d3e5d5292136" testName="TestExclusiveLockFails" computerName="LENOVO-PC" duration="00:00:00.0060000" startTime="2016-08-02T08:11:40.5187283+02:00" endTime="2016-08-02T08:11:40.5187283+02:00" testType="13cdc9d9-ddb5-4fa4-a97d-d965ccfc6d4b" outcome="Passed" testListId="8c84fa94-04c1-424b-9868-57a2d4851a1d" relativeResultsDirectory="f0512310-6b26-43c4-8762-2ead3740ef2a" />
    <UnitTestResult executionId="f3e50669-c58f-4f40-a69a-36d432adfece" testId="6214a32d-6bbb-498f-9138-eb3464a0082e" testName="TestExclusiveLockLocks" computerName="LENOVO-PC" duration="00:00:00.0090000" startTime="2016-08-02T08:11:40.5187283+02:00" endTime="2016-08-02T08:11:40.5187283+02:00" testType="13cdc9d9-ddb5-4fa4-a97d-d965ccfc6d4b" outcome="Passed" testListId="8c84fa94-04c1-424b-9868-57a2d4851a1d" relativeResultsDirectory="f3e50669-c58f-4f40-a69a-36d432adfece" />
    <UnitTestResult executionId="e1e4b260-e786-4102-958b-2b28716cbab9" testId="0769791f-1ffd-467b-9172-e6c38250faf6" testName="TestExclusiveLockRecovers" computerName="LENOVO-PC" duration="00:00:00.0080000" startTime="2016-08-02T08:11:40.5187283+02:00" endTime="2016-08-02T08:11:40.5187283+02:00" testType="13cdc9d9-ddb5-4fa4-a97d-d965ccfc6d4b" outcome="Passed" testListId="8c84fa94-04c1-424b-9868-57a2d4851a1d" relativeResultsDirectory="e1e4b260-e786-4102-958b-2b28716cbab9" />
    <UnitTestResult executionId="44d8ee6e-48dd-41e0-9260-197870c86ee4" testId="13d02a0a-f52b-418e-b8e5-f9e2d7c3edd0" testName="TestGetExistingFiles" computerName="LENOVO-PC" duration="00:00:00.0080000" startTime="2016-08-02T08:11:40.5197290+02:00" endTime="2016-08-02T08:11:40.5197290+02:00" testType="13cdc9d9-ddb5-4fa4-a97d-d965ccfc6d4b" outcome="Passed" testListId="8c84fa94-04c1-424b-9868-57a2d4851a1d" relativeResultsDirectory="44d8ee6e-48dd-41e0-9260-197870c86ee4">
      <Output>
        <StdOut>Deleting test file test_41d3d834_4320f4da.logDeleting test file test_41d3d834_4320f4da.log.1</StdOut>
      </Output>
    </UnitTestResult>
    <UnitTestResult executionId="5c527088-8181-482d-84ea-08ac513a2d98" testId="de742bb1-4766-4394-9d5d-1bb0ff89d2d1" testName="TestInitialization3" computerName="LENOVO-PC" startTime="2016-08-02T08:11:40.5267340+02:00" endTime="2016-08-02T08:11:40.5257333+02:00" testType="13cdc9d9-ddb5-4fa4-a97d-d965ccfc6d4b" outcome="NotExecuted" testListId="8c84fa94-04c1-424b-9868-57a2d4851a1d" relativeResultsDirectory="5c527088-8181-482d-84ea-08ac513a2d98">
      <Output>
        <ErrorInfo>
          <Message>Not Implemented: Want to test counted files limited up, to see that others are ?? ignored? deleted?</Message>
        </ErrorInfo>
      </Output>
    </UnitTestResult>
    <UnitTestResult executionId="0627d27a-4203-4752-b25e-6fc782f8e1e0" testId="a421938e-dde0-477c-91b8-8b07ddec94cf" testName="TestInitialization4" computerName="LENOVO-PC" startTime="2016-08-02T08:11:40.5277351+02:00" endTime="2016-08-02T08:11:40.5277351+02:00" testType="13cdc9d9-ddb5-4fa4-a97d-d965ccfc6d4b" outcome="NotExecuted" testListId="8c84fa94-04c1-424b-9868-57a2d4851a1d" relativeResultsDirectory="0627d27a-4203-4752-b25e-6fc782f8e1e0">
      <Output>
        <ErrorInfo>
          <Message>Not Implemented: Want to test counted files limited down, to see that others are ?? ignored? deleted?</Message>
        </ErrorInfo>
      </Output>
    </UnitTestResult>
    <UnitTestResult executionId="84ecf25e-bccb-4a83-aaa5-3bb5050165d7" testId="541839e1-89ee-4f81-a562-69cbc2a26c84" testName="TestInitialization5" computerName="LENOVO-PC" startTime="2016-08-02T08:11:40.5287354+02:00" endTime="2016-08-02T08:11:40.5287354+02:00" testType="13cdc9d9-ddb5-4fa4-a97d-d965ccfc6d4b" outcome="NotExecuted" testListId="8c84fa94-04c1-424b-9868-57a2d4851a1d" relativeResultsDirectory="84ecf25e-bccb-4a83-aaa5-3bb5050165d7">
      <Output>
        <ErrorInfo>
          <Message>Not Implemented: Want to test dated files with a limit, to see that others are ?? ignored? deleted?</Message>
        </ErrorInfo>
      </Output>
    </UnitTestResult>
    <UnitTestResult executionId="1e8756dd-dc87-4ae4-9508-84144aeffa9a" testId="9af38710-cc70-4090-b749-b750a21aec53" testName="TestInitialization6" computerName="LENOVO-PC" startTime="2016-08-02T08:11:40.5297365+02:00" endTime="2016-08-02T08:11:40.5297365+02:00" testType="13cdc9d9-ddb5-4fa4-a97d-d965ccfc6d4b" outcome="NotExecuted" testListId="8c84fa94-04c1-424b-9868-57a2d4851a1d" relativeResultsDirectory="1e8756dd-dc87-4ae4-9508-84144aeffa9a">
      <Output>
        <ErrorInfo>
          <Message>Not Implemented: Want to test dated files with no limit, to see that others are ?? ignored? deleted?</Message>
        </ErrorInfo>
      </Output>
    </UnitTestResult>
    <UnitTestResult executionId="bf481703-7598-4970-955d-5b4e98c04a77" testId="532ced9e-b4db-4ba6-8a4e-7931a28abcb3" testName="TestInitialization7" computerName="LENOVO-PC" startTime="2016-08-02T08:11:40.5307364+02:00" endTime="2016-08-02T08:11:40.5307364+02:00" testType="13cdc9d9-ddb5-4fa4-a97d-d965ccfc6d4b" outcome="NotExecuted" testListId="8c84fa94-04c1-424b-9868-57a2d4851a1d" relativeResultsDirectory="bf481703-7598-4970-955d-5b4e98c04a77">
      <Output>
        <ErrorInfo>
          <Message>Not Implemented: Want to test dated files with mixed dates existing, to see that other dates do not matter</Message>
        </ErrorInfo>
      </Output>
    </UnitTestResult>
    <UnitTestResult executionId="1f6f8f4e-19c4-42b7-aeed-7845b5313467" testId="b4e816c6-a3cd-4861-88ad-503f661c96a4" testName="TestInitializeCountDownFixed" computerName="LENOVO-PC" duration="00:00:00.0040000" startTime="2016-08-02T08:11:40.5317380+02:00" endTime="2016-08-02T08:11:40.5317380+02:00" testType="13cdc9d9-ddb5-4fa4-a97d-d965ccfc6d4b" outcome="Passed" testListId="8c84fa94-04c1-424b-9868-57a2d4851a1d" relativeResultsDirectory="1f6f8f4e-19c4-42b7-aeed-7845b5313467" />
    <UnitTestResult executionId="3b33ba09-43a3-487b-922b-1d3525c2c4b6" testId="3361d81f-38b0-4ace-b85b-0c3a7adc4788" testName="TestInitializeCountDownFixed2" computerName="LENOVO-PC" duration="00:00:00.0010000" startTime="2016-08-02T08:11:40.5317380+02:00" endTime="2016-08-02T08:11:40.5317380+02:00" testType="13cdc9d9-ddb5-4fa4-a97d-d965ccfc6d4b" outcome="Passed" testListId="8c84fa94-04c1-424b-9868-57a2d4851a1d" relativeResultsDirectory="3b33ba09-43a3-487b-922b-1d3525c2c4b6" />
    <UnitTestResult executionId="e6d16abb-18bb-4656-82fc-d460184bdcd2" testId="2d1f50b1-5b9a-411d-951f-a3a4ce47d9c6" testName="TestInitializeCountDownFixed3" computerName="LENOVO-PC" duration="00:00:00.0010000" startTime="2016-08-02T08:11:40.5317380+02:00" endTime="2016-08-02T08:11:40.5317380+02:00" testType="13cdc9d9-ddb5-4fa4-a97d-d965ccfc6d4b" outcome="Passed" testListId="8c84fa94-04c1-424b-9868-57a2d4851a1d" relativeResultsDirectory="e6d16abb-18bb-4656-82fc-d460184bdcd2" />
    <UnitTestResult executionId="2863195e-f411-47b5-883a-92405d7e41bd" testId="9eb3fe7e-fcf2-4623-a0b5-d211f42ac529" testName="TestInitializeCountDownFixed4" computerName="LENOVO-PC" duration="00:00:00.0010000" startTime="2016-08-02T08:11:40.5317380+02:00" endTime="2016-08-02T08:11:40.5317380+02:00" testType="13cdc9d9-ddb5-4fa4-a97d-d965ccfc6d4b" outcome="Passed" testListId="8c84fa94-04c1-424b-9868-57a2d4851a1d" relativeResultsDirectory="2863195e-f411-47b5-883a-92405d7e41bd" />
    <UnitTestResult executionId="126d0497-ac99-411a-936d-621ec538c34a" testId="ab24d80f-c1eb-4aa0-8d55-e7793e0a5332" testName="TestInitializeCountDownFixed5" computerName="LENOVO-PC" duration="00:00:00.0010000" startTime="2016-08-02T08:11:40.5317380+02:00" endTime="2016-08-02T08:11:40.5317380+02:00" testType="13cdc9d9-ddb5-4fa4-a97d-d965ccfc6d4b" outcome="Passed" testListId="8c84fa94-04c1-424b-9868-57a2d4851a1d" relativeResultsDirectory="126d0497-ac99-411a-936d-621ec538c34a" />
    <UnitTestResult executionId="64c43292-b98f-4216-8d35-855ceac38950" testId="21890f7c-f51e-4933-b420-e8480b42386b" testName="TestInitializeCountDownFixed6" computerName="LENOVO-PC" duration="00:00:00.0000001" startTime="2016-08-02T08:11:40.5327382+02:00" endTime="2016-08-02T08:11:40.5327382+02:00" testType="13cdc9d9-ddb5-4fa4-a97d-d965ccfc6d4b" outcome="Passed" testListId="8c84fa94-04c1-424b-9868-57a2d4851a1d" relativeResultsDirectory="64c43292-b98f-4216-8d35-855ceac38950" />
    <UnitTestResult executionId="e6a1b7e5-e36a-4c32-a12a-12b5d9ab25d0" testId="cdf9d9c9-9867-42ae-9d4e-3c7de2ec4ff2" testName="TestInitializeCountDownFixed7" computerName="LENOVO-PC" duration="00:00:00.0010000" startTime="2016-08-02T08:11:40.5327382+02:00" endTime="2016-08-02T08:11:40.5327382+02:00" testType="13cdc9d9-ddb5-4fa4-a97d-d965ccfc6d4b" outcome="Passed" testListId="8c84fa94-04c1-424b-9868-57a2d4851a1d" relativeResultsDirectory="e6a1b7e5-e36a-4c32-a12a-12b5d9ab25d0" />
    <UnitTestResult executionId="94b8e57e-f876-429e-86d4-25be5738ba43" testId="ac128439-a018-4733-b42b-4150dfb46fef" testName="TestInitializeCountDownInfinite" computerName="LENOVO-PC" duration="00:00:00.0010000" startTime="2016-08-02T08:11:40.5327382+02:00" endTime="2016-08-02T08:11:40.5327382+02:00" testType="13cdc9d9-ddb5-4fa4-a97d-d965ccfc6d4b" outcome="Passed" testListId="8c84fa94-04c1-424b-9868-57a2d4851a1d" relativeResultsDirectory="94b8e57e-f876-429e-86d4-25be5738ba43" />
    <UnitTestResult executionId="c6d42eeb-cb11-451b-927b-8501b8bb1734" testId="f5f3449a-03ee-48ec-9989-e788f5f6ae75" testName="TestInitializeCountDownInfinite2" computerName="LENOVO-PC" duration="00:00:00.0010000" startTime="2016-08-02T08:11:40.5327382+02:00" endTime="2016-08-02T08:11:40.5327382+02:00" testType="13cdc9d9-ddb5-4fa4-a97d-d965ccfc6d4b" outcome="Passed" testListId="8c84fa94-04c1-424b-9868-57a2d4851a1d" relativeResultsDirectory="c6d42eeb-cb11-451b-927b-8501b8bb1734" />
    <UnitTestResult executionId="01e51236-6883-4e10-bed1-d80bcb660218" testId="3b0a695c-4a8e-46aa-9927-bb9699c25c52" testName="TestInitializeCountDownInfinite3" computerName="LENOVO-PC" duration="00:00:00.0010000" startTime="2016-08-02T08:11:40.5327382+02:00" endTime="2016-08-02T08:11:40.5327382+02:00" testType="13cdc9d9-ddb5-4fa4-a97d-d965ccfc6d4b" outcome="Passed" testListId="8c84fa94-04c1-424b-9868-57a2d4851a1d" relativeResultsDirectory="01e51236-6883-4e10-bed1-d80bcb660218" />
    <UnitTestResult executionId="d4033e07-1dc7-48f4-aa78-d5379194a69a" testId="3999ac55-8122-41dc-b9f1-b3ec6dfd7966" testName="TestInitializeCountDownZeroBackups" computerName="LENOVO-PC" duration="00:00:00.0010000" startTime="2016-08-02T08:11:40.5337390+02:00" endTime="2016-08-02T08:11:40.5337390+02:00" testType="13cdc9d9-ddb5-4fa4-a97d-d965ccfc6d4b" outcome="Passed" testListId="8c84fa94-04c1-424b-9868-57a2d4851a1d" relativeResultsDirectory="d4033e07-1dc7-48f4-aa78-d5379194a69a" />
    <UnitTestResult executionId="6ce84335-9f1a-43ed-a021-2c999d2bff76" testId="6631f9a0-2ce6-4d74-a1fc-40bb7970a3df" testName="TestInitializeCountUpFixed" computerName="LENOVO-PC" duration="00:00:00.0010000" startTime="2016-08-02T08:11:40.5347405+02:00" endTime="2016-08-02T08:11:40.5347405+02:00" testType="13cdc9d9-ddb5-4fa4-a97d-d965ccfc6d4b" outcome="Passed" testListId="8c84fa94-04c1-424b-9868-57a2d4851a1d" relativeResultsDirectory="6ce84335-9f1a-43ed-a021-2c999d2bff76" />
    <UnitTestResult executionId="82a318a2-c7e7-483b-889b-9bb944203734" testId="a6d71201-4d86-4376-8161-969bf2e096a6" testName="TestInitializeCountUpFixed2" computerName="LENOVO-PC" duration="00:00:00.0000001" startTime="2016-08-02T08:11:40.5347405+02:00" endTime="2016-08-02T08:11:40.5347405+02:00" testType="13cdc9d9-ddb5-4fa4-a97d-d965ccfc6d4b" outcome="Passed" testListId="8c84fa94-04c1-424b-9868-57a2d4851a1d" relativeResultsDirectory="82a318a2-c7e7-483b-889b-9bb944203734" />
    <UnitTestResult executionId="45957b3c-f084-47ec-9d06-a58cd2c859fa" testId="2f9abe0b-5898-4eab-b9c4-6b03c226c8d4" testName="TestInitializeCountUpInfinite" computerName="LENOVO-PC" duration="00:00:00.0010000" startTime="2016-08-02T08:11:40.5347405+02:00" endTime="2016-08-02T08:11:40.5347405+02:00" testType="13cdc9d9-ddb5-4fa4-a97d-d965ccfc6d4b" outcome="Passed" testListId="8c84fa94-04c1-424b-9868-57a2d4851a1d" relativeResultsDirectory="45957b3c-f084-47ec-9d06-a58cd2c859fa" />
    <UnitTestResult executionId="4c86b483-1f89-480e-9127-726658f60074" testId="a9d9b349-f836-4cbd-8b30-cc0be71b5cc8" testName="TestInitializeCountUpInfinite2" computerName="LENOVO-PC" duration="00:00:00.0000001" startTime="2016-08-02T08:11:40.5347405+02:00" endTime="2016-08-02T08:11:40.5347405+02:00" testType="13cdc9d9-ddb5-4fa4-a97d-d965ccfc6d4b" outcome="Passed" testListId="8c84fa94-04c1-424b-9868-57a2d4851a1d" relativeResultsDirectory="4c86b483-1f89-480e-9127-726658f60074" />
    <UnitTestResult executionId="a229319f-27fd-4bc7-a9ac-362b380469e2" testId="f967c681-e920-4d4d-8944-a91c620e22bd" testName="TestInitializeCountUpInfinite3" computerName="LENOVO-PC" duration="00:00:00.0000001" startTime="2016-08-02T08:11:40.5357408+02:00" endTime="2016-08-02T08:11:40.5357408+02:00" testType="13cdc9d9-ddb5-4fa4-a97d-d965ccfc6d4b" outcome="Passed" testListId="8c84fa94-04c1-424b-9868-57a2d4851a1d" relativeResultsDirectory="a229319f-27fd-4bc7-a9ac-362b380469e2" />
    <UnitTestResult executionId="569ba7a6-c27d-47c5-b050-7b57b6690741" testId="4f72b791-9237-4427-bf22-9a1419a04cc5" testName="TestInitializeCountUpZeroBackups" computerName="LENOVO-PC" duration="00:00:00.0000001" startTime="2016-08-02T08:11:40.5387425+02:00" endTime="2016-08-02T08:11:40.5387425+02:00" testType="13cdc9d9-ddb5-4fa4-a97d-d965ccfc6d4b" outcome="Passed" testListId="8c84fa94-04c1-424b-9868-57a2d4851a1d" relativeResultsDirectory="569ba7a6-c27d-47c5-b050-7b57b6690741" />
    <UnitTestResult executionId="87b35929-36e3-4ac3-9b16-0ef1846b29e7" testId="eebcf72c-3f44-42ed-b8ed-d64a2ce65036" testName="TestInitializeRollBackups1" computerName="LENOVO-PC" duration="00:00:00.0010000" startTime="2016-08-02T08:11:40.5387425+02:00" endTime="2016-08-02T08:11:40.5387425+02:00" testType="13cdc9d9-ddb5-4fa4-a97d-d965ccfc6d4b" outcome="Passed" testListId="8c84fa94-04c1-424b-9868-57a2d4851a1d" relativeResultsDirectory="87b35929-36e3-4ac3-9b16-0ef1846b29e7" />
    <UnitTestResult executionId="d7e77cc8-3378-4cc2-ba11-48557ba9ed3a" testId="b38c8490-39e1-4862-b08f-11b152046b86" testName="TestInitializeRollBackups2" computerName="LENOVO-PC" duration="00:00:00.0000001" startTime="2016-08-02T08:11:40.5387425+02:00" endTime="2016-08-02T08:11:40.5387425+02:00" testType="13cdc9d9-ddb5-4fa4-a97d-d965ccfc6d4b" outcome="Passed" testListId="8c84fa94-04c1-424b-9868-57a2d4851a1d" relativeResultsDirectory="d7e77cc8-3378-4cc2-ba11-48557ba9ed3a" />
    <UnitTestResult executionId="2f46dc3a-cf27-48ba-ad8b-11853a34dadc" testId="72877652-7b15-46a7-8068-68bfb3b24e60" testName="TestInitializeRollBackups3" computerName="LENOVO-PC" duration="00:00:00.0000001" startTime="2016-08-02T08:11:40.5397437+02:00" endTime="2016-08-02T08:11:40.5397437+02:00" testType="13cdc9d9-ddb5-4fa4-a97d-d965ccfc6d4b" outcome="Passed" testListId="8c84fa94-04c1-424b-9868-57a2d4851a1d" relativeResultsDirectory="2f46dc3a-cf27-48ba-ad8b-11853a34dadc" />
    <UnitTestResult executionId="df5eb71c-137a-4e69-9b69-4fdb7669fc27" testId="599afe38-059b-45af-a144-11bc1387537d" testName="TestInitializeRollBackups4" computerName="LENOVO-PC" duration="00:00:00.0020000" startTime="2016-08-02T08:11:40.5397437+02:00" endTime="2016-08-02T08:11:40.5397437+02:00" testType="13cdc9d9-ddb5-4fa4-a97d-d965ccfc6d4b" outcome="Passed" testListId="8c84fa94-04c1-424b-9868-57a2d4851a1d" relativeResultsDirectory="df5eb71c-137a-4e69-9b69-4fdb7669fc27" />
    <UnitTestResult executionId="0f4a1893-425f-4b56-805a-e5f7f023afc6" testId="52eb2068-9c6c-4065-8c63-e6cb7980ea1f" testName="TestInterProcessLockFails" computerName="LENOVO-PC" duration="00:00:00.0040000" startTime="2016-08-02T08:11:40.5397437+02:00" endTime="2016-08-02T08:11:40.5397437+02:00" testType="13cdc9d9-ddb5-4fa4-a97d-d965ccfc6d4b" outcome="Passed" testListId="8c84fa94-04c1-424b-9868-57a2d4851a1d" relativeResultsDirectory="0f4a1893-425f-4b56-805a-e5f7f023afc6" />
    <UnitTestResult executionId="cd9d3f33-d4cf-4d84-8f9c-447718b9236d" testId="d58f7bd1-7269-47cd-ba34-2e01b0d64838" testName="TestInterProcessLockRecovers" computerName="LENOVO-PC" duration="00:00:00.0040000" startTime="2016-08-02T08:11:40.5397437+02:00" endTime="2016-08-02T08:11:40.5397437+02:00" testType="13cdc9d9-ddb5-4fa4-a97d-d965ccfc6d4b" outcome="Passed" testListId="8c84fa94-04c1-424b-9868-57a2d4851a1d" relativeResultsDirectory="cd9d3f33-d4cf-4d84-8f9c-447718b9236d" />
    <UnitTestResult executionId="a58f7078-2367-4731-82a4-8ada2f678af6" testId="c8502507-6e66-4a77-bc6c-d37bf35dddfb" testName="TestInterProcessLockRoll" computerName="LENOVO-PC" duration="00:00:00.0090000" startTime="2016-08-02T08:11:40.5407444+02:00" endTime="2016-08-02T08:11:40.5407444+02:00" testType="13cdc9d9-ddb5-4fa4-a97d-d965ccfc6d4b" outcome="Passed" testListId="8c84fa94-04c1-424b-9868-57a2d4851a1d" relativeResultsDirectory="a58f7078-2367-4731-82a4-8ada2f678af6" />
    <UnitTestResult executionId="b4b5a78a-ed5f-490b-9416-72ad5ec095a9" testId="422c1cf1-bc56-42b9-a298-9e43cfa16726" testName="TestInterProcessLockUnlocks" computerName="LENOVO-PC" duration="00:00:00.0090000" startTime="2016-08-02T08:11:40.5407444+02:00" endTime="2016-08-02T08:11:40.5407444+02:00" testType="13cdc9d9-ddb5-4fa4-a97d-d965ccfc6d4b" outcome="Passed" testListId="8c84fa94-04c1-424b-9868-57a2d4851a1d" relativeResultsDirectory="b4b5a78a-ed5f-490b-9416-72ad5ec095a9" />
    <UnitTestResult executionId="aee19982-bf55-4955-ad85-39d321b2de75" testId="76ea8b02-02fe-4f8f-9864-ca5222dcb121" testName="TestLogOutput" computerName="LENOVO-PC" duration="00:00:00.0040000" startTime="2016-08-02T08:11:40.5407444+02:00" endTime="2016-08-02T08:11:40.5407444+02:00" testType="13cdc9d9-ddb5-4fa4-a97d-d965ccfc6d4b" outcome="Passed" testListId="8c84fa94-04c1-424b-9868-57a2d4851a1d" relativeResultsDirectory="aee19982-bf55-4955-ad85-39d321b2de75" />
    <UnitTestResult executionId="6b24e809-3715-497a-af8c-1c99055f8eb7" testId="371d036f-2147-4df6-969b-2460565f7894" testName="TestMinimalLockFails" computerName="LENOVO-PC" duration="00:00:00.0030000" startTime="2016-08-02T08:11:40.5407444+02:00" endTime="2016-08-02T08:11:40.5407444+02:00" testType="13cdc9d9-ddb5-4fa4-a97d-d965ccfc6d4b" outcome="Passed" testListId="8c84fa94-04c1-424b-9868-57a2d4851a1d" relativeResultsDirectory="6b24e809-3715-497a-af8c-1c99055f8eb7" />
    <UnitTestResult executionId="4746ac07-694b-4b7c-8c68-3a3012b71d81" testId="649ba929-aff7-424f-ae3a-05f2b2f2f631" testName="TestMinimalLockRecovers" computerName="LENOVO-PC" duration="00:00:00.0050000" startTime="2016-08-02T08:11:40.5407444+02:00" endTime="2016-08-02T08:11:40.5407444+02:00" testType="13cdc9d9-ddb5-4fa4-a97d-d965ccfc6d4b" outcome="Passed" testListId="8c84fa94-04c1-424b-9868-57a2d4851a1d" relativeResultsDirectory="4746ac07-694b-4b7c-8c68-3a3012b71d81" />
    <UnitTestResult executionId="752817d8-1346-402d-93ee-3b04a80ad784" testId="1691ec6d-0f58-4d49-8db5-639189c028d6" testName="TestMinimalLockUnlocks" computerName="LENOVO-PC" duration="00:00:00.0070000" startTime="2016-08-02T08:11:40.5407444+02:00" endTime="2016-08-02T08:11:40.5407444+02:00" testType="13cdc9d9-ddb5-4fa4-a97d-d965ccfc6d4b" outcome="Passed" testListId="8c84fa94-04c1-424b-9868-57a2d4851a1d" relativeResultsDirectory="752817d8-1346-402d-93ee-3b04a80ad784" />
    <UnitTestResult executionId="7511478a-f4a7-4632-a929-3d6a61286f1c" testId="f25e4ef9-7e5a-4626-b6ea-3a52e12fde31" testName="TestRollingCountDownFixedBackups" computerName="LENOVO-PC" duration="00:00:00.0670000" startTime="2016-08-02T08:11:40.5417447+02:00" endTime="2016-08-02T08:11:40.5417447+02:00" testType="13cdc9d9-ddb5-4fa4-a97d-d965ccfc6d4b" outcome="Passed" testListId="8c84fa94-04c1-424b-9868-57a2d4851a1d" relativeResultsDirectory="7511478a-f4a7-4632-a929-3d6a61286f1c">
      <Output>
        <StdOut>Deleting test file test_41d3d834_4320f4da.logDeleting test file test_41d3d834_4320f4da.log.1Deleting test file test_41d3d834_4320f4da.log.2Deleting test file test_41d3d834_4320f4da.log.3</StdOut>
      </Output>
    </UnitTestResult>
    <UnitTestResult executionId="f21efa4f-ead9-4019-bdf6-45953e12b85d" testId="543cbc3b-8777-4fc0-874a-a7b28becce23" testName="TestRollingCountDownInfiniteBackups" computerName="LENOVO-PC" duration="00:00:00.0520000" startTime="2016-08-02T08:11:40.5417447+02:00" endTime="2016-08-02T08:11:40.5417447+02:00" testType="13cdc9d9-ddb5-4fa4-a97d-d965ccfc6d4b" outcome="Passed" testListId="8c84fa94-04c1-424b-9868-57a2d4851a1d" relativeResultsDirectory="f21efa4f-ead9-4019-bdf6-45953e12b85d">
      <Output>
        <StdOut>Deleting test file test_41d3d834_4320f4da.logDeleting test file test_41d3d834_4320f4da.log.1Deleting test file test_41d3d834_4320f4da.log.2Deleting test file test_41d3d834_4320f4da.log.3Deleting test file test_41d3d834_4320f4da.log.4Deleting test file test_41d3d834_4320f4da.log.5</StdOut>
      </Output>
    </UnitTestResult>
    <UnitTestResult executionId="269c100e-8d4f-48f1-ba1e-2909733ed069" testId="6ffae6e7-9dc2-4d43-8d32-2640e6e2a2ed" testName="TestRollingCountDownZeroBackups" computerName="LENOVO-PC" duration="00:00:00.0370000" startTime="2016-08-02T08:11:40.5417447+02:00" endTime="2016-08-02T08:11:40.5417447+02:00" testType="13cdc9d9-ddb5-4fa4-a97d-d965ccfc6d4b" outcome="Passed" testListId="8c84fa94-04c1-424b-9868-57a2d4851a1d" relativeResultsDirectory="269c100e-8d4f-48f1-ba1e-2909733ed069">
      <Output>
        <StdOut>Deleting test file test_41d3d834_4320f4da.log</StdOut>
      </Output>
    </UnitTestResult>
    <UnitTestResult executionId="9254fe66-609e-4f4f-aa1d-63a8d459e539" testId="37f22af2-803b-48e8-9b91-d468fcad1768" testName="TestRollingCountUpFixedBackups" computerName="LENOVO-PC" duration="00:00:00.0510000" startTime="2016-08-02T08:11:41.0097918+02:00" endTime="2016-08-02T08:11:41.0097918+02:00" testType="13cdc9d9-ddb5-4fa4-a97d-d965ccfc6d4b" outcome="Passed" testListId="8c84fa94-04c1-424b-9868-57a2d4851a1d" relativeResultsDirectory="9254fe66-609e-4f4f-aa1d-63a8d459e539">
      <Output>
        <StdOut>Deleting test file test_41d3d834_4320f4da.logDeleting test file test_41d3d834_4320f4da.log.3Deleting test file test_41d3d834_4320f4da.log.4Deleting test file test_41d3d834_4320f4da.log.5</StdOut>
      </Output>
    </UnitTestResult>
    <UnitTestResult executionId="3f209718-1ea0-4fc9-b462-a5ed3b221757" testId="9f4ba900-287a-4624-8917-a88102fb153b" testName="TestRollingCountUpInfiniteBackups" computerName="LENOVO-PC" duration="00:00:00.0520000" startTime="2016-08-02T08:11:41.0107557+02:00" endTime="2016-08-02T08:11:41.0107557+02:00" testType="13cdc9d9-ddb5-4fa4-a97d-d965ccfc6d4b" outcome="Passed" testListId="8c84fa94-04c1-424b-9868-57a2d4851a1d" relativeResultsDirectory="3f209718-1ea0-4fc9-b462-a5ed3b221757">
      <Output>
        <StdOut>Deleting test file test_41d3d834_4320f4da.logDeleting test file test_41d3d834_4320f4da.log.1Deleting test file test_41d3d834_4320f4da.log.2Deleting test file test_41d3d834_4320f4da.log.3Deleting test file test_41d3d834_4320f4da.log.4Deleting test file test_41d3d834_4320f4da.log.5</StdOut>
      </Output>
    </UnitTestResult>
    <UnitTestResult executionId="b726a929-60ca-4ec5-97f9-1b669cabf7f1" testId="567c1d48-0b35-44e0-a2ae-593d1b328d22" testName="TestRollingCountUpZeroBackups" computerName="LENOVO-PC" duration="00:00:00.0400000" startTime="2016-08-02T08:11:41.0118112+02:00" endTime="2016-08-02T08:11:41.0118112+02:00" testType="13cdc9d9-ddb5-4fa4-a97d-d965ccfc6d4b" outcome="Passed" testListId="8c84fa94-04c1-424b-9868-57a2d4851a1d" relativeResultsDirectory="b726a929-60ca-4ec5-97f9-1b669cabf7f1">
      <Output>
        <StdOut>Deleting test file test_41d3d834_4320f4da.log</StdOut>
      </Output>
    </UnitTestResult>
    <UnitTestResult executionId="e0c9a0aa-6901-4205-95d1-b8688febc2c6" testId="1758ff06-0bef-4803-9ec0-cc23485e236e" testName="TestConfigurableFileExtension" computerName="LENOVO-PC" duration="00:00:00.0120000" startTime="2016-08-02T08:11:41.0118112+02:00" endTime="2016-08-02T08:11:41.0118112+02:00" testType="13cdc9d9-ddb5-4fa4-a97d-d965ccfc6d4b" outcome="Passed" testListId="8c84fa94-04c1-424b-9868-57a2d4851a1d" relativeResultsDirectory="e0c9a0aa-6901-4205-95d1-b8688febc2c6" />
    <UnitTestResult executionId="a9a93352-91f5-4a4f-88aa-69839702fb6a" testId="0e9210b4-6fe5-4942-b93a-733495f323cc" testName="TestDefaultFileNameIsAGuid" computerName="LENOVO-PC" duration="00:00:00.0040000" startTime="2016-08-02T08:11:41.0127901+02:00" endTime="2016-08-02T08:11:41.0127901+02:00" testType="13cdc9d9-ddb5-4fa4-a97d-d965ccfc6d4b" outcome="Passed" testListId="8c84fa94-04c1-424b-9868-57a2d4851a1d" relativeResultsDirectory="a9a93352-91f5-4a4f-88aa-69839702fb6a" />
    <UnitTestResult executionId="61a2ce61-3d8e-477a-8e4a-26a38f68ff14" testId="db93b486-3054-45f6-b11c-b787abad2c6f" testName="TestOutputContainsSentDate" computerName="LENOVO-PC" duration="00:00:00.0080000" startTime="2016-08-02T08:11:41.0127901+02:00" endTime="2016-08-02T08:11:41.0127901+02:00" testType="13cdc9d9-ddb5-4fa4-a97d-d965ccfc6d4b" outcome="Passed" testListId="8c84fa94-04c1-424b-9868-57a2d4851a1d" relativeResultsDirectory="61a2ce61-3d8e-477a-8e4a-26a38f68ff14" />
    <UnitTestResult executionId="1eecb110-4528-48bc-aac1-388370449456" testId="67ca026e-0f77-40a8-830a-3dd8fe292c24" testName="DefaultCategoryTest" computerName="LENOVO-PC" duration="00:00:00.0040000" startTime="2016-08-02T08:11:41.0127901+02:00" endTime="2016-08-02T08:11:41.0127901+02:00" testType="13cdc9d9-ddb5-4fa4-a97d-d965ccfc6d4b" outcome="Passed" testListId="8c84fa94-04c1-424b-9868-57a2d4851a1d" relativeResultsDirectory="1eecb110-4528-48bc-aac1-388370449456" />
    <UnitTestResult executionId="663785c8-a9e8-4c03-8a49-40cb6c5f67bf" testId="91600403-246b-495c-8d32-79b5a45b08af" testName="MethodNameCategoryTest" computerName="LENOVO-PC" duration="00:00:00.0040000" startTime="2016-08-02T08:11:41.0137583+02:00" endTime="2016-08-02T08:11:41.0137583+02:00" testType="13cdc9d9-ddb5-4fa4-a97d-d965ccfc6d4b" outcome="Passed" testListId="8c84fa94-04c1-424b-9868-57a2d4851a1d" relativeResultsDirectory="663785c8-a9e8-4c03-8a49-40cb6c5f67bf" />
    <UnitTestResult executionId="a4a33688-c6fd-4daf-89a1-65ee34354a11" testId="bd514292-0dd0-4f28-9f18-afcaa4321219" testName="TestLogicalThreadPropertiesPatternAsyncAwait" computerName="LENOVO-PC" duration="00:00:00.0390000" startTime="2016-08-02T08:11:41.0137583+02:00" endTime="2016-08-02T08:11:41.0137583+02:00" testType="13cdc9d9-ddb5-4fa4-a97d-d965ccfc6d4b" outcome="Passed" testListId="8c84fa94-04c1-424b-9868-57a2d4851a1d" relativeResultsDirectory="a4a33688-c6fd-4daf-89a1-65ee34354a11" />
    <UnitTestResult executionId="47bafaa2-b1dc-4970-9aab-cad8746ef6c3" testId="e71663bd-3b51-4f3e-8892-f7bd5c1b882a" testName="TestLogicalThreadPropertiesPatternBasicGetSet" computerName="LENOVO-PC" duration="00:00:00.0010000" startTime="2016-08-02T08:11:41.0137583+02:00" endTime="2016-08-02T08:11:41.0137583+02:00" testType="13cdc9d9-ddb5-4fa4-a97d-d965ccfc6d4b" outcome="Passed" testListId="8c84fa94-04c1-424b-9868-57a2d4851a1d" relativeResultsDirectory="47bafaa2-b1dc-4970-9aab-cad8746ef6c3" />
    <UnitTestResult executionId="68878b0f-9baf-4306-bc9e-3f591b1e625b" testId="e39c2ccb-d499-4429-86a2-c52d37d845c1" testName="TestLogicalThreadStackPattern" computerName="LENOVO-PC" duration="00:00:00.0030000" startTime="2016-08-02T08:11:41.0137583+02:00" endTime="2016-08-02T08:11:41.0137583+02:00" testType="13cdc9d9-ddb5-4fa4-a97d-d965ccfc6d4b" outcome="Passed" testListId="8c84fa94-04c1-424b-9868-57a2d4851a1d" relativeResultsDirectory="68878b0f-9baf-4306-bc9e-3f591b1e625b" />
    <UnitTestResult executionId="44dcf8a7-35dc-450a-9f8a-9c0515658602" testId="eb732dcf-66c3-433b-987b-904b0dfa2ee0" testName="TestLogicalThreadStackPattern2" computerName="LENOVO-PC" duration="00:00:00.0010000" startTime="2016-08-02T08:11:42.5183122+02:00" endTime="2016-08-02T08:11:42.5183122+02:00" testType="13cdc9d9-ddb5-4fa4-a97d-d965ccfc6d4b" outcome="Passed" testListId="8c84fa94-04c1-424b-9868-57a2d4851a1d" relativeResultsDirectory="44dcf8a7-35dc-450a-9f8a-9c0515658602" />
    <UnitTestResult executionId="8dcf9b6a-4f0a-408b-bbeb-2aa815acbc9b" testId="3d0c9058-35e0-46a9-ab9c-eab94673add1" testName="TestLogicalThreadStackPatternAsyncAwait" computerName="LENOVO-PC" duration="00:00:00.0350000" startTime="2016-08-02T08:11:42.5183122+02:00" endTime="2016-08-02T08:11:42.5183122+02:00" testType="13cdc9d9-ddb5-4fa4-a97d-d965ccfc6d4b" outcome="Passed" testListId="8c84fa94-04c1-424b-9868-57a2d4851a1d" relativeResultsDirectory="8dcf9b6a-4f0a-408b-bbeb-2aa815acbc9b" />
    <UnitTestResult executionId="9f188592-aba4-436a-add2-05274630f5ac" testId="192a1e59-0d3b-44be-bdfa-3660cff514ba" testName="TestLogicalThreadStackPatternNullVal" computerName="LENOVO-PC" duration="00:00:00.0020000" startTime="2016-08-02T08:11:42.5183122+02:00" endTime="2016-08-02T08:11:42.5183122+02:00" testType="13cdc9d9-ddb5-4fa4-a97d-d965ccfc6d4b" outcome="Passed" testListId="8c84fa94-04c1-424b-9868-57a2d4851a1d" relativeResultsDirectory="9f188592-aba4-436a-add2-05274630f5ac" />
    <UnitTestResult executionId="cbe8f883-6f29-49fc-939d-da6ae64f42ab" testId="46b29927-3c6a-4367-b700-92e9dad5f0c3" testName="TestLogicalThreadStackPatternNullVal2" computerName="LENOVO-PC" duration="00:00:00.0010000" startTime="2016-08-02T08:11:42.5193129+02:00" endTime="2016-08-02T08:11:42.5193129+02:00" testType="13cdc9d9-ddb5-4fa4-a97d-d965ccfc6d4b" outcome="Passed" testListId="8c84fa94-04c1-424b-9868-57a2d4851a1d" relativeResultsDirectory="cbe8f883-6f29-49fc-939d-da6ae64f42ab" />
    <UnitTestResult executionId="6af7160a-1e3e-4ff7-951e-c9c9e8218873" testId="a116c50b-1cb7-415b-b256-11cf1c31412c" testName="TestBackgroundThreadContextProperty" computerName="LENOVO-PC" duration="00:00:02" startTime="2016-08-02T08:11:43.1571253+02:00" endTime="2016-08-02T08:11:43.1571253+02:00" testType="13cdc9d9-ddb5-4fa4-a97d-d965ccfc6d4b" outcome="Passed" testListId="8c84fa94-04c1-424b-9868-57a2d4851a1d" relativeResultsDirectory="6af7160a-1e3e-4ff7-951e-c9c9e8218873" />
    <UnitTestResult executionId="c78ea16a-6525-445f-8600-367c2287f388" testId="4a743037-9259-43a2-aac3-881317c54340" testName="TestThreadPropertiesPattern" computerName="LENOVO-PC" duration="00:00:00.0010000" startTime="2016-08-02T08:11:43.1581251+02:00" endTime="2016-08-02T08:11:43.1581251+02:00" testType="13cdc9d9-ddb5-4fa4-a97d-d965ccfc6d4b" outcome="Passed" testListId="8c84fa94-04c1-424b-9868-57a2d4851a1d" relativeResultsDirectory="c78ea16a-6525-445f-8600-367c2287f388" />
    <UnitTestResult executionId="f166c550-15cb-47f8-b70a-4c8c64e6fcec" testId="791184e4-c2aa-4b17-9160-6b0c6cb048a2" testName="TestThreadStackPattern" computerName="LENOVO-PC" duration="00:00:00.0010000" startTime="2016-08-02T08:11:43.1581251+02:00" endTime="2016-08-02T08:11:43.1581251+02:00" testType="13cdc9d9-ddb5-4fa4-a97d-d965ccfc6d4b" outcome="Passed" testListId="8c84fa94-04c1-424b-9868-57a2d4851a1d" relativeResultsDirectory="f166c550-15cb-47f8-b70a-4c8c64e6fcec" />
    <UnitTestResult executionId="4239a7f3-7e5b-4173-baef-ff880c0dbf54" testId="4c02023a-d4f3-4fa5-a6e0-641401ed2de2" testName="TestThreadStackPattern2" computerName="LENOVO-PC" duration="00:00:00.0010000" startTime="2016-08-02T08:11:43.1591267+02:00" endTime="2016-08-02T08:11:43.1591267+02:00" testType="13cdc9d9-ddb5-4fa4-a97d-d965ccfc6d4b" outcome="Passed" testListId="8c84fa94-04c1-424b-9868-57a2d4851a1d" relativeResultsDirectory="4239a7f3-7e5b-4173-baef-ff880c0dbf54" />
    <UnitTestResult executionId="3c77ce9a-ae1e-4a11-80b0-0b25b71321ed" testId="51a4b147-0e8f-4cfe-a054-55243977c2a1" testName="TestThreadStackPatternNullVal" computerName="LENOVO-PC" duration="00:00:00.0010000" startTime="2016-08-02T08:11:43.1591267+02:00" endTime="2016-08-02T08:11:43.1591267+02:00" testType="13cdc9d9-ddb5-4fa4-a97d-d965ccfc6d4b" outcome="Passed" testListId="8c84fa94-04c1-424b-9868-57a2d4851a1d" relativeResultsDirectory="3c77ce9a-ae1e-4a11-80b0-0b25b71321ed" />
    <UnitTestResult executionId="fa29038c-c840-4336-9589-1f628a7e7a0f" testId="53df68b1-146a-4c65-8236-e1ca6cc93872" testName="TestThreadStackPatternNullVal2" computerName="LENOVO-PC" duration="00:00:00.0010000" startTime="2016-08-02T08:11:43.1591267+02:00" endTime="2016-08-02T08:11:43.1591267+02:00" testType="13cdc9d9-ddb5-4fa4-a97d-d965ccfc6d4b" outcome="Passed" testListId="8c84fa94-04c1-424b-9868-57a2d4851a1d" relativeResultsDirectory="fa29038c-c840-4336-9589-1f628a7e7a0f" />
    <UnitTestResult executionId="847f93c7-5b02-4408-9359-3f1db21861fe" testId="0a36448a-5c90-4e69-8fd6-93a966bdf917" testName="TestExceptionEvaluator" computerName="LENOVO-PC" duration="00:00:00.0020000" startTime="2016-08-02T08:11:43.1601274+02:00" endTime="2016-08-02T08:11:43.1601274+02:00" testType="13cdc9d9-ddb5-4fa4-a97d-d965ccfc6d4b" outcome="Passed" testListId="8c84fa94-04c1-424b-9868-57a2d4851a1d" relativeResultsDirectory="847f93c7-5b02-4408-9359-3f1db21861fe" />
    <UnitTestResult executionId="e64872db-94d4-43e0-af7c-79d233d950e0" testId="740d57a5-d14c-403b-a34d-c1770a58d6da" testName="TestExceptionEvaluatorNoTriggerOnSubClass" computerName="LENOVO-PC" duration="00:00:00.0010000" startTime="2016-08-02T08:11:43.1601274+02:00" endTime="2016-08-02T08:11:43.1601274+02:00" testType="13cdc9d9-ddb5-4fa4-a97d-d965ccfc6d4b" outcome="Passed" testListId="8c84fa94-04c1-424b-9868-57a2d4851a1d" relativeResultsDirectory="e64872db-94d4-43e0-af7c-79d233d950e0" />
    <UnitTestResult executionId="9560e40d-3e0c-4e6c-92b3-4f7abcfa115a" testId="a799b354-8ee3-41ba-80e3-25fbe9ad3db2" testName="TestExceptionEvaluatorTriggerOnSubClass" computerName="LENOVO-PC" duration="00:00:00.0010000" startTime="2016-08-02T08:11:43.1601274+02:00" endTime="2016-08-02T08:11:43.1601274+02:00" testType="13cdc9d9-ddb5-4fa4-a97d-d965ccfc6d4b" outcome="Passed" testListId="8c84fa94-04c1-424b-9868-57a2d4851a1d" relativeResultsDirectory="9560e40d-3e0c-4e6c-92b3-4f7abcfa115a" />
    <UnitTestResult executionId="d7bbf633-fd21-4057-9248-31bf84004ed5" testId="69b43c08-3fb5-4656-be1d-9b21c52299f8" testName="TestInvalidExceptionEvaluator" computerName="LENOVO-PC" duration="00:00:00.0010000" startTime="2016-08-02T08:11:43.1611281+02:00" endTime="2016-08-02T08:11:43.1611281+02:00" testType="13cdc9d9-ddb5-4fa4-a97d-d965ccfc6d4b" outcome="Passed" testListId="8c84fa94-04c1-424b-9868-57a2d4851a1d" relativeResultsDirectory="d7bbf633-fd21-4057-9248-31bf84004ed5" />
    <UnitTestResult executionId="99a61987-c5e4-48a5-a3b2-44ce5c10f4be" testId="1f756428-dc7c-4e9c-8d20-a60b3fe62d61" testName="TestLevelEvaluator" computerName="LENOVO-PC" duration="00:00:00.0010000" startTime="2016-08-02T08:11:43.1611281+02:00" endTime="2016-08-02T08:11:43.1611281+02:00" testType="13cdc9d9-ddb5-4fa4-a97d-d965ccfc6d4b" outcome="Passed" testListId="8c84fa94-04c1-424b-9868-57a2d4851a1d" relativeResultsDirectory="99a61987-c5e4-48a5-a3b2-44ce5c10f4be" />
    <UnitTestResult executionId="c71cab9b-1ddc-4bde-9ab9-5b625b39cde3" testId="a3e2031f-7dcb-48c6-ad3b-503066d381ef" testName="TestAllFixedValues" computerName="LENOVO-PC" duration="00:00:00.0020000" startTime="2016-08-02T08:11:43.1611281+02:00" endTime="2016-08-02T08:11:43.1611281+02:00" testType="13cdc9d9-ddb5-4fa4-a97d-d965ccfc6d4b" outcome="Passed" testListId="8c84fa94-04c1-424b-9868-57a2d4851a1d" relativeResultsDirectory="c71cab9b-1ddc-4bde-9ab9-5b625b39cde3" />
    <UnitTestResult executionId="e2fb4c94-3beb-4a60-8617-8e7a881e1316" testId="7f116b1e-5b70-4383-9d81-156e2a39c126" testName="TestNoFixedValues" computerName="LENOVO-PC" duration="00:00:00.0010000" startTime="2016-08-02T08:11:43.1621292+02:00" endTime="2016-08-02T08:11:43.1621292+02:00" testType="13cdc9d9-ddb5-4fa4-a97d-d965ccfc6d4b" outcome="Passed" testListId="8c84fa94-04c1-424b-9868-57a2d4851a1d" relativeResultsDirectory="e2fb4c94-3beb-4a60-8617-8e7a881e1316" />
    <UnitTestResult executionId="4fd5ca95-5b2b-4197-9487-4f6448e10ced" testId="35d154e4-297d-4151-9eba-0be28223a77c" testName="TestUnfixedValues" computerName="LENOVO-PC" duration="00:00:00.0010000" startTime="2016-08-02T08:11:43.1631291+02:00" endTime="2016-08-02T08:11:43.1631291+02:00" testType="13cdc9d9-ddb5-4fa4-a97d-d965ccfc6d4b" outcome="Passed" testListId="8c84fa94-04c1-424b-9868-57a2d4851a1d" relativeResultsDirectory="4fd5ca95-5b2b-4197-9487-4f6448e10ced" />
    <UnitTestResult executionId="3112f54c-3560-4290-83ad-0d93ed4829a7" testId="9e2da8d8-3f32-452d-9e1e-b00b7341c29f" testName="TestShutdownAndReconfigure" computerName="LENOVO-PC" duration="00:00:00.0010000" startTime="2016-08-02T08:11:43.1631291+02:00" endTime="2016-08-02T08:11:43.1631291+02:00" testType="13cdc9d9-ddb5-4fa4-a97d-d965ccfc6d4b" outcome="Passed" testListId="8c84fa94-04c1-424b-9868-57a2d4851a1d" relativeResultsDirectory="3112f54c-3560-4290-83ad-0d93ed4829a7" />
    <UnitTestResult executionId="e0b1bc24-d194-4132-b8ea-4f2731473873" testId="a8734fed-0900-4c5c-a5a4-06f8c04da597" testName="TestFormatString" computerName="LENOVO-PC" duration="00:00:00.0050000" startTime="2016-08-02T08:11:43.1631291+02:00" endTime="2016-08-02T08:11:43.1631291+02:00" testType="13cdc9d9-ddb5-4fa4-a97d-d965ccfc6d4b" outcome="Passed" testListId="8c84fa94-04c1-424b-9868-57a2d4851a1d" relativeResultsDirectory="e0b1bc24-d194-4132-b8ea-4f2731473873">
      <Output>
        <StdOut>log4net:WARN Exception while rendering format [IGNORE THIS WARNING - EXCEPTION EXPECTED Before {0} After {1} {2}]System.FormatException: Index (zero based) must be greater than or equal to zero and less than the size of the argument list.
   at System.Text.StringBuilder.AppendFormatHelper(IFormatProvider provider, String format, ParamsArray args)
   at System.String.FormatHelper(IFormatProvider provider, String format, ParamsArray args)
   at System.String.Format(IFormatProvider provider, String format, Object[] args)
   at log4net.Util.SystemStringFormat.StringFormat(IFormatProvider provider, String format, Object[] args) in c:\src\log4net\src\Util\SystemStringFormat.cs:line 105</StdOut>
      </Output>
    </UnitTestResult>
    <UnitTestResult executionId="e9127f90-bfd6-48d1-9719-e644133c5d9a" testId="9d90a311-f8f1-4991-aa9f-d6145c30fefc" testName="TestLogFormatApi_Debug" computerName="LENOVO-PC" duration="00:00:00.0020000" startTime="2016-08-02T08:11:43.1641298+02:00" endTime="2016-08-02T08:11:43.1641298+02:00" testType="13cdc9d9-ddb5-4fa4-a97d-d965ccfc6d4b" outcome="Passed" testListId="8c84fa94-04c1-424b-9868-57a2d4851a1d" relativeResultsDirectory="e9127f90-bfd6-48d1-9719-e644133c5d9a" />
    <UnitTestResult executionId="1972c970-a496-4ae8-b47b-e434bd4d7292" testId="296ecce1-7295-45d7-b94f-eb9cc65c864c" testName="TestLogFormatApi_Error" computerName="LENOVO-PC" duration="00:00:00.0020000" startTime="2016-08-02T08:11:43.1641298+02:00" endTime="2016-08-02T08:11:43.1641298+02:00" testType="13cdc9d9-ddb5-4fa4-a97d-d965ccfc6d4b" outcome="Passed" testListId="8c84fa94-04c1-424b-9868-57a2d4851a1d" relativeResultsDirectory="1972c970-a496-4ae8-b47b-e434bd4d7292" />
    <UnitTestResult executionId="33064705-e3de-45b9-bf48-1b64b6670a32" testId="ba942a39-8645-4482-b049-67feecb87d0e" testName="TestLogFormatApi_Fatal" computerName="LENOVO-PC" duration="00:00:00.0030000" startTime="2016-08-02T08:11:43.1711348+02:00" endTime="2016-08-02T08:11:43.1711348+02:00" testType="13cdc9d9-ddb5-4fa4-a97d-d965ccfc6d4b" outcome="Passed" testListId="8c84fa94-04c1-424b-9868-57a2d4851a1d" relativeResultsDirectory="33064705-e3de-45b9-bf48-1b64b6670a32" />
    <UnitTestResult executionId="54930af2-5a81-4245-9cd1-c5032f6c30d8" testId="96b4c9f6-5c70-473f-a651-5cd89537d81d" testName="TestLogFormatApi_Info" computerName="LENOVO-PC" duration="00:00:00.0020000" startTime="2016-08-02T08:11:43.1721359+02:00" endTime="2016-08-02T08:11:43.1721359+02:00" testType="13cdc9d9-ddb5-4fa4-a97d-d965ccfc6d4b" outcome="Passed" testListId="8c84fa94-04c1-424b-9868-57a2d4851a1d" relativeResultsDirectory="54930af2-5a81-4245-9cd1-c5032f6c30d8" />
    <UnitTestResult executionId="e3a21bdf-7d56-41eb-b748-678f3a6013fb" testId="76c35869-eb23-486b-ab14-ec0046fdd9a6" testName="TestLogFormatApi_NoDebug" computerName="LENOVO-PC" duration="00:00:00.0030000" startTime="2016-08-02T08:11:43.1721359+02:00" endTime="2016-08-02T08:11:43.1721359+02:00" testType="13cdc9d9-ddb5-4fa4-a97d-d965ccfc6d4b" outcome="Passed" testListId="8c84fa94-04c1-424b-9868-57a2d4851a1d" relativeResultsDirectory="e3a21bdf-7d56-41eb-b748-678f3a6013fb" />
    <UnitTestResult executionId="22692bf2-f611-4c0f-b2f7-c03ea378de6f" testId="fc062647-cd80-468a-92b4-85d6dda9eef7" testName="TestLogFormatApi_NoError" computerName="LENOVO-PC" duration="00:00:00.0010000" startTime="2016-08-02T08:11:43.1721359+02:00" endTime="2016-08-02T08:11:43.1721359+02:00" testType="13cdc9d9-ddb5-4fa4-a97d-d965ccfc6d4b" outcome="Passed" testListId="8c84fa94-04c1-424b-9868-57a2d4851a1d" relativeResultsDirectory="22692bf2-f611-4c0f-b2f7-c03ea378de6f" />
    <UnitTestResult executionId="e3048633-3c64-4f5e-bb70-532c68c9c4ec" testId="652cb7f7-0377-483c-ac5e-79bd7d82aedf" testName="TestLogFormatApi_NoFatal" computerName="LENOVO-PC" duration="00:00:00.0010000" startTime="2016-08-02T08:11:43.1731362+02:00" endTime="2016-08-02T08:11:43.1731362+02:00" testType="13cdc9d9-ddb5-4fa4-a97d-d965ccfc6d4b" outcome="Passed" testListId="8c84fa94-04c1-424b-9868-57a2d4851a1d" relativeResultsDirectory="e3048633-3c64-4f5e-bb70-532c68c9c4ec" />
    <UnitTestResult executionId="3f84f97a-1a0e-4315-be1c-8d95111a06fc" testId="e73d891b-e612-4af6-a61f-4a9f242ba780" testName="TestLogFormatApi_NoInfo" computerName="LENOVO-PC" duration="00:00:00.0010000" startTime="2016-08-02T08:11:43.1741369+02:00" endTime="2016-08-02T08:11:43.1741369+02:00" testType="13cdc9d9-ddb5-4fa4-a97d-d965ccfc6d4b" outcome="Passed" testListId="8c84fa94-04c1-424b-9868-57a2d4851a1d" relativeResultsDirectory="3f84f97a-1a0e-4315-be1c-8d95111a06fc" />
    <UnitTestResult executionId="9d32a788-9ab6-455c-9e7b-ec8e0ff6c26b" testId="f3554138-d126-4c5a-9e53-7aebed250996" testName="TestLogFormatApi_NoWarn" computerName="LENOVO-PC" duration="00:00:00.0050000" startTime="2016-08-02T08:11:43.1741369+02:00" endTime="2016-08-02T08:11:43.1741369+02:00" testType="13cdc9d9-ddb5-4fa4-a97d-d965ccfc6d4b" outcome="Passed" testListId="8c84fa94-04c1-424b-9868-57a2d4851a1d" relativeResultsDirectory="9d32a788-9ab6-455c-9e7b-ec8e0ff6c26b" />
    <UnitTestResult executionId="fb8bc3e5-e069-45f3-b10a-9bd0c5487147" testId="a3292289-8b65-41c4-83c5-6576bace5b1a" testName="TestLogFormatApi_Warn" computerName="LENOVO-PC" duration="00:00:00.0010000" startTime="2016-08-02T08:11:43.1741369+02:00" endTime="2016-08-02T08:11:43.1741369+02:00" testType="13cdc9d9-ddb5-4fa4-a97d-d965ccfc6d4b" outcome="Passed" testListId="8c84fa94-04c1-424b-9868-57a2d4851a1d" relativeResultsDirectory="fb8bc3e5-e069-45f3-b10a-9bd0c5487147" />
    <UnitTestResult executionId="d72388cd-e2de-48aa-90d3-21248abbaeb0" testId="262c0069-fe02-4140-88d1-854912ff5721" testName="FilterConfigurationTest" computerName="LENOVO-PC" duration="00:00:00.0070000" startTime="2016-08-02T08:11:43.1751376+02:00" endTime="2016-08-02T08:11:43.1751376+02:00" testType="13cdc9d9-ddb5-4fa4-a97d-d965ccfc6d4b" outcome="Passed" testListId="8c84fa94-04c1-424b-9868-57a2d4851a1d" relativeResultsDirectory="d72388cd-e2de-48aa-90d3-21248abbaeb0" />
    <UnitTestResult executionId="ab529728-03cd-4c2a-938a-280fa91c55a5" testId="202e5206-a441-4fe7-9eb4-e033044a847f" testName="AddingMultipleAppenders" computerName="LENOVO-PC" duration="00:00:00.0000001" startTime="2016-08-02T08:11:43.1761384+02:00" endTime="2016-08-02T08:11:43.1761384+02:00" testType="13cdc9d9-ddb5-4fa4-a97d-d965ccfc6d4b" outcome="Passed" testListId="8c84fa94-04c1-424b-9868-57a2d4851a1d" relativeResultsDirectory="ab529728-03cd-4c2a-938a-280fa91c55a5" />
    <UnitTestResult executionId="235e9441-0fde-413e-9a55-a9fe9f027ee4" testId="8b2553d5-4f75-43ba-bafd-3fa1decb2595" testName="AddingMultipleAppenders2" computerName="LENOVO-PC" duration="00:00:00.0000001" startTime="2016-08-02T08:11:43.1761384+02:00" endTime="2016-08-02T08:11:43.1761384+02:00" testType="13cdc9d9-ddb5-4fa4-a97d-d965ccfc6d4b" outcome="Passed" testListId="8c84fa94-04c1-424b-9868-57a2d4851a1d" relativeResultsDirectory="235e9441-0fde-413e-9a55-a9fe9f027ee4" />
    <UnitTestResult executionId="869f3150-d778-4c2d-b3e7-2a6f2a9bc593" testId="97308960-100c-40da-942c-a8024201bdc7" testName="LoggerNameCanConsistOfASingleDot" computerName="LENOVO-PC" duration="00:00:00.0010000" startTime="2016-08-02T08:11:43.1771395+02:00" endTime="2016-08-02T08:11:43.1771395+02:00" testType="13cdc9d9-ddb5-4fa4-a97d-d965ccfc6d4b" outcome="Passed" testListId="8c84fa94-04c1-424b-9868-57a2d4851a1d" relativeResultsDirectory="869f3150-d778-4c2d-b3e7-2a6f2a9bc593" />
    <UnitTestResult executionId="8dc3d48c-1741-4d73-ad40-bec0a89c332e" testId="f4bb6104-d5a9-44fa-958e-3f2dc61b7e11" testName="LoggerNameCanConsistOfASingleNonDot" computerName="LENOVO-PC" duration="00:00:00.0010000" startTime="2016-08-02T08:11:43.1771395+02:00" endTime="2016-08-02T08:11:43.1771395+02:00" testType="13cdc9d9-ddb5-4fa4-a97d-d965ccfc6d4b" outcome="Passed" testListId="8c84fa94-04c1-424b-9868-57a2d4851a1d" relativeResultsDirectory="8dc3d48c-1741-4d73-ad40-bec0a89c332e" />
    <UnitTestResult executionId="9596b875-23f6-49de-a607-91cf92dde3ca" testId="3ee939c0-a95e-48d3-a826-e6928481c31c" testName="LoggerNameCanContainSequenceOfDots" computerName="LENOVO-PC" duration="00:00:00.0000001" startTime="2016-08-02T08:11:43.1771395+02:00" endTime="2016-08-02T08:11:43.1771395+02:00" testType="13cdc9d9-ddb5-4fa4-a97d-d965ccfc6d4b" outcome="Passed" testListId="8c84fa94-04c1-424b-9868-57a2d4851a1d" relativeResultsDirectory="9596b875-23f6-49de-a607-91cf92dde3ca" />
    <UnitTestResult executionId="2a01a787-2a64-4143-b791-f395918f8368" testId="1269e259-8413-4b6e-b423-04345d206e92" testName="SetRepositoryPropertiesInConfigFile" computerName="LENOVO-PC" duration="00:00:00.0010000" startTime="2016-08-02T08:11:43.1781402+02:00" endTime="2016-08-02T08:11:43.1781402+02:00" testType="13cdc9d9-ddb5-4fa4-a97d-d965ccfc6d4b" outcome="Passed" testListId="8c84fa94-04c1-424b-9868-57a2d4851a1d" relativeResultsDirectory="2a01a787-2a64-4143-b791-f395918f8368" />
    <UnitTestResult executionId="20032031-43d0-4af5-b683-f85c7e3abcf4" testId="ce96909d-9aab-47b6-abb3-cc1ff86ae8e9" testName="TestAdditivity1" computerName="LENOVO-PC" duration="00:00:00.0010000" startTime="2016-08-02T08:11:43.1781402+02:00" endTime="2016-08-02T08:11:43.1781402+02:00" testType="13cdc9d9-ddb5-4fa4-a97d-d965ccfc6d4b" outcome="Passed" testListId="8c84fa94-04c1-424b-9868-57a2d4851a1d" relativeResultsDirectory="20032031-43d0-4af5-b683-f85c7e3abcf4" />
    <UnitTestResult executionId="eeae2eb4-fce1-4796-aab9-1d07bbb10dab" testId="bbf8baf7-789d-419a-9823-efcb311b9322" testName="TestAdditivity2" computerName="LENOVO-PC" duration="00:00:00.0010000" startTime="2016-08-02T08:11:43.1781402+02:00" endTime="2016-08-02T08:11:43.1781402+02:00" testType="13cdc9d9-ddb5-4fa4-a97d-d965ccfc6d4b" outcome="Passed" testListId="8c84fa94-04c1-424b-9868-57a2d4851a1d" relativeResultsDirectory="eeae2eb4-fce1-4796-aab9-1d07bbb10dab" />
    <UnitTestResult executionId="53038a38-caf6-4e81-ac8f-f52cd75801b2" testId="bbd7d073-3d76-4d46-a3b9-d566d82a8388" testName="TestAdditivity3" computerName="LENOVO-PC" duration="00:00:00.0010000" startTime="2016-08-02T08:11:43.1851507+02:00" endTime="2016-08-02T08:11:43.1851507+02:00" testType="13cdc9d9-ddb5-4fa4-a97d-d965ccfc6d4b" outcome="Passed" testListId="8c84fa94-04c1-424b-9868-57a2d4851a1d" relativeResultsDirectory="53038a38-caf6-4e81-ac8f-f52cd75801b2" />
    <UnitTestResult executionId="56abb0ae-ae82-401b-995e-98de788f6657" testId="60606b15-84af-4473-b00d-17f6acec1417" testName="TestAppender1" computerName="LENOVO-PC" duration="00:00:00.0010000" startTime="2016-08-02T08:11:43.1866531+02:00" endTime="2016-08-02T08:11:43.1866531+02:00" testType="13cdc9d9-ddb5-4fa4-a97d-d965ccfc6d4b" outcome="Passed" testListId="8c84fa94-04c1-424b-9868-57a2d4851a1d" relativeResultsDirectory="56abb0ae-ae82-401b-995e-98de788f6657" />
    <UnitTestResult executionId="a56a1a50-2d42-4141-83f6-2f77e6bd9654" testId="6c6f6eb6-c070-4ac9-8fd7-6cc0fd892b3a" testName="TestAppender2" computerName="LENOVO-PC" duration="00:00:00.0020000" startTime="2016-08-02T08:11:43.1876572+02:00" endTime="2016-08-02T08:11:43.1876572+02:00" testType="13cdc9d9-ddb5-4fa4-a97d-d965ccfc6d4b" outcome="Passed" testListId="8c84fa94-04c1-424b-9868-57a2d4851a1d" relativeResultsDirectory="a56a1a50-2d42-4141-83f6-2f77e6bd9654" />
    <UnitTestResult executionId="454a2b68-1254-41d5-9392-59cabccd74b5" testId="73d204a3-0163-47f1-a4dd-5538773ee608" testName="TestDisable1" computerName="LENOVO-PC" duration="00:00:00.0010000" startTime="2016-08-02T08:11:43.1881507+02:00" endTime="2016-08-02T08:11:43.1881507+02:00" testType="13cdc9d9-ddb5-4fa4-a97d-d965ccfc6d4b" outcome="Passed" testListId="8c84fa94-04c1-424b-9868-57a2d4851a1d" relativeResultsDirectory="454a2b68-1254-41d5-9392-59cabccd74b5" />
    <UnitTestResult executionId="ad105066-8656-407d-a5df-f0ba900cafb3" testId="ebb1b488-e55d-47e5-849d-ce0abc3b84ed" testName="TestExists" computerName="LENOVO-PC" duration="00:00:00.0010000" startTime="2016-08-02T08:11:43.1886524+02:00" endTime="2016-08-02T08:11:43.1886524+02:00" testType="13cdc9d9-ddb5-4fa4-a97d-d965ccfc6d4b" outcome="Passed" testListId="8c84fa94-04c1-424b-9868-57a2d4851a1d" relativeResultsDirectory="ad105066-8656-407d-a5df-f0ba900cafb3" />
    <UnitTestResult executionId="ed0eaf0f-3353-4cd2-8e5d-bd0463266cd1" testId="c53df202-e442-449f-849f-5f0f2e21fd78" testName="TestHierarchy1" computerName="LENOVO-PC" duration="00:00:00.0000001" startTime="2016-08-02T08:11:43.1891519+02:00" endTime="2016-08-02T08:11:43.1891519+02:00" testType="13cdc9d9-ddb5-4fa4-a97d-d965ccfc6d4b" outcome="Passed" testListId="8c84fa94-04c1-424b-9868-57a2d4851a1d" relativeResultsDirectory="ed0eaf0f-3353-4cd2-8e5d-bd0463266cd1" />
    <UnitTestResult executionId="6355ee48-e5c9-46e8-a85d-ee345b0a07d7" testId="42ac54d2-bd77-4028-94cf-e4c0d05e59c5" testName="PatternLayoutTest.NamedPatternConverterWithoutPrecisionShouldReturnFullName" computerName="LENOVO-PC" duration="00:00:00.0030000" startTime="2016-08-02T08:11:43.1891519+02:00" endTime="2016-08-02T08:11:43.1891519+02:00" testType="13cdc9d9-ddb5-4fa4-a97d-d965ccfc6d4b" outcome="Passed" testListId="8c84fa94-04c1-424b-9868-57a2d4851a1d" relativeResultsDirectory="6355ee48-e5c9-46e8-a85d-ee345b0a07d7" />
    <UnitTestResult executionId="2d113974-52a6-41c6-9f7b-3475230fd5b7" testId="260c052b-a9b4-4451-8c0f-a7514f7900c4" testName="PatternLayoutTest.NamedPatternConverterWithPrecision1ShouldStripLeadingStuffIfPresent" computerName="LENOVO-PC" duration="00:00:00.0010000" startTime="2016-08-02T08:11:43.1896518+02:00" endTime="2016-08-02T08:11:43.1896518+02:00" testType="13cdc9d9-ddb5-4fa4-a97d-d965ccfc6d4b" outcome="Passed" testListId="8c84fa94-04c1-424b-9868-57a2d4851a1d" relativeResultsDirectory="2d113974-52a6-41c6-9f7b-3475230fd5b7" />
    <UnitTestResult executionId="3870c6dd-217a-4975-8186-ea13e3a81937" testId="6894967e-7c9c-43a1-bb29-f549125191f3" testName="PatternLayoutTest.NamedPatternConverterWithPrecision2ShouldStripLessLeadingStuffIfPresent" computerName="LENOVO-PC" duration="00:00:00.0010000" startTime="2016-08-02T08:11:43.1921540+02:00" endTime="2016-08-02T08:11:43.1921540+02:00" testType="13cdc9d9-ddb5-4fa4-a97d-d965ccfc6d4b" outcome="Passed" testListId="8c84fa94-04c1-424b-9868-57a2d4851a1d" relativeResultsDirectory="3870c6dd-217a-4975-8186-ea13e3a81937" />
    <UnitTestResult executionId="a3faeec6-5f75-4482-bde5-7a920bc220c5" testId="1fdf593a-d7be-4dcf-8538-2734bbe36e27" testName="PatternLayoutTest.TestAddingCustomPattern" computerName="LENOVO-PC" duration="00:00:00.0010000" startTime="2016-08-02T08:11:43.1946584+02:00" endTime="2016-08-02T08:11:43.1946584+02:00" testType="13cdc9d9-ddb5-4fa4-a97d-d965ccfc6d4b" outcome="Passed" testListId="8c84fa94-04c1-424b-9868-57a2d4851a1d" relativeResultsDirectory="a3faeec6-5f75-4482-bde5-7a920bc220c5" />
    <UnitTestResult executionId="c194feaf-788f-47ed-aea8-d543e80add50" testId="a104d64b-e890-4b7e-bfbd-92e87c770604" testName="PatternLayoutTest.TestExceptionPattern" computerName="LENOVO-PC" duration="00:00:00.0010000" startTime="2016-08-02T08:11:43.1946584+02:00" endTime="2016-08-02T08:11:43.1946584+02:00" testType="13cdc9d9-ddb5-4fa4-a97d-d965ccfc6d4b" outcome="Passed" testListId="8c84fa94-04c1-424b-9868-57a2d4851a1d" relativeResultsDirectory="c194feaf-788f-47ed-aea8-d543e80add50" />
    <UnitTestResult executionId="acf88f4d-bc7b-4b7a-83e9-378a364bfc96" testId="fb86d881-b3c1-498c-9a67-81c7b6035e76" testName="PatternLayoutTest.TestGlobalPropertiesPattern" computerName="LENOVO-PC" duration="00:00:00.0010000" startTime="2016-08-02T08:11:43.1946584+02:00" endTime="2016-08-02T08:11:43.1946584+02:00" testType="13cdc9d9-ddb5-4fa4-a97d-d965ccfc6d4b" outcome="Passed" testListId="8c84fa94-04c1-424b-9868-57a2d4851a1d" relativeResultsDirectory="acf88f4d-bc7b-4b7a-83e9-378a364bfc96" />
    <UnitTestResult executionId="eba8088a-5e2a-42bc-9eb9-c630c7d67259" testId="478466e9-31ee-42e3-8212-05b9e70a23e9" testName="PatternLayoutTest.TestStackTracePattern" computerName="LENOVO-PC" duration="00:00:00.0070000" startTime="2016-08-02T08:11:43.1956595+02:00" endTime="2016-08-02T08:11:43.1956595+02:00" testType="13cdc9d9-ddb5-4fa4-a97d-d965ccfc6d4b" outcome="Passed" testListId="8c84fa94-04c1-424b-9868-57a2d4851a1d" relativeResultsDirectory="eba8088a-5e2a-42bc-9eb9-c630c7d67259" />
    <UnitTestResult executionId="b93e2ff3-80cb-497d-b242-8dee863e2c49" testId="de2bd339-e55b-48bd-96ba-3bd039373450" testName="PatternLayoutTest.TestThreadPropertiesPattern" computerName="LENOVO-PC" duration="00:00:00.0010000" startTime="2016-08-02T08:11:43.1956595+02:00" endTime="2016-08-02T08:11:43.1956595+02:00" testType="13cdc9d9-ddb5-4fa4-a97d-d965ccfc6d4b" outcome="Passed" testListId="8c84fa94-04c1-424b-9868-57a2d4851a1d" relativeResultsDirectory="b93e2ff3-80cb-497d-b242-8dee863e2c49" />
    <UnitTestResult executionId="218079ae-8fcb-49be-9333-01454f969738" testId="5370005a-1a54-4b1f-9ec5-e1d5ae6674cb" testName="NamedPatternConverterWithoutPrecisionShouldReturnFullName" computerName="LENOVO-PC" duration="00:00:00.0010000" startTime="2016-08-02T08:11:43.1966606+02:00" endTime="2016-08-02T08:11:43.1966606+02:00" testType="13cdc9d9-ddb5-4fa4-a97d-d965ccfc6d4b" outcome="Passed" testListId="8c84fa94-04c1-424b-9868-57a2d4851a1d" relativeResultsDirectory="218079ae-8fcb-49be-9333-01454f969738" />
    <UnitTestResult executionId="d670bcd0-dfd0-48eb-ade0-c63f59e0809f" testId="0f92af73-877c-4b1f-b693-ce54b174de27" testName="NamedPatternConverterWithPrecision1ShouldStripLeadingStuffIfPresent" computerName="LENOVO-PC" duration="00:00:00.0000001" startTime="2016-08-02T08:11:43.1966606+02:00" endTime="2016-08-02T08:11:43.1966606+02:00" testType="13cdc9d9-ddb5-4fa4-a97d-d965ccfc6d4b" outcome="Passed" testListId="8c84fa94-04c1-424b-9868-57a2d4851a1d" relativeResultsDirectory="d670bcd0-dfd0-48eb-ade0-c63f59e0809f" />
    <UnitTestResult executionId="f264e209-b1cd-4f1f-9910-29859c6c1941" testId="c2af7bd7-ab6b-410b-bf29-e36395877a66" testName="NamedPatternConverterWithPrecision2ShouldStripLessLeadingStuffIfPresent" computerName="LENOVO-PC" duration="00:00:00.0000001" startTime="2016-08-02T08:11:43.2086688+02:00" endTime="2016-08-02T08:11:43.2086688+02:00" testType="13cdc9d9-ddb5-4fa4-a97d-d965ccfc6d4b" outcome="Passed" testListId="8c84fa94-04c1-424b-9868-57a2d4851a1d" relativeResultsDirectory="f264e209-b1cd-4f1f-9910-29859c6c1941" />
    <UnitTestResult executionId="008b7d63-d1fe-4b03-99bb-89c2a955b42c" testId="da8e3603-ef30-4c7f-a913-a59135483d3b" testName="TestAddingCustomPattern" computerName="LENOVO-PC" duration="00:00:00.0000001" startTime="2016-08-02T08:11:43.2096695+02:00" endTime="2016-08-02T08:11:43.2096695+02:00" testType="13cdc9d9-ddb5-4fa4-a97d-d965ccfc6d4b" outcome="Passed" testListId="8c84fa94-04c1-424b-9868-57a2d4851a1d" relativeResultsDirectory="008b7d63-d1fe-4b03-99bb-89c2a955b42c" />
    <UnitTestResult executionId="2a6a45eb-69e1-46ff-ae08-2c21b955444e" testId="20b3a536-0d84-4b43-9585-aaa6642a1a5f" testName="TestExceptionPattern" computerName="LENOVO-PC" duration="00:00:00.0000001" startTime="2016-08-02T08:11:43.2106706+02:00" endTime="2016-08-02T08:11:43.2106706+02:00" testType="13cdc9d9-ddb5-4fa4-a97d-d965ccfc6d4b" outcome="Passed" testListId="8c84fa94-04c1-424b-9868-57a2d4851a1d" relativeResultsDirectory="2a6a45eb-69e1-46ff-ae08-2c21b955444e" />
    <UnitTestResult executionId="b5a6c2e0-1360-442b-bd78-a935b45bc0d0" testId="dfe2c951-9ec9-418b-840a-6e0e3ff01e24" testName="TestGlobalPropertiesPattern" computerName="LENOVO-PC" duration="00:00:00.0010000" startTime="2016-08-02T08:11:43.2106706+02:00" endTime="2016-08-02T08:11:43.2106706+02:00" testType="13cdc9d9-ddb5-4fa4-a97d-d965ccfc6d4b" outcome="Passed" testListId="8c84fa94-04c1-424b-9868-57a2d4851a1d" relativeResultsDirectory="b5a6c2e0-1360-442b-bd78-a935b45bc0d0" />
    <UnitTestResult executionId="f0af19c4-e23f-4376-85a9-4411db1837cc" testId="3ddfbbcb-4cf6-4420-89af-c250cdc30c57" testName="TestStackTracePattern" computerName="LENOVO-PC" duration="00:00:00.0010000" startTime="2016-08-02T08:11:43.2106706+02:00" endTime="2016-08-02T08:11:43.2106706+02:00" testType="13cdc9d9-ddb5-4fa4-a97d-d965ccfc6d4b" outcome="Passed" testListId="8c84fa94-04c1-424b-9868-57a2d4851a1d" relativeResultsDirectory="f0af19c4-e23f-4376-85a9-4411db1837cc" />
    <UnitTestResult executionId="c94adb68-058e-460a-877c-47f181efd934" testId="c7215163-23fd-41a4-9da5-c73bfaf0084d" testName="TestThreadPropertiesPattern" computerName="LENOVO-PC" duration="00:00:00.0010000" startTime="2016-08-02T08:11:43.2126733+02:00" endTime="2016-08-02T08:11:43.2126733+02:00" testType="13cdc9d9-ddb5-4fa4-a97d-d965ccfc6d4b" outcome="Passed" testListId="8c84fa94-04c1-424b-9868-57a2d4851a1d" relativeResultsDirectory="c94adb68-058e-460a-877c-47f181efd934" />
    <UnitTestResult executionId="9daaf00a-e660-4749-af28-32bc3e1775f5" testId="27d1ab50-34f5-45b9-adfb-d4685bb96e48" testName="BracketsInStackTracesAreEscapedProperly" computerName="LENOVO-PC" duration="00:00:00.0450000" startTime="2016-08-02T08:11:43.2126733+02:00" endTime="2016-08-02T08:11:43.2126733+02:00" testType="13cdc9d9-ddb5-4fa4-a97d-d965ccfc6d4b" outcome="Passed" testListId="8c84fa94-04c1-424b-9868-57a2d4851a1d" relativeResultsDirectory="9daaf00a-e660-4749-af28-32bc3e1775f5" />
    <UnitTestResult executionId="50d85850-deff-461a-9a99-c6c6532f5592" testId="af7ed0eb-9dc6-4f8b-b36e-8339fbbabc71" testName="BracketsInStackTracesKeepLogWellFormed" computerName="LENOVO-PC" duration="00:00:00.0020000" startTime="2016-08-02T08:11:43.2126733+02:00" endTime="2016-08-02T08:11:43.2126733+02:00" testType="13cdc9d9-ddb5-4fa4-a97d-d965ccfc6d4b" outcome="Passed" testListId="8c84fa94-04c1-424b-9868-57a2d4851a1d" relativeResultsDirectory="50d85850-deff-461a-9a99-c6c6532f5592" />
    <UnitTestResult executionId="dc66fd9a-8bd8-4d9c-bddc-6f1e66c04272" testId="9f1a1439-840e-4b87-81dd-047f13809235" testName="TestBase64EventLogging" computerName="LENOVO-PC" duration="00:00:00.0010000" startTime="2016-08-02T08:11:43.2136732+02:00" endTime="2016-08-02T08:11:43.2136732+02:00" testType="13cdc9d9-ddb5-4fa4-a97d-d965ccfc6d4b" outcome="Passed" testListId="8c84fa94-04c1-424b-9868-57a2d4851a1d" relativeResultsDirectory="dc66fd9a-8bd8-4d9c-bddc-6f1e66c04272" />
    <UnitTestResult executionId="90cf9464-78d6-4c53-ab7b-b024520bb23f" testId="e4fe6742-1662-4cb3-9d0e-89b2ec5a0122" testName="TestBase64PropertyEventLogging" computerName="LENOVO-PC" duration="00:00:00.0010000" startTime="2016-08-02T08:11:43.2146739+02:00" endTime="2016-08-02T08:11:43.2146739+02:00" testType="13cdc9d9-ddb5-4fa4-a97d-d965ccfc6d4b" outcome="Passed" testListId="8c84fa94-04c1-424b-9868-57a2d4851a1d" relativeResultsDirectory="90cf9464-78d6-4c53-ab7b-b024520bb23f" />
    <UnitTestResult executionId="b19041b6-e0ef-4b0b-8b8f-3f19f8991b5f" testId="5496ef77-4d1e-42dd-960e-f621053f6778" testName="TestBasicEventLogging" computerName="LENOVO-PC" duration="00:00:00.0010000" startTime="2016-08-02T08:11:43.2156789+02:00" endTime="2016-08-02T08:11:43.2156789+02:00" testType="13cdc9d9-ddb5-4fa4-a97d-d965ccfc6d4b" outcome="Passed" testListId="8c84fa94-04c1-424b-9868-57a2d4851a1d" relativeResultsDirectory="b19041b6-e0ef-4b0b-8b8f-3f19f8991b5f" />
    <UnitTestResult executionId="e85c6831-bbf9-4361-a84a-3d5ef9cbb9ac" testId="801ff072-658b-431c-9822-50cf272fb993" testName="TestCDATAEscaping1" computerName="LENOVO-PC" duration="00:00:00.0020000" startTime="2016-08-02T08:11:43.2166770+02:00" endTime="2016-08-02T08:11:43.2166770+02:00" testType="13cdc9d9-ddb5-4fa4-a97d-d965ccfc6d4b" outcome="Passed" testListId="8c84fa94-04c1-424b-9868-57a2d4851a1d" relativeResultsDirectory="e85c6831-bbf9-4361-a84a-3d5ef9cbb9ac" />
    <UnitTestResult executionId="00e92348-2413-49e9-ab2f-2773886b5ea6" testId="a35833d4-50d9-4d8d-b66e-19e117902da3" testName="TestCDATAEscaping2" computerName="LENOVO-PC" duration="00:00:00.0010000" startTime="2016-08-02T08:11:43.2166770+02:00" endTime="2016-08-02T08:11:43.2166770+02:00" testType="13cdc9d9-ddb5-4fa4-a97d-d965ccfc6d4b" outcome="Passed" testListId="8c84fa94-04c1-424b-9868-57a2d4851a1d" relativeResultsDirectory="00e92348-2413-49e9-ab2f-2773886b5ea6" />
    <UnitTestResult executionId="4f7d2275-79fe-45bc-8c70-9986da3eaea8" testId="1d8433cb-ceed-4605-8ece-556c56300b0c" testName="TestCDATAEscaping3" computerName="LENOVO-PC" duration="00:00:00.0010000" startTime="2016-08-02T08:11:43.2176769+02:00" endTime="2016-08-02T08:11:43.2176769+02:00" testType="13cdc9d9-ddb5-4fa4-a97d-d965ccfc6d4b" outcome="Passed" testListId="8c84fa94-04c1-424b-9868-57a2d4851a1d" relativeResultsDirectory="4f7d2275-79fe-45bc-8c70-9986da3eaea8" />
    <UnitTestResult executionId="996be477-7c55-42c1-8a8b-745dff9b784e" testId="d41ec6cc-840b-4afa-a39b-878b34b49cdc" testName="TestIllegalCharacterMasking" computerName="LENOVO-PC" duration="00:00:00.0020000" startTime="2016-08-02T08:11:43.2186759+02:00" endTime="2016-08-02T08:11:43.2186759+02:00" testType="13cdc9d9-ddb5-4fa4-a97d-d965ccfc6d4b" outcome="Passed" testListId="8c84fa94-04c1-424b-9868-57a2d4851a1d" relativeResultsDirectory="996be477-7c55-42c1-8a8b-745dff9b784e" />
    <UnitTestResult executionId="45b9dec4-984d-4527-af86-effdcce134c4" testId="77c9d513-b690-4114-9a4f-33eee55092be" testName="TestPropertyCharacterEscaping" computerName="LENOVO-PC" duration="00:00:00.0010000" startTime="2016-08-02T08:11:43.4648605+02:00" endTime="2016-08-02T08:11:43.4648605+02:00" testType="13cdc9d9-ddb5-4fa4-a97d-d965ccfc6d4b" outcome="Passed" testListId="8c84fa94-04c1-424b-9868-57a2d4851a1d" relativeResultsDirectory="45b9dec4-984d-4527-af86-effdcce134c4" />
    <UnitTestResult executionId="a753cc0f-6e9f-43fc-8b3d-1da85b64d825" testId="96d1f4fc-0bcf-47bd-b909-d8610f7df022" testName="TestPropertyEventLogging" computerName="LENOVO-PC" duration="00:00:00.0010000" startTime="2016-08-02T08:11:43.4658603+02:00" endTime="2016-08-02T08:11:43.4658603+02:00" testType="13cdc9d9-ddb5-4fa4-a97d-d965ccfc6d4b" outcome="Passed" testListId="8c84fa94-04c1-424b-9868-57a2d4851a1d" relativeResultsDirectory="a753cc0f-6e9f-43fc-8b3d-1da85b64d825" />
    <UnitTestResult executionId="cbe75294-a504-4eb7-bbf1-02320175ecb3" testId="a1d853dc-702e-4272-8fb2-340ebaaa1e83" testName="TestPropertyIllegalCharacterMasking" computerName="LENOVO-PC" duration="00:00:00.0010000" startTime="2016-08-02T08:11:43.4658603+02:00" endTime="2016-08-02T08:11:43.4658603+02:00" testType="13cdc9d9-ddb5-4fa4-a97d-d965ccfc6d4b" outcome="Passed" testListId="8c84fa94-04c1-424b-9868-57a2d4851a1d" relativeResultsDirectory="cbe75294-a504-4eb7-bbf1-02320175ecb3" />
    <UnitTestResult executionId="a3fc127f-94c0-4876-a08f-63e338b8b9dd" testId="9270d449-b11a-40bc-9285-ef59fb7d10a8" testName="TestPropertyIllegalCharacterMaskingInName" computerName="LENOVO-PC" duration="00:00:00.0010000" startTime="2016-08-02T08:11:43.4658603+02:00" endTime="2016-08-02T08:11:43.4658603+02:00" testType="13cdc9d9-ddb5-4fa4-a97d-d965ccfc6d4b" outcome="Passed" testListId="8c84fa94-04c1-424b-9868-57a2d4851a1d" relativeResultsDirectory="a3fc127f-94c0-4876-a08f-63e338b8b9dd" />
    <UnitTestResult executionId="9a853db3-5e39-4feb-aa6d-b20337511a9f" testId="4b1b7374-f28a-448d-ae15-4507169ffcb7" testName="ConfigurationMessagesTest" computerName="LENOVO-PC" duration="00:00:00.0020000" startTime="2016-08-02T08:11:43.4658603+02:00" endTime="2016-08-02T08:11:43.4658603+02:00" testType="13cdc9d9-ddb5-4fa4-a97d-d965ccfc6d4b" outcome="Passed" testListId="8c84fa94-04c1-424b-9868-57a2d4851a1d" relativeResultsDirectory="9a853db3-5e39-4feb-aa6d-b20337511a9f" />
    <UnitTestResult executionId="19e1b07c-8b5c-43c8-87e4-ae7cc1ae1ef9" testId="3a8dae53-9f05-4c88-8fb3-972df9ce131e" testName="TestConstructorSize0" computerName="LENOVO-PC" duration="00:00:00.0020000" startTime="2016-08-02T08:11:43.4668615+02:00" endTime="2016-08-02T08:11:43.4668615+02:00" testType="13cdc9d9-ddb5-4fa4-a97d-d965ccfc6d4b" outcome="Passed" testListId="8c84fa94-04c1-424b-9868-57a2d4851a1d" relativeResultsDirectory="19e1b07c-8b5c-43c8-87e4-ae7cc1ae1ef9" />
    <UnitTestResult executionId="48138271-ac49-439a-a560-824e5eedf3fa" testId="81e7e7e8-bfbf-496d-a49f-f040a4c2f362" testName="TestSize1" computerName="LENOVO-PC" duration="00:00:00.0010000" startTime="2016-08-02T08:11:43.4668615+02:00" endTime="2016-08-02T08:11:43.4668615+02:00" testType="13cdc9d9-ddb5-4fa4-a97d-d965ccfc6d4b" outcome="Passed" testListId="8c84fa94-04c1-424b-9868-57a2d4851a1d" relativeResultsDirectory="48138271-ac49-439a-a560-824e5eedf3fa" />
    <UnitTestResult executionId="052ecfc0-78ae-424d-8f35-32e651ccfe34" testId="d74b7d22-9c24-4b7c-bf91-064d21297889" testName="TestSize2" computerName="LENOVO-PC" duration="00:00:00.0010000" startTime="2016-08-02T08:11:43.4668615+02:00" endTime="2016-08-02T08:11:43.4668615+02:00" testType="13cdc9d9-ddb5-4fa4-a97d-d965ccfc6d4b" outcome="Passed" testListId="8c84fa94-04c1-424b-9868-57a2d4851a1d" relativeResultsDirectory="052ecfc0-78ae-424d-8f35-32e651ccfe34" />
    <UnitTestResult executionId="9987aa88-f639-4bfa-af45-6ad2da4e1ef3" testId="b75584ec-2a12-40b7-881f-09f9e2598741" testName="ProcessLevelEnvironmentVariable" computerName="LENOVO-PC" duration="00:00:00.0020000" startTime="2016-08-02T08:11:43.4668615+02:00" endTime="2016-08-02T08:11:43.4668615+02:00" testType="13cdc9d9-ddb5-4fa4-a97d-d965ccfc6d4b" outcome="Passed" testListId="8c84fa94-04c1-424b-9868-57a2d4851a1d" relativeResultsDirectory="9987aa88-f639-4bfa-af45-6ad2da4e1ef3" />
    <UnitTestResult executionId="999ac825-59d8-4888-af48-582eb90a813b" testId="12dc14aa-e233-4355-9f32-8df1aa40477a" testName="SystemLevelEnvironmentVariable" computerName="LENOVO-PC" duration="00:00:00.1610000" startTime="2016-08-02T08:11:43.4668615+02:00" endTime="2016-08-02T08:11:43.4668615+02:00" testType="13cdc9d9-ddb5-4fa4-a97d-d965ccfc6d4b" outcome="Passed" testListId="8c84fa94-04c1-424b-9868-57a2d4851a1d" relativeResultsDirectory="999ac825-59d8-4888-af48-582eb90a813b" />
    <UnitTestResult executionId="cf03ca6d-888f-4308-9317-ba4a9c09c4b7" testId="1540d460-1438-49f9-b7c0-f722ffcffa9d" testName="UserLevelEnvironmentVariable" computerName="LENOVO-PC" duration="00:00:00.1920000" startTime="2016-08-02T08:11:43.4678626+02:00" endTime="2016-08-02T08:11:43.4678626+02:00" testType="13cdc9d9-ddb5-4fa4-a97d-d965ccfc6d4b" outcome="Passed" testListId="8c84fa94-04c1-424b-9868-57a2d4851a1d" relativeResultsDirectory="cf03ca6d-888f-4308-9317-ba4a9c09c4b7" />
    <UnitTestResult executionId="46bc5a39-952c-4c62-b4cc-a4516268a84a" testId="7373923d-3c73-4136-9d27-7a793d76b80a" testName="EmitInternalMessages" computerName="LENOVO-PC" duration="00:00:00.0020000" startTime="2016-08-02T08:11:43.4678626+02:00" endTime="2016-08-02T08:11:43.4678626+02:00" testType="13cdc9d9-ddb5-4fa4-a97d-d965ccfc6d4b" outcome="Passed" testListId="8c84fa94-04c1-424b-9868-57a2d4851a1d" relativeResultsDirectory="46bc5a39-952c-4c62-b4cc-a4516268a84a">
      <Output>
        <StdOut>log4net:ERROR Hellolog4net:ERROR World</StdOut>
      </Output>
    </UnitTestResult>
    <UnitTestResult executionId="179403b4-1ad8-40d2-ad05-d285502ad0ca" testId="d18f5bcf-7060-41c7-b8b3-21c3f9318573" testName="LogReceivedAdapter" computerName="LENOVO-PC" duration="00:00:00.0010000" startTime="2016-08-02T08:11:43.4678626+02:00" endTime="2016-08-02T08:11:43.4678626+02:00" testType="13cdc9d9-ddb5-4fa4-a97d-d965ccfc6d4b" outcome="Passed" testListId="8c84fa94-04c1-424b-9868-57a2d4851a1d" relativeResultsDirectory="179403b4-1ad8-40d2-ad05-d285502ad0ca">
      <Output>
        <StdOut>log4net:ERROR This will be recorded.log4net:ERROR This will be recorded.</StdOut>
      </Output>
    </UnitTestResult>
[...]
    <TestEntry testId="53df68b1-146a-4c65-8236-e1ca6cc93872" executionId="fa29038c-c840-4336-9589-1f628a7e7a0f" testListId="8c84fa94-04c1-424b-9868-57a2d4851a1d" />
    <TestEntry testId="0a36448a-5c90-4e69-8fd6-93a966bdf917" executionId="847f93c7-5b02-4408-9359-3f1db21861fe" testListId="8c84fa94-04c1-424b-9868-57a2d4851a1d" />
    <TestEntry testId="740d57a5-d14c-403b-a34d-c1770a58d6da" executionId="e64872db-94d4-43e0-af7c-79d233d950e0" testListId="8c84fa94-04c1-424b-9868-57a2d4851a1d" />
    <TestEntry testId="a799b354-8ee3-41ba-80e3-25fbe9ad3db2" executionId="9560e40d-3e0c-4e6c-92b3-4f7abcfa115a" testListId="8c84fa94-04c1-424b-9868-57a2d4851a1d" />
    <TestEntry testId="69b43c08-3fb5-4656-be1d-9b21c52299f8" executionId="d7bbf633-fd21-4057-9248-31bf84004ed5" testListId="8c84fa94-04c1-424b-9868-57a2d4851a1d" />
    <TestEntry testId="1f756428-dc7c-4e9c-8d20-a60b3fe62d61" executionId="99a61987-c5e4-48a5-a3b2-44ce5c10f4be" testListId="8c84fa94-04c1-424b-9868-57a2d4851a1d" />
    <TestEntry testId="a3e2031f-7dcb-48c6-ad3b-503066d381ef" executionId="c71cab9b-1ddc-4bde-9ab9-5b625b39cde3" testListId="8c84fa94-04c1-424b-9868-57a2d4851a1d" />
    <TestEntry testId="7f116b1e-5b70-4383-9d81-156e2a39c126" executionId="e2fb4c94-3beb-4a60-8617-8e7a881e1316" testListId="8c84fa94-04c1-424b-9868-57a2d4851a1d" />
    <TestEntry testId="35d154e4-297d-4151-9eba-0be28223a77c" executionId="4fd5ca95-5b2b-4197-9487-4f6448e10ced" testListId="8c84fa94-04c1-424b-9868-57a2d4851a1d" />
    <TestEntry testId="9e2da8d8-3f32-452d-9e1e-b00b7341c29f" executionId="3112f54c-3560-4290-83ad-0d93ed4829a7" testListId="8c84fa94-04c1-424b-9868-57a2d4851a1d" />
    <TestEntry testId="a8734fed-0900-4c5c-a5a4-06f8c04da597" executionId="e0b1bc24-d194-4132-b8ea-4f2731473873" testListId="8c84fa94-04c1-424b-9868-57a2d4851a1d" />
    <TestEntry testId="9d90a311-f8f1-4991-aa9f-d6145c30fefc" executionId="e9127f90-bfd6-48d1-9719-e644133c5d9a" testListId="8c84fa94-04c1-424b-9868-57a2d4851a1d" />
    <TestEntry testId="296ecce1-7295-45d7-b94f-eb9cc65c864c" executionId="1972c970-a496-4ae8-b47b-e434bd4d7292" testListId="8c84fa94-04c1-424b-9868-57a2d4851a1d" />
    <TestEntry testId="ba942a39-8645-4482-b049-67feecb87d0e" executionId="33064705-e3de-45b9-bf48-1b64b6670a32" testListId="8c84fa94-04c1-424b-9868-57a2d4851a1d" />
    <TestEntry testId="96b4c9f6-5c70-473f-a651-5cd89537d81d" executionId="54930af2-5a81-4245-9cd1-c5032f6c30d8" testListId="8c84fa94-04c1-424b-9868-57a2d4851a1d" />
    <TestEntry testId="76c35869-eb23-486b-ab14-ec0046fdd9a6" executionId="e3a21bdf-7d56-41eb-b748-678f3a6013fb" testListId="8c84fa94-04c1-424b-9868-57a2d4851a1d" />
    <TestEntry testId="fc062647-cd80-468a-92b4-85d6dda9eef7" executionId="22692bf2-f611-4c0f-b2f7-c03ea378de6f" testListId="8c84fa94-04c1-424b-9868-57a2d4851a1d" />
    <TestEntry testId="652cb7f7-0377-483c-ac5e-79bd7d82aedf" executionId="e3048633-3c64-4f5e-bb70-532c68c9c4ec" testListId="8c84fa94-04c1-424b-9868-57a2d4851a1d" />
    <TestEntry testId="e73d891b-e612-4af6-a61f-4a9f242ba780" executionId="3f84f97a-1a0e-4315-be1c-8d95111a06fc" testListId="8c84fa94-04c1-424b-9868-57a2d4851a1d" />
    <TestEntry testId="f3554138-d126-4c5a-9e53-7aebed250996" executionId="9d32a788-9ab6-455c-9e7b-ec8e0ff6c26b" testListId="8c84fa94-04c1-424b-9868-57a2d4851a1d" />
    <TestEntry testId="a3292289-8b65-41c4-83c5-6576bace5b1a" executionId="fb8bc3e5-e069-45f3-b10a-9bd0c5487147" testListId="8c84fa94-04c1-424b-9868-57a2d4851a1d" />
    <TestEntry testId="262c0069-fe02-4140-88d1-854912ff5721" executionId="d72388cd-e2de-48aa-90d3-21248abbaeb0" testListId="8c84fa94-04c1-424b-9868-57a2d4851a1d" />
    <TestEntry testId="202e5206-a441-4fe7-9eb4-e033044a847f" executionId="ab529728-03cd-4c2a-938a-280fa91c55a5" testListId="8c84fa94-04c1-424b-9868-57a2d4851a1d" />
    <TestEntry testId="8b2553d5-4f75-43ba-bafd-3fa1decb2595" executionId="235e9441-0fde-413e-9a55-a9fe9f027ee4" testListId="8c84fa94-04c1-424b-9868-57a2d4851a1d" />
    <TestEntry testId="97308960-100c-40da-942c-a8024201bdc7" executionId="869f3150-d778-4c2d-b3e7-2a6f2a9bc593" testListId="8c84fa94-04c1-424b-9868-57a2d4851a1d" />
    <TestEntry testId="f4bb6104-d5a9-44fa-958e-3f2dc61b7e11" executionId="8dc3d48c-1741-4d73-ad40-bec0a89c332e" testListId="8c84fa94-04c1-424b-9868-57a2d4851a1d" />
    <TestEntry testId="3ee939c0-a95e-48d3-a826-e6928481c31c" executionId="9596b875-23f6-49de-a607-91cf92dde3ca" testListId="8c84fa94-04c1-424b-9868-57a2d4851a1d" />
    <TestEntry testId="1269e259-8413-4b6e-b423-04345d206e92" executionId="2a01a787-2a64-4143-b791-f395918f8368" testListId="8c84fa94-04c1-424b-9868-57a2d4851a1d" />
    <TestEntry testId="ce96909d-9aab-47b6-abb3-cc1ff86ae8e9" executionId="20032031-43d0-4af5-b683-f85c7e3abcf4" testListId="8c84fa94-04c1-424b-9868-57a2d4851a1d" />
    <TestEntry testId="bbf8baf7-789d-419a-9823-efcb311b9322" executionId="eeae2eb4-fce1-4796-aab9-1d07bbb10dab" testListId="8c84fa94-04c1-424b-9868-57a2d4851a1d" />
    <TestEntry testId="bbd7d073-3d76-4d46-a3b9-d566d82a8388" executionId="53038a38-caf6-4e81-ac8f-f52cd75801b2" testListId="8c84fa94-04c1-424b-9868-57a2d4851a1d" />
    <TestEntry testId="60606b15-84af-4473-b00d-17f6acec1417" executionId="56abb0ae-ae82-401b-995e-98de788f6657" testListId="8c84fa94-04c1-424b-9868-57a2d4851a1d" />
    <TestEntry testId="6c6f6eb6-c070-4ac9-8fd7-6cc0fd892b3a" executionId="a56a1a50-2d42-4141-83f6-2f77e6bd9654" testListId="8c84fa94-04c1-424b-9868-57a2d4851a1d" />
    <TestEntry testId="73d204a3-0163-47f1-a4dd-5538773ee608" executionId="454a2b68-1254-41d5-9392-59cabccd74b5" testListId="8c84fa94-04c1-424b-9868-57a2d4851a1d" />
    <TestEntry testId="ebb1b488-e55d-47e5-849d-ce0abc3b84ed" executionId="ad105066-8656-407d-a5df-f0ba900cafb3" testListId="8c84fa94-04c1-424b-9868-57a2d4851a1d" />
    <TestEntry testId="c53df202-e442-449f-849f-5f0f2e21fd78" executionId="ed0eaf0f-3353-4cd2-8e5d-bd0463266cd1" testListId="8c84fa94-04c1-424b-9868-57a2d4851a1d" />
    <TestEntry testId="42ac54d2-bd77-4028-94cf-e4c0d05e59c5" executionId="6355ee48-e5c9-46e8-a85d-ee345b0a07d7" testListId="8c84fa94-04c1-424b-9868-57a2d4851a1d" />
    <TestEntry testId="260c052b-a9b4-4451-8c0f-a7514f7900c4" executionId="2d113974-52a6-41c6-9f7b-3475230fd5b7" testListId="8c84fa94-04c1-424b-9868-57a2d4851a1d" />
    <TestEntry testId="6894967e-7c9c-43a1-bb29-f549125191f3" executionId="3870c6dd-217a-4975-8186-ea13e3a81937" testListId="8c84fa94-04c1-424b-9868-57a2d4851a1d" />
    <TestEntry testId="1fdf593a-d7be-4dcf-8538-2734bbe36e27" executionId="a3faeec6-5f75-4482-bde5-7a920bc220c5" testListId="8c84fa94-04c1-424b-9868-57a2d4851a1d" />
    <TestEntry testId="a104d64b-e890-4b7e-bfbd-92e87c770604" executionId="c194feaf-788f-47ed-aea8-d543e80add50" testListId="8c84fa94-04c1-424b-9868-57a2d4851a1d" />
    <TestEntry testId="fb86d881-b3c1-498c-9a67-81c7b6035e76" executionId="acf88f4d-bc7b-4b7a-83e9-378a364bfc96" testListId="8c84fa94-04c1-424b-9868-57a2d4851a1d" />
    <TestEntry testId="478466e9-31ee-42e3-8212-05b9e70a23e9" executionId="eba8088a-5e2a-42bc-9eb9-c630c7d67259" testListId="8c84fa94-04c1-424b-9868-57a2d4851a1d" />
    <TestEntry testId="de2bd339-e55b-48bd-96ba-3bd039373450" executionId="b93e2ff3-80cb-497d-b242-8dee863e2c49" testListId="8c84fa94-04c1-424b-9868-57a2d4851a1d" />
    <TestEntry testId="5370005a-1a54-4b1f-9ec5-e1d5ae6674cb" executionId="218079ae-8fcb-49be-9333-01454f969738" testListId="8c84fa94-04c1-424b-9868-57a2d4851a1d" />
    <TestEntry testId="0f92af73-877c-4b1f-b693-ce54b174de27" executionId="d670bcd0-dfd0-48eb-ade0-c63f59e0809f" testListId="8c84fa94-04c1-424b-9868-57a2d4851a1d" />
    <TestEntry testId="c2af7bd7-ab6b-410b-bf29-e36395877a66" executionId="f264e209-b1cd-4f1f-9910-29859c6c1941" testListId="8c84fa94-04c1-424b-9868-57a2d4851a1d" />
    <TestEntry testId="da8e3603-ef30-4c7f-a913-a59135483d3b" executionId="008b7d63-d1fe-4b03-99bb-89c2a955b42c" testListId="8c84fa94-04c1-424b-9868-57a2d4851a1d" />
    <TestEntry testId="20b3a536-0d84-4b43-9585-aaa6642a1a5f" executionId="2a6a45eb-69e1-46ff-ae08-2c21b955444e" testListId="8c84fa94-04c1-424b-9868-57a2d4851a1d" />
    <TestEntry testId="dfe2c951-9ec9-418b-840a-6e0e3ff01e24" executionId="b5a6c2e0-1360-442b-bd78-a935b45bc0d0" testListId="8c84fa94-04c1-424b-9868-57a2d4851a1d" />
    <TestEntry testId="3ddfbbcb-4cf6-4420-89af-c250cdc30c57" executionId="f0af19c4-e23f-4376-85a9-4411db1837cc" testListId="8c84fa94-04c1-424b-9868-57a2d4851a1d" />
    <TestEntry testId="c7215163-23fd-41a4-9da5-c73bfaf0084d" executionId="c94adb68-058e-460a-877c-47f181efd934" testListId="8c84fa94-04c1-424b-9868-57a2d4851a1d" />
    <TestEntry testId="27d1ab50-34f5-45b9-adfb-d4685bb96e48" executionId="9daaf00a-e660-4749-af28-32bc3e1775f5" testListId="8c84fa94-04c1-424b-9868-57a2d4851a1d" />
    <TestEntry testId="af7ed0eb-9dc6-4f8b-b36e-8339fbbabc71" executionId="50d85850-deff-461a-9a99-c6c6532f5592" testListId="8c84fa94-04c1-424b-9868-57a2d4851a1d" />
    <TestEntry testId="9f1a1439-840e-4b87-81dd-047f13809235" executionId="dc66fd9a-8bd8-4d9c-bddc-6f1e66c04272" testListId="8c84fa94-04c1-424b-9868-57a2d4851a1d" />
    <TestEntry testId="e4fe6742-1662-4cb3-9d0e-89b2ec5a0122" executionId="90cf9464-78d6-4c53-ab7b-b024520bb23f" testListId="8c84fa94-04c1-424b-9868-57a2d4851a1d" />
    <TestEntry testId="5496ef77-4d1e-42dd-960e-f621053f6778" executionId="b19041b6-e0ef-4b0b-8b8f-3f19f8991b5f" testListId="8c84fa94-04c1-424b-9868-57a2d4851a1d" />
    <TestEntry testId="801ff072-658b-431c-9822-50cf272fb993" executionId="e85c6831-bbf9-4361-a84a-3d5ef9cbb9ac" testListId="8c84fa94-04c1-424b-9868-57a2d4851a1d" />
    <TestEntry testId="a35833d4-50d9-4d8d-b66e-19e117902da3" executionId="00e92348-2413-49e9-ab2f-2773886b5ea6" testListId="8c84fa94-04c1-424b-9868-57a2d4851a1d" />
    <TestEntry testId="1d8433cb-ceed-4605-8ece-556c56300b0c" executionId="4f7d2275-79fe-45bc-8c70-9986da3eaea8" testListId="8c84fa94-04c1-424b-9868-57a2d4851a1d" />
    <TestEntry testId="d41ec6cc-840b-4afa-a39b-878b34b49cdc" executionId="996be477-7c55-42c1-8a8b-745dff9b784e" testListId="8c84fa94-04c1-424b-9868-57a2d4851a1d" />
    <TestEntry testId="77c9d513-b690-4114-9a4f-33eee55092be" executionId="45b9dec4-984d-4527-af86-effdcce134c4" testListId="8c84fa94-04c1-424b-9868-57a2d4851a1d" />
    <TestEntry testId="96d1f4fc-0bcf-47bd-b909-d8610f7df022" executionId="a753cc0f-6e9f-43fc-8b3d-1da85b64d825" testListId="8c84fa94-04c1-424b-9868-57a2d4851a1d" />
    <TestEntry testId="a1d853dc-702e-4272-8fb2-340ebaaa1e83" executionId="cbe75294-a504-4eb7-bbf1-02320175ecb3" testListId="8c84fa94-04c1-424b-9868-57a2d4851a1d" />
    <TestEntry testId="9270d449-b11a-40bc-9285-ef59fb7d10a8" executionId="a3fc127f-94c0-4876-a08f-63e338b8b9dd" testListId="8c84fa94-04c1-424b-9868-57a2d4851a1d" />
    <TestEntry testId="4b1b7374-f28a-448d-ae15-4507169ffcb7" executionId="9a853db3-5e39-4feb-aa6d-b20337511a9f" testListId="8c84fa94-04c1-424b-9868-57a2d4851a1d" />
    <TestEntry testId="3a8dae53-9f05-4c88-8fb3-972df9ce131e" executionId="19e1b07c-8b5c-43c8-87e4-ae7cc1ae1ef9" testListId="8c84fa94-04c1-424b-9868-57a2d4851a1d" />
    <TestEntry testId="81e7e7e8-bfbf-496d-a49f-f040a4c2f362" executionId="48138271-ac49-439a-a560-824e5eedf3fa" testListId="8c84fa94-04c1-424b-9868-57a2d4851a1d" />
    <TestEntry testId="d74b7d22-9c24-4b7c-bf91-064d21297889" executionId="052ecfc0-78ae-424d-8f35-32e651ccfe34" testListId="8c84fa94-04c1-424b-9868-57a2d4851a1d" />
    <TestEntry testId="b75584ec-2a12-40b7-881f-09f9e2598741" executionId="9987aa88-f639-4bfa-af45-6ad2da4e1ef3" testListId="8c84fa94-04c1-424b-9868-57a2d4851a1d" />
    <TestEntry testId="12dc14aa-e233-4355-9f32-8df1aa40477a" executionId="999ac825-59d8-4888-af48-582eb90a813b" testListId="8c84fa94-04c1-424b-9868-57a2d4851a1d" />
    <TestEntry testId="1540d460-1438-49f9-b7c0-f722ffcffa9d" executionId="cf03ca6d-888f-4308-9317-ba4a9c09c4b7" testListId="8c84fa94-04c1-424b-9868-57a2d4851a1d" />
    <TestEntry testId="7373923d-3c73-4136-9d27-7a793d76b80a" executionId="46bc5a39-952c-4c62-b4cc-a4516268a84a" testListId="8c84fa94-04c1-424b-9868-57a2d4851a1d" />
    <TestEntry testId="d18f5bcf-7060-41c7-b8b3-21c3f9318573" executionId="179403b4-1ad8-40d2-ad05-d285502ad0ca" testListId="8c84fa94-04c1-424b-9868-57a2d4851a1d" />
    <TestEntry testId="86b507a2-293b-4ebf-bce7-62f31a910f9e" executionId="f0f3a13b-d9d1-45e5-af41-9c0a381ffcb6" testListId="8c84fa94-04c1-424b-9868-57a2d4851a1d" />
    <TestEntry testId="4fe9a0bd-2b70-4727-a8d0-5f13dc1bf38d" executionId="b2c917de-17e0-4cac-aa06-57c1333caab1" testListId="8c84fa94-04c1-424b-9868-57a2d4851a1d" />
    <TestEntry testId="13cc2f67-b4c3-4030-b14b-6cf17eb0af64" executionId="6c85570a-f646-4f94-b60f-a011aea27637" testListId="8c84fa94-04c1-424b-9868-57a2d4851a1d" />
    <TestEntry testId="02437843-b79e-4842-bfd7-2925d273fbe2" executionId="07c4404a-f4e7-4e46-9835-7d4cdac94385" testListId="8c84fa94-04c1-424b-9868-57a2d4851a1d" />
    <TestEntry testId="0c3cbbbc-7d97-4a00-b4ee-897306e38130" executionId="ec2ebd9e-bc67-41ac-83dc-939ec6e35b56" testListId="8c84fa94-04c1-424b-9868-57a2d4851a1d" />
    <TestEntry testId="65493d9e-797b-452d-8023-c63545fb8502" executionId="a2a6f190-ff60-44be-8704-4833b1fa499b" testListId="8c84fa94-04c1-424b-9868-57a2d4851a1d" />
    <TestEntry testId="c73bec8f-3b3f-4acf-b6ca-b64d66085ef6" executionId="02917856-cd3d-4960-8870-a2a883b2d176" testListId="8c84fa94-04c1-424b-9868-57a2d4851a1d" />
    <TestEntry testId="c4589cf1-5549-482d-9f86-076af56b98fd" executionId="1c78a6d8-32d6-43a2-a21b-b0afc8479602" testListId="8c84fa94-04c1-424b-9868-57a2d4851a1d" />
    <TestEntry testId="caf7b701-2b37-4127-a38e-8d4afc332c92" executionId="44b9b8df-d121-4d02-a8dc-95b65eb06766" testListId="8c84fa94-04c1-424b-9868-57a2d4851a1d" />
    <TestEntry testId="32af2979-39a8-46f9-a044-056016f5606a" executionId="f7695ac7-1cf7-406c-bb08-210617d13adf" testListId="8c84fa94-04c1-424b-9868-57a2d4851a1d" />
    <TestEntry testId="e6e3ada1-5bbc-4f12-ae10-ca0d01972811" executionId="d896b6b5-c274-46ac-8314-bbcff1a26213" testListId="8c84fa94-04c1-424b-9868-57a2d4851a1d" />
    <TestEntry testId="040eaed9-cd3b-40ea-adfa-3ec810bbcf48" executionId="3cb84650-5b44-494b-9d5c-551bc5222bfd" testListId="8c84fa94-04c1-424b-9868-57a2d4851a1d" />
    <TestEntry testId="4a4af0ae-a1d1-4907-82bb-d7b88be2f8dd" executionId="792c53c2-b2d1-4cb2-bacc-0cd868b6d08b" testListId="8c84fa94-04c1-424b-9868-57a2d4851a1d" />
    <TestEntry testId="27270751-9a99-4577-980c-ff0e1cede556" executionId="8a47c752-3e2a-4e58-9452-2a322813d7fc" testListId="8c84fa94-04c1-424b-9868-57a2d4851a1d" />
    <TestEntry testId="eea1773d-71da-4345-abdc-8445e2ee5ceb" executionId="2151a8b3-b72c-4ec4-8784-cefd032a48c7" testListId="8c84fa94-04c1-424b-9868-57a2d4851a1d" />
  </TestEntries>
  <TestLists>
    <TestList name="Results Not in a List" id="8c84fa94-04c1-424b-9868-57a2d4851a1d" />
    <TestList name="All Loaded Results" id="19431567-8539-422a-85d7-44ee4e166bda" />
  </TestLists>
  <ResultSummary outcome="Failed">
    <Counters total="170" executed="165" passed="164" failed="1" error="0" timeout="0" aborted="0" inconclusive="0" passedButRunAborted="0" notRunnable="0" notExecuted="0" disconnected="0" warning="0" completed="0" inProgress="0" pending="0" />
    <Output>
      <StdOut>NUnit VS Adapter 2.0.0.0 executing tests is startedLoading tests from C:\src\log4net\tests\bin\Debug\log4net.Tests.dllRun started: C:\src\log4net\tests\bin\Debug\log4net.Tests.dllDeleting test file test_41d3d834_4320f4da.logDeleting test file test_41d3d834_4320f4da.log.1Deleting test file test_41d3d834_4320f4da.logDeleting test file test_41d3d834_4320f4da.log.1Deleting test file test_41d3d834_4320f4da.log.2Deleting test file test_41d3d834_4320f4da.log.3Deleting test file test_41d3d834_4320f4da.logDeleting test file test_41d3d834_4320f4da.log.1Deleting test file test_41d3d834_4320f4da.log.2Deleting test file test_41d3d834_4320f4da.log.3Deleting test file test_41d3d834_4320f4da.log.4Deleting test file test_41d3d834_4320f4da.log.5Deleting test file test_41d3d834_4320f4da.logDeleting test file test_41d3d834_4320f4da.logDeleting test file test_41d3d834_4320f4da.log.3Deleting test file test_41d3d834_4320f4da.log.4Deleting test file test_41d3d834_4320f4da.log.5Deleting test file test_41d3d834_4320f4da.logDeleting test file test_41d3d834_4320f4da.log.1Deleting test file test_41d3d834_4320f4da.log.2Deleting test file test_41d3d834_4320f4da.log.3Deleting test file test_41d3d834_4320f4da.log.4Deleting test file test_41d3d834_4320f4da.log.5Deleting test file test_41d3d834_4320f4da.logTest 'TestInitialization3' was skipped in the test run.Test 'TestInitialization4' was skipped in the test run.Test 'TestInitialization5' was skipped in the test run.Test 'TestInitialization6' was skipped in the test run.Test 'TestInitialization7' was skipped in the test run.log4net:WARN Exception while rendering format [IGNORE THIS WARNING - EXCEPTION EXPECTED Before {0} After {1} {2}]System.FormatException: Index (zero based) must be greater than or equal to zero and less than the size of the argument list.
   at System.Text.StringBuilder.AppendFormatHelper(IFormatProvider provider, String format, ParamsArray args)
   at System.String.FormatHelper(IFormatProvider provider, String format, ParamsArray args)
   at System.String.Format(IFormatProvider provider, String format, Object[] args)
   at log4net.Util.SystemStringFormat.StringFormat(IFormatProvider provider, String format, Object[] args) in c:\src\log4net\src\Util\SystemStringFormat.cs:line 105log4net:ERROR Hellolog4net:ERROR Worldlog4net:ERROR This will be recorded.log4net:ERROR This will be recorded.NUnit VS Adapter 2.0.0.0 executing tests is finished</StdOut>
    </Output>
    <RunInfos>
      <RunInfo computerName="LENOVO-PC" outcome="Warning" timestamp="2016-08-02T08:11:24.9124854+02:00">
        <Text>No source data found for log4net.Tests.Layout.DynamicPatternLayoutTest.NamedPatternConverterWithoutPrecisionShouldReturnFullName</Text>
      </RunInfo>
      <RunInfo computerName="LENOVO-PC" outcome="Warning" timestamp="2016-08-02T08:11:24.9134852+02:00">
        <Text>No source data found for log4net.Tests.Layout.DynamicPatternLayoutTest.NamedPatternConverterWithPrecision1ShouldStripLeadingStuffIfPresent</Text>
      </RunInfo>
      <RunInfo computerName="LENOVO-PC" outcome="Warning" timestamp="2016-08-02T08:11:24.9134852+02:00">
        <Text>No source data found for log4net.Tests.Layout.DynamicPatternLayoutTest.NamedPatternConverterWithPrecision2ShouldStripLessLeadingStuffIfPresent</Text>
      </RunInfo>
      <RunInfo computerName="LENOVO-PC" outcome="Warning" timestamp="2016-08-02T08:11:24.9144851+02:00">
        <Text>No source data found for log4net.Tests.Layout.DynamicPatternLayoutTest.TestAddingCustomPattern</Text>
      </RunInfo>
      <RunInfo computerName="LENOVO-PC" outcome="Warning" timestamp="2016-08-02T08:11:24.9144851+02:00">
        <Text>No source data found for log4net.Tests.Layout.DynamicPatternLayoutTest.TestExceptionPattern</Text>
      </RunInfo>
      <RunInfo computerName="LENOVO-PC" outcome="Warning" timestamp="2016-08-02T08:11:24.9154884+02:00">
        <Text>No source data found for log4net.Tests.Layout.DynamicPatternLayoutTest.TestGlobalPropertiesPattern</Text>
      </RunInfo>
      <RunInfo computerName="LENOVO-PC" outcome="Warning" timestamp="2016-08-02T08:11:24.9154884+02:00">
        <Text>No source data found for log4net.Tests.Layout.DynamicPatternLayoutTest.TestStackTracePattern</Text>
      </RunInfo>
      <RunInfo computerName="LENOVO-PC" outcome="Warning" timestamp="2016-08-02T08:11:24.9154884+02:00">
        <Text>No source data found for log4net.Tests.Layout.DynamicPatternLayoutTest.TestThreadPropertiesPattern</Text>
      </RunInfo>
    </RunInfos>
  </ResultSummary>
</TestRun>